{"/home/valentin/projects/ArtiCo/API/controllers/auth-controller.js": {"path":"/home/valentin/projects/ArtiCo/API/controllers/auth-controller.js","all":false,"statementMap":{"0":{"start":{"line":1,"column":0},"end":{"line":1,"column":59}},"1":{"start":{"line":2,"column":0},"end":{"line":2,"column":59}},"2":{"start":{"line":3,"column":0},"end":{"line":3,"column":69}},"3":{"start":{"line":4,"column":0},"end":{"line":4,"column":0}},"4":{"start":{"line":5,"column":0},"end":{"line":5,"column":54}},"5":{"start":{"line":6,"column":0},"end":{"line":6,"column":60}},"6":{"start":{"line":7,"column":0},"end":{"line":7,"column":0}},"7":{"start":{"line":8,"column":0},"end":{"line":8,"column":19}},"8":{"start":{"line":9,"column":0},"end":{"line":9,"column":19}},"9":{"start":{"line":10,"column":0},"end":{"line":10,"column":23}},"10":{"start":{"line":11,"column":0},"end":{"line":11,"column":25}},"11":{"start":{"line":12,"column":0},"end":{"line":12,"column":14}},"12":{"start":{"line":13,"column":0},"end":{"line":13,"column":4}},"13":{"start":{"line":14,"column":0},"end":{"line":14,"column":0}},"14":{"start":{"line":15,"column":0},"end":{"line":15,"column":23}},"15":{"start":{"line":16,"column":0},"end":{"line":16,"column":66}},"16":{"start":{"line":17,"column":0},"end":{"line":17,"column":3}},"17":{"start":{"line":18,"column":0},"end":{"line":18,"column":0}},"18":{"start":{"line":19,"column":0},"end":{"line":19,"column":17}},"19":{"start":{"line":20,"column":0},"end":{"line":20,"column":2}},"20":{"start":{"line":21,"column":0},"end":{"line":21,"column":0}},"21":{"start":{"line":22,"column":0},"end":{"line":22,"column":18}},"22":{"start":{"line":23,"column":0},"end":{"line":23,"column":36}},"23":{"start":{"line":24,"column":0},"end":{"line":24,"column":9}},"24":{"start":{"line":25,"column":0},"end":{"line":25,"column":43}},"25":{"start":{"line":26,"column":0},"end":{"line":26,"column":60}},"26":{"start":{"line":27,"column":0},"end":{"line":27,"column":0}},"27":{"start":{"line":28,"column":0},"end":{"line":28,"column":70}},"28":{"start":{"line":29,"column":0},"end":{"line":29,"column":72}},"29":{"start":{"line":30,"column":0},"end":{"line":30,"column":0}},"30":{"start":{"line":31,"column":0},"end":{"line":31,"column":35}},"31":{"start":{"line":32,"column":0},"end":{"line":32,"column":24}},"32":{"start":{"line":33,"column":0},"end":{"line":33,"column":20}},"33":{"start":{"line":34,"column":0},"end":{"line":34,"column":9}},"34":{"start":{"line":35,"column":0},"end":{"line":35,"column":21}},"35":{"start":{"line":36,"column":0},"end":{"line":36,"column":18}},"36":{"start":{"line":37,"column":0},"end":{"line":37,"column":22}},"37":{"start":{"line":38,"column":0},"end":{"line":38,"column":57}},"38":{"start":{"line":39,"column":0},"end":{"line":39,"column":30}},"39":{"start":{"line":40,"column":0},"end":{"line":40,"column":10}},"40":{"start":{"line":41,"column":0},"end":{"line":41,"column":8}},"41":{"start":{"line":42,"column":0},"end":{"line":42,"column":5}},"42":{"start":{"line":43,"column":0},"end":{"line":43,"column":4}},"43":{"start":{"line":44,"column":0},"end":{"line":44,"column":0}},"44":{"start":{"line":45,"column":0},"end":{"line":45,"column":39}},"45":{"start":{"line":46,"column":0},"end":{"line":46,"column":9}},"46":{"start":{"line":47,"column":0},"end":{"line":47,"column":49}},"47":{"start":{"line":48,"column":0},"end":{"line":48,"column":69}},"48":{"start":{"line":49,"column":0},"end":{"line":49,"column":0}},"49":{"start":{"line":50,"column":0},"end":{"line":50,"column":70}},"50":{"start":{"line":51,"column":0},"end":{"line":51,"column":72}},"51":{"start":{"line":52,"column":0},"end":{"line":52,"column":0}},"52":{"start":{"line":53,"column":0},"end":{"line":53,"column":35}},"53":{"start":{"line":54,"column":0},"end":{"line":54,"column":24}},"54":{"start":{"line":55,"column":0},"end":{"line":55,"column":20}},"55":{"start":{"line":56,"column":0},"end":{"line":56,"column":9}},"56":{"start":{"line":57,"column":0},"end":{"line":57,"column":21}},"57":{"start":{"line":58,"column":0},"end":{"line":58,"column":18}},"58":{"start":{"line":59,"column":0},"end":{"line":59,"column":22}},"59":{"start":{"line":60,"column":0},"end":{"line":60,"column":66}},"60":{"start":{"line":61,"column":0},"end":{"line":61,"column":30}},"61":{"start":{"line":62,"column":0},"end":{"line":62,"column":10}},"62":{"start":{"line":63,"column":0},"end":{"line":63,"column":8}},"63":{"start":{"line":64,"column":0},"end":{"line":64,"column":5}},"64":{"start":{"line":65,"column":0},"end":{"line":65,"column":4}},"65":{"start":{"line":66,"column":0},"end":{"line":66,"column":0}},"66":{"start":{"line":67,"column":0},"end":{"line":67,"column":36}},"67":{"start":{"line":68,"column":0},"end":{"line":68,"column":9}},"68":{"start":{"line":69,"column":0},"end":{"line":69,"column":36}},"69":{"start":{"line":70,"column":0},"end":{"line":70,"column":69}},"70":{"start":{"line":71,"column":0},"end":{"line":71,"column":0}},"71":{"start":{"line":72,"column":0},"end":{"line":72,"column":70}},"72":{"start":{"line":73,"column":0},"end":{"line":73,"column":72}},"73":{"start":{"line":74,"column":0},"end":{"line":74,"column":0}},"74":{"start":{"line":75,"column":0},"end":{"line":75,"column":35}},"75":{"start":{"line":76,"column":0},"end":{"line":76,"column":24}},"76":{"start":{"line":77,"column":0},"end":{"line":77,"column":20}},"77":{"start":{"line":78,"column":0},"end":{"line":78,"column":9}},"78":{"start":{"line":79,"column":0},"end":{"line":79,"column":21}},"79":{"start":{"line":80,"column":0},"end":{"line":80,"column":18}},"80":{"start":{"line":81,"column":0},"end":{"line":81,"column":22}},"81":{"start":{"line":82,"column":0},"end":{"line":82,"column":75}},"82":{"start":{"line":83,"column":0},"end":{"line":83,"column":30}},"83":{"start":{"line":84,"column":0},"end":{"line":84,"column":10}},"84":{"start":{"line":85,"column":0},"end":{"line":85,"column":8}},"85":{"start":{"line":86,"column":0},"end":{"line":86,"column":5}},"86":{"start":{"line":87,"column":0},"end":{"line":87,"column":4}},"87":{"start":{"line":88,"column":0},"end":{"line":88,"column":0}},"88":{"start":{"line":89,"column":0},"end":{"line":89,"column":38}},"89":{"start":{"line":90,"column":0},"end":{"line":90,"column":9}},"90":{"start":{"line":91,"column":0},"end":{"line":91,"column":70}},"91":{"start":{"line":92,"column":0},"end":{"line":92,"column":18}},"92":{"start":{"line":93,"column":0},"end":{"line":93,"column":67}},"93":{"start":{"line":94,"column":0},"end":{"line":94,"column":37}},"94":{"start":{"line":95,"column":0},"end":{"line":95,"column":16}},"95":{"start":{"line":96,"column":0},"end":{"line":96,"column":11}},"96":{"start":{"line":97,"column":0},"end":{"line":97,"column":14}},"97":{"start":{"line":98,"column":0},"end":{"line":98,"column":38}},"98":{"start":{"line":99,"column":0},"end":{"line":99,"column":7}},"99":{"start":{"line":100,"column":0},"end":{"line":100,"column":21}},"100":{"start":{"line":101,"column":0},"end":{"line":101,"column":18}},"101":{"start":{"line":102,"column":0},"end":{"line":102,"column":79}},"102":{"start":{"line":103,"column":0},"end":{"line":103,"column":8}},"103":{"start":{"line":104,"column":0},"end":{"line":104,"column":5}},"104":{"start":{"line":105,"column":0},"end":{"line":105,"column":4}},"105":{"start":{"line":106,"column":0},"end":{"line":106,"column":0}},"106":{"start":{"line":107,"column":0},"end":{"line":107,"column":45}},"107":{"start":{"line":108,"column":0},"end":{"line":108,"column":9}},"108":{"start":{"line":109,"column":0},"end":{"line":109,"column":55}},"109":{"start":{"line":110,"column":0},"end":{"line":110,"column":36}},"110":{"start":{"line":111,"column":0},"end":{"line":111,"column":21}},"111":{"start":{"line":112,"column":0},"end":{"line":112,"column":18}},"112":{"start":{"line":113,"column":0},"end":{"line":113,"column":79}},"113":{"start":{"line":114,"column":0},"end":{"line":114,"column":8}},"114":{"start":{"line":115,"column":0},"end":{"line":115,"column":5}},"115":{"start":{"line":116,"column":0},"end":{"line":116,"column":4}},"116":{"start":{"line":117,"column":0},"end":{"line":117,"column":0}},"117":{"start":{"line":118,"column":0},"end":{"line":118,"column":31}},"118":{"start":{"line":119,"column":0},"end":{"line":119,"column":9}},"119":{"start":{"line":120,"column":0},"end":{"line":120,"column":24}},"120":{"start":{"line":121,"column":0},"end":{"line":121,"column":50}},"121":{"start":{"line":122,"column":0},"end":{"line":122,"column":30}},"122":{"start":{"line":123,"column":0},"end":{"line":123,"column":11}},"123":{"start":{"line":124,"column":0},"end":{"line":124,"column":7}},"124":{"start":{"line":125,"column":0},"end":{"line":125,"column":63}},"125":{"start":{"line":126,"column":0},"end":{"line":126,"column":63}},"126":{"start":{"line":127,"column":0},"end":{"line":127,"column":35}},"127":{"start":{"line":128,"column":0},"end":{"line":128,"column":22}},"128":{"start":{"line":129,"column":0},"end":{"line":129,"column":43}},"129":{"start":{"line":130,"column":0},"end":{"line":130,"column":9}},"130":{"start":{"line":131,"column":0},"end":{"line":131,"column":21}},"131":{"start":{"line":132,"column":0},"end":{"line":132,"column":28}},"132":{"start":{"line":133,"column":0},"end":{"line":133,"column":29}},"133":{"start":{"line":134,"column":0},"end":{"line":134,"column":9}},"134":{"start":{"line":135,"column":0},"end":{"line":135,"column":5}},"135":{"start":{"line":136,"column":0},"end":{"line":136,"column":4}},"136":{"start":{"line":137,"column":0},"end":{"line":137,"column":2}}},"s":{"0":1,"1":1,"2":1,"3":1,"4":1,"5":9,"6":9,"7":9,"8":9,"9":9,"10":9,"11":9,"12":9,"13":9,"14":9,"15":4,"16":4,"17":9,"18":9,"19":9,"20":1,"21":1,"22":1,"23":3,"24":3,"25":3,"26":1,"27":1,"28":1,"29":1,"30":1,"31":1,"32":1,"33":1,"34":3,"35":2,"36":2,"37":2,"38":2,"39":2,"40":2,"41":2,"42":1,"43":1,"44":1,"45":2,"46":2,"47":2,"48":1,"49":1,"50":1,"51":1,"52":1,"53":1,"54":1,"55":1,"56":1,"57":1,"58":1,"59":1,"60":1,"61":1,"62":1,"63":1,"64":1,"65":1,"66":1,"67":1,"68":1,"69":1,"70":1,"71":1,"72":1,"73":1,"74":1,"75":1,"76":1,"77":1,"78":1,"79":0,"80":0,"81":0,"82":0,"83":0,"84":0,"85":0,"86":1,"87":1,"88":1,"89":3,"90":3,"91":3,"92":1,"93":1,"94":1,"95":1,"96":1,"97":1,"98":1,"99":3,"100":1,"101":1,"102":1,"103":1,"104":1,"105":1,"106":1,"107":2,"108":2,"109":1,"110":1,"111":1,"112":1,"113":1,"114":1,"115":1,"116":1,"117":1,"118":1,"119":1,"120":1,"121":1,"122":1,"123":1,"124":1,"125":1,"126":1,"127":1,"128":1,"129":1,"130":1,"131":0,"132":0,"133":0,"134":0,"135":1,"136":1},"branchMap":{"0":{"type":"branch","line":5,"loc":{"start":{"line":5,"column":25},"end":{"line":20,"column":2}},"locations":[{"start":{"line":5,"column":25},"end":{"line":20,"column":2}}]},"1":{"type":"branch","line":15,"loc":{"start":{"line":15,"column":22},"end":{"line":17,"column":3}},"locations":[{"start":{"line":15,"column":22},"end":{"line":17,"column":3}}]},"2":{"type":"branch","line":23,"loc":{"start":{"line":23,"column":9},"end":{"line":43,"column":3}},"locations":[{"start":{"line":23,"column":9},"end":{"line":43,"column":3}}]},"3":{"type":"branch","line":26,"loc":{"start":{"line":26,"column":59},"end":{"line":35,"column":6}},"locations":[{"start":{"line":26,"column":59},"end":{"line":35,"column":6}}]},"4":{"type":"branch","line":35,"loc":{"start":{"line":35,"column":6},"end":{"line":42,"column":5}},"locations":[{"start":{"line":35,"column":6},"end":{"line":42,"column":5}}]},"5":{"type":"branch","line":38,"loc":{"start":{"line":38,"column":23},"end":{"line":38,"column":56}},"locations":[{"start":{"line":38,"column":23},"end":{"line":38,"column":56}}]},"6":{"type":"branch","line":39,"loc":{"start":{"line":39,"column":22},"end":{"line":39,"column":30}},"locations":[{"start":{"line":39,"column":22},"end":{"line":39,"column":30}}]},"7":{"type":"branch","line":45,"loc":{"start":{"line":45,"column":12},"end":{"line":65,"column":3}},"locations":[{"start":{"line":45,"column":12},"end":{"line":65,"column":3}}]},"8":{"type":"branch","line":48,"loc":{"start":{"line":48,"column":68},"end":{"line":64,"column":5}},"locations":[{"start":{"line":48,"column":68},"end":{"line":64,"column":5}}]},"9":{"type":"branch","line":60,"loc":{"start":{"line":60,"column":23},"end":{"line":60,"column":65}},"locations":[{"start":{"line":60,"column":23},"end":{"line":60,"column":65}}]},"10":{"type":"branch","line":61,"loc":{"start":{"line":61,"column":22},"end":{"line":61,"column":30}},"locations":[{"start":{"line":61,"column":22},"end":{"line":61,"column":30}}]},"11":{"type":"branch","line":67,"loc":{"start":{"line":67,"column":9},"end":{"line":87,"column":3}},"locations":[{"start":{"line":67,"column":9},"end":{"line":87,"column":3}}]},"12":{"type":"branch","line":79,"loc":{"start":{"line":79,"column":6},"end":{"line":86,"column":5}},"locations":[{"start":{"line":79,"column":6},"end":{"line":86,"column":5}}]},"13":{"type":"branch","line":89,"loc":{"start":{"line":89,"column":11},"end":{"line":105,"column":3}},"locations":[{"start":{"line":89,"column":11},"end":{"line":105,"column":3}}]},"14":{"type":"branch","line":91,"loc":{"start":{"line":91,"column":69},"end":{"line":92,"column":17}},"locations":[{"start":{"line":91,"column":69},"end":{"line":92,"column":17}}]},"15":{"type":"branch","line":92,"loc":{"start":{"line":92,"column":17},"end":{"line":99,"column":7}},"locations":[{"start":{"line":92,"column":17},"end":{"line":99,"column":7}}]},"16":{"type":"branch","line":100,"loc":{"start":{"line":100,"column":6},"end":{"line":104,"column":5}},"locations":[{"start":{"line":100,"column":6},"end":{"line":104,"column":5}}]},"17":{"type":"branch","line":102,"loc":{"start":{"line":102,"column":42},"end":{"line":102,"column":79}},"locations":[{"start":{"line":102,"column":42},"end":{"line":102,"column":79}}]},"18":{"type":"branch","line":107,"loc":{"start":{"line":107,"column":18},"end":{"line":116,"column":3}},"locations":[{"start":{"line":107,"column":18},"end":{"line":116,"column":3}}]},"19":{"type":"branch","line":109,"loc":{"start":{"line":109,"column":54},"end":{"line":115,"column":5}},"locations":[{"start":{"line":109,"column":54},"end":{"line":115,"column":5}}]},"20":{"type":"branch","line":113,"loc":{"start":{"line":113,"column":34},"end":{"line":113,"column":42}},"locations":[{"start":{"line":113,"column":34},"end":{"line":113,"column":42}}]},"21":{"type":"branch","line":118,"loc":{"start":{"line":118,"column":10},"end":{"line":136,"column":4}},"locations":[{"start":{"line":118,"column":10},"end":{"line":136,"column":4}}]},"22":{"type":"branch","line":131,"loc":{"start":{"line":131,"column":6},"end":{"line":135,"column":5}},"locations":[{"start":{"line":131,"column":6},"end":{"line":135,"column":5}}]}},"b":{"0":[9],"1":[4],"2":[3],"3":[1],"4":[2],"5":[0],"6":[1],"7":[2],"8":[1],"9":[0],"10":[0],"11":[1],"12":[0],"13":[3],"14":[2],"15":[1],"16":[1],"17":[0],"18":[2],"19":[1],"20":[0],"21":[1],"22":[0]},"fnMap":{"0":{"name":"getCookieOptions","decl":{"start":{"line":5,"column":25},"end":{"line":20,"column":2}},"loc":{"start":{"line":5,"column":25},"end":{"line":20,"column":2}},"line":5},"1":{"name":"login","decl":{"start":{"line":23,"column":9},"end":{"line":43,"column":3}},"loc":{"start":{"line":23,"column":9},"end":{"line":43,"column":3}},"line":23},"2":{"name":"register","decl":{"start":{"line":45,"column":12},"end":{"line":65,"column":3}},"loc":{"start":{"line":45,"column":12},"end":{"line":65,"column":3}},"line":45},"3":{"name":"reset","decl":{"start":{"line":67,"column":9},"end":{"line":87,"column":3}},"loc":{"start":{"line":67,"column":9},"end":{"line":87,"column":3}},"line":67},"4":{"name":"refresh","decl":{"start":{"line":89,"column":11},"end":{"line":105,"column":3}},"loc":{"start":{"line":89,"column":11},"end":{"line":105,"column":3}},"line":89},"5":{"name":"forgotPassword","decl":{"start":{"line":107,"column":18},"end":{"line":116,"column":3}},"loc":{"start":{"line":107,"column":18},"end":{"line":116,"column":3}},"line":107},"6":{"name":"logout","decl":{"start":{"line":118,"column":10},"end":{"line":136,"column":4}},"loc":{"start":{"line":118,"column":10},"end":{"line":136,"column":4}},"line":118}},"f":{"0":9,"1":3,"2":2,"3":1,"4":3,"5":2,"6":1}}
,"/home/valentin/projects/ArtiCo/API/controllers/categorie-controller.js": {"path":"/home/valentin/projects/ArtiCo/API/controllers/categorie-controller.js","all":false,"statementMap":{"0":{"start":{"line":1,"column":0},"end":{"line":1,"column":69}},"1":{"start":{"line":2,"column":0},"end":{"line":2,"column":0}},"2":{"start":{"line":3,"column":0},"end":{"line":3,"column":18}},"3":{"start":{"line":4,"column":0},"end":{"line":4,"column":49}},"4":{"start":{"line":5,"column":0},"end":{"line":5,"column":13}},"5":{"start":{"line":6,"column":0},"end":{"line":6,"column":78}},"6":{"start":{"line":7,"column":0},"end":{"line":7,"column":69}},"7":{"start":{"line":8,"column":0},"end":{"line":8,"column":52}},"8":{"start":{"line":9,"column":0},"end":{"line":9,"column":25}},"9":{"start":{"line":10,"column":0},"end":{"line":10,"column":31}},"10":{"start":{"line":11,"column":0},"end":{"line":11,"column":9}},"11":{"start":{"line":12,"column":0},"end":{"line":12,"column":6}},"12":{"start":{"line":13,"column":0},"end":{"line":13,"column":49}},"13":{"start":{"line":14,"column":0},"end":{"line":14,"column":13}},"14":{"start":{"line":15,"column":0},"end":{"line":15,"column":77}},"15":{"start":{"line":16,"column":0},"end":{"line":16,"column":51}},"16":{"start":{"line":17,"column":0},"end":{"line":17,"column":25}},"17":{"start":{"line":18,"column":0},"end":{"line":18,"column":31}},"18":{"start":{"line":19,"column":0},"end":{"line":19,"column":9}},"19":{"start":{"line":20,"column":0},"end":{"line":20,"column":6}},"20":{"start":{"line":21,"column":0},"end":{"line":21,"column":48}},"21":{"start":{"line":22,"column":0},"end":{"line":22,"column":13}},"22":{"start":{"line":23,"column":0},"end":{"line":23,"column":70}},"23":{"start":{"line":24,"column":0},"end":{"line":24,"column":51}},"24":{"start":{"line":25,"column":0},"end":{"line":25,"column":25}},"25":{"start":{"line":26,"column":0},"end":{"line":26,"column":31}},"26":{"start":{"line":27,"column":0},"end":{"line":27,"column":9}},"27":{"start":{"line":28,"column":0},"end":{"line":28,"column":6}},"28":{"start":{"line":29,"column":0},"end":{"line":29,"column":48}},"29":{"start":{"line":30,"column":0},"end":{"line":30,"column":13}},"30":{"start":{"line":31,"column":0},"end":{"line":31,"column":85}},"31":{"start":{"line":32,"column":0},"end":{"line":32,"column":51}},"32":{"start":{"line":33,"column":0},"end":{"line":33,"column":25}},"33":{"start":{"line":34,"column":0},"end":{"line":34,"column":31}},"34":{"start":{"line":35,"column":0},"end":{"line":35,"column":9}},"35":{"start":{"line":36,"column":0},"end":{"line":36,"column":6}},"36":{"start":{"line":37,"column":0},"end":{"line":37,"column":48}},"37":{"start":{"line":38,"column":0},"end":{"line":38,"column":13}},"38":{"start":{"line":39,"column":0},"end":{"line":39,"column":75}},"39":{"start":{"line":40,"column":0},"end":{"line":40,"column":51}},"40":{"start":{"line":41,"column":0},"end":{"line":41,"column":25}},"41":{"start":{"line":42,"column":0},"end":{"line":42,"column":31}},"42":{"start":{"line":43,"column":0},"end":{"line":43,"column":9}},"43":{"start":{"line":44,"column":0},"end":{"line":44,"column":5}},"44":{"start":{"line":45,"column":0},"end":{"line":45,"column":1}}},"s":{"0":1,"1":1,"2":1,"3":1,"4":3,"5":3,"6":3,"7":2,"8":3,"9":1,"10":1,"11":1,"12":1,"13":1,"14":1,"15":1,"16":1,"17":0,"18":0,"19":1,"20":1,"21":1,"22":1,"23":1,"24":1,"25":0,"26":0,"27":1,"28":1,"29":1,"30":1,"31":1,"32":1,"33":0,"34":0,"35":1,"36":1,"37":1,"38":1,"39":1,"40":1,"41":0,"42":0,"43":1,"44":1},"branchMap":{"0":{"type":"branch","line":4,"loc":{"start":{"line":4,"column":22},"end":{"line":12,"column":5}},"locations":[{"start":{"line":4,"column":22},"end":{"line":12,"column":5}}]},"1":{"type":"branch","line":6,"loc":{"start":{"line":6,"column":41},"end":{"line":6,"column":69}},"locations":[{"start":{"line":6,"column":41},"end":{"line":6,"column":69}}]},"2":{"type":"branch","line":6,"loc":{"start":{"line":6,"column":69},"end":{"line":6,"column":77}},"locations":[{"start":{"line":6,"column":69},"end":{"line":6,"column":77}}]},"3":{"type":"branch","line":7,"loc":{"start":{"line":7,"column":68},"end":{"line":9,"column":10}},"locations":[{"start":{"line":7,"column":68},"end":{"line":9,"column":10}}]},"4":{"type":"branch","line":9,"loc":{"start":{"line":9,"column":10},"end":{"line":11,"column":9}},"locations":[{"start":{"line":9,"column":10},"end":{"line":11,"column":9}}]},"5":{"type":"branch","line":13,"loc":{"start":{"line":13,"column":22},"end":{"line":20,"column":5}},"locations":[{"start":{"line":13,"column":22},"end":{"line":20,"column":5}}]},"6":{"type":"branch","line":17,"loc":{"start":{"line":17,"column":10},"end":{"line":19,"column":9}},"locations":[{"start":{"line":17,"column":10},"end":{"line":19,"column":9}}]},"7":{"type":"branch","line":21,"loc":{"start":{"line":21,"column":21},"end":{"line":28,"column":5}},"locations":[{"start":{"line":21,"column":21},"end":{"line":28,"column":5}}]},"8":{"type":"branch","line":25,"loc":{"start":{"line":25,"column":10},"end":{"line":27,"column":9}},"locations":[{"start":{"line":25,"column":10},"end":{"line":27,"column":9}}]},"9":{"type":"branch","line":29,"loc":{"start":{"line":29,"column":21},"end":{"line":36,"column":5}},"locations":[{"start":{"line":29,"column":21},"end":{"line":36,"column":5}}]},"10":{"type":"branch","line":33,"loc":{"start":{"line":33,"column":10},"end":{"line":35,"column":9}},"locations":[{"start":{"line":33,"column":10},"end":{"line":35,"column":9}}]},"11":{"type":"branch","line":37,"loc":{"start":{"line":37,"column":21},"end":{"line":44,"column":5}},"locations":[{"start":{"line":37,"column":21},"end":{"line":44,"column":5}}]},"12":{"type":"branch","line":41,"loc":{"start":{"line":41,"column":10},"end":{"line":43,"column":9}},"locations":[{"start":{"line":41,"column":10},"end":{"line":43,"column":9}}]}},"b":{"0":[3],"1":[1],"2":[2],"3":[2],"4":[1],"5":[1],"6":[0],"7":[1],"8":[0],"9":[1],"10":[0],"11":[1],"12":[0]},"fnMap":{"0":{"name":"getAllCategories","decl":{"start":{"line":4,"column":22},"end":{"line":12,"column":5}},"loc":{"start":{"line":4,"column":22},"end":{"line":12,"column":5}},"line":4},"1":{"name":"getCategorieById","decl":{"start":{"line":13,"column":22},"end":{"line":20,"column":5}},"loc":{"start":{"line":13,"column":22},"end":{"line":20,"column":5}},"line":13},"2":{"name":"createCategorie","decl":{"start":{"line":21,"column":21},"end":{"line":28,"column":5}},"loc":{"start":{"line":21,"column":21},"end":{"line":28,"column":5}},"line":21},"3":{"name":"updateCategorie","decl":{"start":{"line":29,"column":21},"end":{"line":36,"column":5}},"loc":{"start":{"line":29,"column":21},"end":{"line":36,"column":5}},"line":29},"4":{"name":"deleteCategorie","decl":{"start":{"line":37,"column":21},"end":{"line":44,"column":5}},"loc":{"start":{"line":37,"column":21},"end":{"line":44,"column":5}},"line":37}},"f":{"0":3,"1":1,"2":1,"3":1,"4":1}}
,"/home/valentin/projects/ArtiCo/API/controllers/entreprise-controller.js": {"path":"/home/valentin/projects/ArtiCo/API/controllers/entreprise-controller.js","all":false,"statementMap":{"0":{"start":{"line":1,"column":0},"end":{"line":1,"column":71}},"1":{"start":{"line":2,"column":0},"end":{"line":2,"column":0}},"2":{"start":{"line":3,"column":0},"end":{"line":3,"column":18}},"3":{"start":{"line":4,"column":0},"end":{"line":4,"column":50}},"4":{"start":{"line":5,"column":0},"end":{"line":5,"column":13}},"5":{"start":{"line":6,"column":0},"end":{"line":6,"column":36}},"6":{"start":{"line":7,"column":0},"end":{"line":7,"column":71}},"7":{"start":{"line":8,"column":0},"end":{"line":8,"column":53}},"8":{"start":{"line":9,"column":0},"end":{"line":9,"column":25}},"9":{"start":{"line":10,"column":0},"end":{"line":10,"column":31}},"10":{"start":{"line":11,"column":0},"end":{"line":11,"column":9}},"11":{"start":{"line":12,"column":0},"end":{"line":12,"column":6}},"12":{"start":{"line":13,"column":0},"end":{"line":13,"column":50}},"13":{"start":{"line":14,"column":0},"end":{"line":14,"column":13}},"14":{"start":{"line":15,"column":0},"end":{"line":15,"column":79}},"15":{"start":{"line":16,"column":0},"end":{"line":16,"column":52}},"16":{"start":{"line":17,"column":0},"end":{"line":17,"column":25}},"17":{"start":{"line":18,"column":0},"end":{"line":18,"column":31}},"18":{"start":{"line":19,"column":0},"end":{"line":19,"column":9}},"19":{"start":{"line":20,"column":0},"end":{"line":20,"column":6}},"20":{"start":{"line":21,"column":0},"end":{"line":21,"column":55}},"21":{"start":{"line":22,"column":0},"end":{"line":22,"column":13}},"22":{"start":{"line":23,"column":0},"end":{"line":23,"column":84}},"23":{"start":{"line":24,"column":0},"end":{"line":24,"column":53}},"24":{"start":{"line":25,"column":0},"end":{"line":25,"column":25}},"25":{"start":{"line":26,"column":0},"end":{"line":26,"column":31}},"26":{"start":{"line":27,"column":0},"end":{"line":27,"column":9}},"27":{"start":{"line":28,"column":0},"end":{"line":28,"column":6}},"28":{"start":{"line":29,"column":0},"end":{"line":29,"column":49}},"29":{"start":{"line":30,"column":0},"end":{"line":30,"column":13}},"30":{"start":{"line":31,"column":0},"end":{"line":31,"column":49}},"31":{"start":{"line":32,"column":0},"end":{"line":32,"column":25}},"32":{"start":{"line":33,"column":0},"end":{"line":33,"column":66}},"33":{"start":{"line":34,"column":0},"end":{"line":34,"column":13}},"34":{"start":{"line":35,"column":0},"end":{"line":35,"column":43}},"35":{"start":{"line":36,"column":0},"end":{"line":36,"column":72}},"36":{"start":{"line":37,"column":0},"end":{"line":37,"column":52}},"37":{"start":{"line":38,"column":0},"end":{"line":38,"column":25}},"38":{"start":{"line":39,"column":0},"end":{"line":39,"column":31}},"39":{"start":{"line":40,"column":0},"end":{"line":40,"column":9}},"40":{"start":{"line":41,"column":0},"end":{"line":41,"column":6}},"41":{"start":{"line":42,"column":0},"end":{"line":42,"column":49}},"42":{"start":{"line":43,"column":0},"end":{"line":43,"column":13}},"43":{"start":{"line":44,"column":0},"end":{"line":44,"column":25}},"44":{"start":{"line":45,"column":0},"end":{"line":45,"column":53}},"45":{"start":{"line":46,"column":0},"end":{"line":46,"column":66}},"46":{"start":{"line":47,"column":0},"end":{"line":47,"column":13}},"47":{"start":{"line":48,"column":0},"end":{"line":48,"column":43}},"48":{"start":{"line":49,"column":0},"end":{"line":49,"column":87}},"49":{"start":{"line":50,"column":0},"end":{"line":50,"column":52}},"50":{"start":{"line":51,"column":0},"end":{"line":51,"column":25}},"51":{"start":{"line":52,"column":0},"end":{"line":52,"column":31}},"52":{"start":{"line":53,"column":0},"end":{"line":53,"column":9}},"53":{"start":{"line":54,"column":0},"end":{"line":54,"column":6}},"54":{"start":{"line":55,"column":0},"end":{"line":55,"column":49}},"55":{"start":{"line":56,"column":0},"end":{"line":56,"column":13}},"56":{"start":{"line":57,"column":0},"end":{"line":57,"column":77}},"57":{"start":{"line":58,"column":0},"end":{"line":58,"column":42}},"58":{"start":{"line":59,"column":0},"end":{"line":59,"column":25}},"59":{"start":{"line":60,"column":0},"end":{"line":60,"column":31}},"60":{"start":{"line":61,"column":0},"end":{"line":61,"column":9}},"61":{"start":{"line":62,"column":0},"end":{"line":62,"column":5}},"62":{"start":{"line":63,"column":0},"end":{"line":63,"column":1}}},"s":{"0":1,"1":1,"2":1,"3":1,"4":2,"5":2,"6":2,"7":1,"8":1,"9":1,"10":1,"11":1,"12":1,"13":1,"14":1,"15":1,"16":1,"17":0,"18":0,"19":1,"20":1,"21":1,"22":1,"23":1,"24":1,"25":0,"26":0,"27":1,"28":1,"29":2,"30":2,"31":2,"32":1,"33":1,"34":2,"35":2,"36":2,"37":2,"38":0,"39":0,"40":1,"41":1,"42":1,"43":1,"44":0,"45":0,"46":0,"47":1,"48":1,"49":1,"50":1,"51":0,"52":0,"53":1,"54":1,"55":1,"56":1,"57":1,"58":1,"59":0,"60":0,"61":1,"62":1},"branchMap":{"0":{"type":"branch","line":4,"loc":{"start":{"line":4,"column":23},"end":{"line":12,"column":5}},"locations":[{"start":{"line":4,"column":23},"end":{"line":12,"column":5}}]},"1":{"type":"branch","line":7,"loc":{"start":{"line":7,"column":70},"end":{"line":11,"column":9}},"locations":[{"start":{"line":7,"column":70},"end":{"line":11,"column":9}}]},"2":{"type":"branch","line":13,"loc":{"start":{"line":13,"column":23},"end":{"line":20,"column":5}},"locations":[{"start":{"line":13,"column":23},"end":{"line":20,"column":5}}]},"3":{"type":"branch","line":17,"loc":{"start":{"line":17,"column":10},"end":{"line":19,"column":9}},"locations":[{"start":{"line":17,"column":10},"end":{"line":19,"column":9}}]},"4":{"type":"branch","line":21,"loc":{"start":{"line":21,"column":28},"end":{"line":28,"column":5}},"locations":[{"start":{"line":21,"column":28},"end":{"line":28,"column":5}}]},"5":{"type":"branch","line":25,"loc":{"start":{"line":25,"column":10},"end":{"line":27,"column":9}},"locations":[{"start":{"line":25,"column":10},"end":{"line":27,"column":9}}]},"6":{"type":"branch","line":29,"loc":{"start":{"line":29,"column":22},"end":{"line":41,"column":5}},"locations":[{"start":{"line":29,"column":22},"end":{"line":41,"column":5}}]},"7":{"type":"branch","line":32,"loc":{"start":{"line":32,"column":24},"end":{"line":34,"column":13}},"locations":[{"start":{"line":32,"column":24},"end":{"line":34,"column":13}}]},"8":{"type":"branch","line":38,"loc":{"start":{"line":38,"column":10},"end":{"line":40,"column":9}},"locations":[{"start":{"line":38,"column":10},"end":{"line":40,"column":9}}]},"9":{"type":"branch","line":42,"loc":{"start":{"line":42,"column":22},"end":{"line":54,"column":5}},"locations":[{"start":{"line":42,"column":22},"end":{"line":54,"column":5}}]},"10":{"type":"branch","line":44,"loc":{"start":{"line":44,"column":24},"end":{"line":47,"column":13}},"locations":[{"start":{"line":44,"column":24},"end":{"line":47,"column":13}}]},"11":{"type":"branch","line":51,"loc":{"start":{"line":51,"column":10},"end":{"line":53,"column":9}},"locations":[{"start":{"line":51,"column":10},"end":{"line":53,"column":9}}]},"12":{"type":"branch","line":55,"loc":{"start":{"line":55,"column":22},"end":{"line":62,"column":5}},"locations":[{"start":{"line":55,"column":22},"end":{"line":62,"column":5}}]},"13":{"type":"branch","line":59,"loc":{"start":{"line":59,"column":10},"end":{"line":61,"column":9}},"locations":[{"start":{"line":59,"column":10},"end":{"line":61,"column":9}}]}},"b":{"0":[2],"1":[1],"2":[1],"3":[0],"4":[1],"5":[0],"6":[2],"7":[1],"8":[0],"9":[1],"10":[0],"11":[0],"12":[1],"13":[0]},"fnMap":{"0":{"name":"getAllEntreprises","decl":{"start":{"line":4,"column":23},"end":{"line":12,"column":5}},"loc":{"start":{"line":4,"column":23},"end":{"line":12,"column":5}},"line":4},"1":{"name":"getEntrepriseById","decl":{"start":{"line":13,"column":23},"end":{"line":20,"column":5}},"loc":{"start":{"line":13,"column":23},"end":{"line":20,"column":5}},"line":13},"2":{"name":"getEntreprisesByUserId","decl":{"start":{"line":21,"column":28},"end":{"line":28,"column":5}},"loc":{"start":{"line":21,"column":28},"end":{"line":28,"column":5}},"line":21},"3":{"name":"createEntreprise","decl":{"start":{"line":29,"column":22},"end":{"line":41,"column":5}},"loc":{"start":{"line":29,"column":22},"end":{"line":41,"column":5}},"line":29},"4":{"name":"updateEntreprise","decl":{"start":{"line":42,"column":22},"end":{"line":54,"column":5}},"loc":{"start":{"line":42,"column":22},"end":{"line":54,"column":5}},"line":42},"5":{"name":"deleteEntreprise","decl":{"start":{"line":55,"column":22},"end":{"line":62,"column":5}},"loc":{"start":{"line":55,"column":22},"end":{"line":62,"column":5}},"line":55}},"f":{"0":2,"1":1,"2":1,"3":2,"4":1,"5":1}}
,"/home/valentin/projects/ArtiCo/API/controllers/formulaire-controller.js": {"path":"/home/valentin/projects/ArtiCo/API/controllers/formulaire-controller.js","all":false,"statementMap":{"0":{"start":{"line":1,"column":0},"end":{"line":1,"column":71}},"1":{"start":{"line":2,"column":0},"end":{"line":2,"column":0}},"2":{"start":{"line":3,"column":0},"end":{"line":3,"column":18}},"3":{"start":{"line":4,"column":0},"end":{"line":4,"column":50}},"4":{"start":{"line":5,"column":0},"end":{"line":5,"column":13}},"5":{"start":{"line":6,"column":0},"end":{"line":6,"column":66}},"6":{"start":{"line":7,"column":0},"end":{"line":7,"column":53}},"7":{"start":{"line":8,"column":0},"end":{"line":8,"column":25}},"8":{"start":{"line":9,"column":0},"end":{"line":9,"column":31}},"9":{"start":{"line":10,"column":0},"end":{"line":10,"column":9}},"10":{"start":{"line":11,"column":0},"end":{"line":11,"column":6}},"11":{"start":{"line":12,"column":0},"end":{"line":12,"column":50}},"12":{"start":{"line":13,"column":0},"end":{"line":13,"column":13}},"13":{"start":{"line":14,"column":0},"end":{"line":14,"column":79}},"14":{"start":{"line":15,"column":0},"end":{"line":15,"column":52}},"15":{"start":{"line":16,"column":0},"end":{"line":16,"column":25}},"16":{"start":{"line":17,"column":0},"end":{"line":17,"column":31}},"17":{"start":{"line":18,"column":0},"end":{"line":18,"column":9}},"18":{"start":{"line":19,"column":0},"end":{"line":19,"column":6}},"19":{"start":{"line":20,"column":0},"end":{"line":20,"column":60}},"20":{"start":{"line":21,"column":0},"end":{"line":21,"column":13}},"21":{"start":{"line":22,"column":0},"end":{"line":22,"column":89}},"22":{"start":{"line":23,"column":0},"end":{"line":23,"column":52}},"23":{"start":{"line":24,"column":0},"end":{"line":24,"column":25}},"24":{"start":{"line":25,"column":0},"end":{"line":25,"column":31}},"25":{"start":{"line":26,"column":0},"end":{"line":26,"column":9}},"26":{"start":{"line":27,"column":0},"end":{"line":27,"column":6}},"27":{"start":{"line":28,"column":0},"end":{"line":28,"column":49}},"28":{"start":{"line":29,"column":0},"end":{"line":29,"column":13}},"29":{"start":{"line":30,"column":0},"end":{"line":30,"column":72}},"30":{"start":{"line":31,"column":0},"end":{"line":31,"column":52}},"31":{"start":{"line":32,"column":0},"end":{"line":32,"column":25}},"32":{"start":{"line":33,"column":0},"end":{"line":33,"column":31}},"33":{"start":{"line":34,"column":0},"end":{"line":34,"column":9}},"34":{"start":{"line":35,"column":0},"end":{"line":35,"column":6}},"35":{"start":{"line":36,"column":0},"end":{"line":36,"column":49}},"36":{"start":{"line":37,"column":0},"end":{"line":37,"column":13}},"37":{"start":{"line":38,"column":0},"end":{"line":38,"column":87}},"38":{"start":{"line":39,"column":0},"end":{"line":39,"column":52}},"39":{"start":{"line":40,"column":0},"end":{"line":40,"column":25}},"40":{"start":{"line":41,"column":0},"end":{"line":41,"column":31}},"41":{"start":{"line":42,"column":0},"end":{"line":42,"column":9}},"42":{"start":{"line":43,"column":0},"end":{"line":43,"column":6}},"43":{"start":{"line":44,"column":0},"end":{"line":44,"column":49}},"44":{"start":{"line":45,"column":0},"end":{"line":45,"column":13}},"45":{"start":{"line":46,"column":0},"end":{"line":46,"column":77}},"46":{"start":{"line":47,"column":0},"end":{"line":47,"column":52}},"47":{"start":{"line":48,"column":0},"end":{"line":48,"column":25}},"48":{"start":{"line":49,"column":0},"end":{"line":49,"column":31}},"49":{"start":{"line":50,"column":0},"end":{"line":50,"column":9}},"50":{"start":{"line":51,"column":0},"end":{"line":51,"column":5}},"51":{"start":{"line":52,"column":0},"end":{"line":52,"column":1}}},"s":{"0":1,"1":1,"2":1,"3":1,"4":2,"5":2,"6":1,"7":1,"8":1,"9":1,"10":1,"11":1,"12":1,"13":1,"14":1,"15":1,"16":0,"17":0,"18":1,"19":1,"20":1,"21":1,"22":1,"23":1,"24":0,"25":0,"26":1,"27":1,"28":1,"29":1,"30":1,"31":1,"32":0,"33":0,"34":1,"35":1,"36":1,"37":1,"38":1,"39":1,"40":0,"41":0,"42":1,"43":1,"44":1,"45":1,"46":1,"47":1,"48":0,"49":0,"50":1,"51":1},"branchMap":{"0":{"type":"branch","line":4,"loc":{"start":{"line":4,"column":23},"end":{"line":11,"column":5}},"locations":[{"start":{"line":4,"column":23},"end":{"line":11,"column":5}}]},"1":{"type":"branch","line":6,"loc":{"start":{"line":6,"column":65},"end":{"line":10,"column":9}},"locations":[{"start":{"line":6,"column":65},"end":{"line":10,"column":9}}]},"2":{"type":"branch","line":12,"loc":{"start":{"line":12,"column":23},"end":{"line":19,"column":5}},"locations":[{"start":{"line":12,"column":23},"end":{"line":19,"column":5}}]},"3":{"type":"branch","line":16,"loc":{"start":{"line":16,"column":10},"end":{"line":18,"column":9}},"locations":[{"start":{"line":16,"column":10},"end":{"line":18,"column":9}}]},"4":{"type":"branch","line":20,"loc":{"start":{"line":20,"column":33},"end":{"line":27,"column":5}},"locations":[{"start":{"line":20,"column":33},"end":{"line":27,"column":5}}]},"5":{"type":"branch","line":24,"loc":{"start":{"line":24,"column":10},"end":{"line":26,"column":9}},"locations":[{"start":{"line":24,"column":10},"end":{"line":26,"column":9}}]},"6":{"type":"branch","line":28,"loc":{"start":{"line":28,"column":22},"end":{"line":35,"column":5}},"locations":[{"start":{"line":28,"column":22},"end":{"line":35,"column":5}}]},"7":{"type":"branch","line":32,"loc":{"start":{"line":32,"column":10},"end":{"line":34,"column":9}},"locations":[{"start":{"line":32,"column":10},"end":{"line":34,"column":9}}]},"8":{"type":"branch","line":36,"loc":{"start":{"line":36,"column":22},"end":{"line":43,"column":5}},"locations":[{"start":{"line":36,"column":22},"end":{"line":43,"column":5}}]},"9":{"type":"branch","line":40,"loc":{"start":{"line":40,"column":10},"end":{"line":42,"column":9}},"locations":[{"start":{"line":40,"column":10},"end":{"line":42,"column":9}}]},"10":{"type":"branch","line":44,"loc":{"start":{"line":44,"column":22},"end":{"line":51,"column":5}},"locations":[{"start":{"line":44,"column":22},"end":{"line":51,"column":5}}]},"11":{"type":"branch","line":48,"loc":{"start":{"line":48,"column":10},"end":{"line":50,"column":9}},"locations":[{"start":{"line":48,"column":10},"end":{"line":50,"column":9}}]}},"b":{"0":[2],"1":[1],"2":[1],"3":[0],"4":[1],"5":[0],"6":[1],"7":[0],"8":[1],"9":[0],"10":[1],"11":[0]},"fnMap":{"0":{"name":"getAllFormulaires","decl":{"start":{"line":4,"column":23},"end":{"line":11,"column":5}},"loc":{"start":{"line":4,"column":23},"end":{"line":11,"column":5}},"line":4},"1":{"name":"getFormulaireById","decl":{"start":{"line":12,"column":23},"end":{"line":19,"column":5}},"loc":{"start":{"line":12,"column":23},"end":{"line":19,"column":5}},"line":12},"2":{"name":"getFormulaireByEntrepriseId","decl":{"start":{"line":20,"column":33},"end":{"line":27,"column":5}},"loc":{"start":{"line":20,"column":33},"end":{"line":27,"column":5}},"line":20},"3":{"name":"createFormulaire","decl":{"start":{"line":28,"column":22},"end":{"line":35,"column":5}},"loc":{"start":{"line":28,"column":22},"end":{"line":35,"column":5}},"line":28},"4":{"name":"updateFormulaire","decl":{"start":{"line":36,"column":22},"end":{"line":43,"column":5}},"loc":{"start":{"line":36,"column":22},"end":{"line":43,"column":5}},"line":36},"5":{"name":"deleteFormulaire","decl":{"start":{"line":44,"column":22},"end":{"line":51,"column":5}},"loc":{"start":{"line":44,"column":22},"end":{"line":51,"column":5}},"line":44}},"f":{"0":2,"1":1,"2":1,"3":1,"4":1,"5":1}}
,"/home/valentin/projects/ArtiCo/API/controllers/galerie-controller.js": {"path":"/home/valentin/projects/ArtiCo/API/controllers/galerie-controller.js","all":false,"statementMap":{"0":{"start":{"line":1,"column":0},"end":{"line":1,"column":65}},"1":{"start":{"line":2,"column":0},"end":{"line":2,"column":0}},"2":{"start":{"line":3,"column":0},"end":{"line":3,"column":18}},"3":{"start":{"line":4,"column":0},"end":{"line":4,"column":47}},"4":{"start":{"line":5,"column":0},"end":{"line":5,"column":13}},"5":{"start":{"line":6,"column":0},"end":{"line":6,"column":60}},"6":{"start":{"line":7,"column":0},"end":{"line":7,"column":50}},"7":{"start":{"line":8,"column":0},"end":{"line":8,"column":25}},"8":{"start":{"line":9,"column":0},"end":{"line":9,"column":31}},"9":{"start":{"line":10,"column":0},"end":{"line":10,"column":9}},"10":{"start":{"line":11,"column":0},"end":{"line":11,"column":6}},"11":{"start":{"line":12,"column":0},"end":{"line":12,"column":47}},"12":{"start":{"line":13,"column":0},"end":{"line":13,"column":13}},"13":{"start":{"line":14,"column":0},"end":{"line":14,"column":73}},"14":{"start":{"line":15,"column":0},"end":{"line":15,"column":49}},"15":{"start":{"line":16,"column":0},"end":{"line":16,"column":25}},"16":{"start":{"line":17,"column":0},"end":{"line":17,"column":31}},"17":{"start":{"line":18,"column":0},"end":{"line":18,"column":9}},"18":{"start":{"line":19,"column":0},"end":{"line":19,"column":6}},"19":{"start":{"line":20,"column":0},"end":{"line":20,"column":57}},"20":{"start":{"line":21,"column":0},"end":{"line":21,"column":13}},"21":{"start":{"line":22,"column":0},"end":{"line":22,"column":86}},"22":{"start":{"line":23,"column":0},"end":{"line":23,"column":49}},"23":{"start":{"line":24,"column":0},"end":{"line":24,"column":25}},"24":{"start":{"line":25,"column":0},"end":{"line":25,"column":91}},"25":{"start":{"line":26,"column":0},"end":{"line":26,"column":31}},"26":{"start":{"line":27,"column":0},"end":{"line":27,"column":9}},"27":{"start":{"line":28,"column":0},"end":{"line":28,"column":6}},"28":{"start":{"line":29,"column":0},"end":{"line":29,"column":46}},"29":{"start":{"line":30,"column":0},"end":{"line":30,"column":13}},"30":{"start":{"line":31,"column":0},"end":{"line":31,"column":58}},"31":{"start":{"line":32,"column":0},"end":{"line":32,"column":103}},"32":{"start":{"line":33,"column":0},"end":{"line":33,"column":49}},"33":{"start":{"line":34,"column":0},"end":{"line":34,"column":25}},"34":{"start":{"line":35,"column":0},"end":{"line":35,"column":91}},"35":{"start":{"line":36,"column":0},"end":{"line":36,"column":31}},"36":{"start":{"line":37,"column":0},"end":{"line":37,"column":9}},"37":{"start":{"line":38,"column":0},"end":{"line":38,"column":6}},"38":{"start":{"line":39,"column":0},"end":{"line":39,"column":46}},"39":{"start":{"line":40,"column":0},"end":{"line":40,"column":13}},"40":{"start":{"line":41,"column":0},"end":{"line":41,"column":71}},"41":{"start":{"line":42,"column":0},"end":{"line":42,"column":49}},"42":{"start":{"line":43,"column":0},"end":{"line":43,"column":25}},"43":{"start":{"line":44,"column":0},"end":{"line":44,"column":31}},"44":{"start":{"line":45,"column":0},"end":{"line":45,"column":9}},"45":{"start":{"line":46,"column":0},"end":{"line":46,"column":5}},"46":{"start":{"line":47,"column":0},"end":{"line":47,"column":1}},"47":{"start":{"line":48,"column":0},"end":{"line":48,"column":0}},"48":{"start":{"line":49,"column":0},"end":{"line":49,"column":0}},"49":{"start":{"line":50,"column":0},"end":{"line":50,"column":0}},"50":{"start":{"line":51,"column":0},"end":{"line":51,"column":0}},"51":{"start":{"line":52,"column":0},"end":{"line":52,"column":0}},"52":{"start":{"line":53,"column":0},"end":{"line":53,"column":0}},"53":{"start":{"line":54,"column":0},"end":{"line":54,"column":47231}}},"s":{"0":1,"1":1,"2":1,"3":1,"4":1,"5":1,"6":1,"7":1,"8":0,"9":0,"10":1,"11":1,"12":1,"13":1,"14":1,"15":1,"16":0,"17":0,"18":1,"19":1,"20":2,"21":2,"22":1,"23":1,"24":1,"25":1,"26":1,"27":1,"28":1,"29":1,"30":1,"31":1,"32":1,"33":1,"34":0,"35":0,"36":0,"37":1,"38":1,"39":1,"40":1,"41":1,"42":1,"43":0,"44":0,"45":1,"46":1,"47":1,"48":1,"49":1,"50":1,"51":1,"52":1,"53":1},"branchMap":{"0":{"type":"branch","line":4,"loc":{"start":{"line":4,"column":20},"end":{"line":11,"column":5}},"locations":[{"start":{"line":4,"column":20},"end":{"line":11,"column":5}}]},"1":{"type":"branch","line":8,"loc":{"start":{"line":8,"column":10},"end":{"line":10,"column":9}},"locations":[{"start":{"line":8,"column":10},"end":{"line":10,"column":9}}]},"2":{"type":"branch","line":12,"loc":{"start":{"line":12,"column":20},"end":{"line":19,"column":5}},"locations":[{"start":{"line":12,"column":20},"end":{"line":19,"column":5}}]},"3":{"type":"branch","line":16,"loc":{"start":{"line":16,"column":10},"end":{"line":18,"column":9}},"locations":[{"start":{"line":16,"column":10},"end":{"line":18,"column":9}}]},"4":{"type":"branch","line":20,"loc":{"start":{"line":20,"column":30},"end":{"line":28,"column":5}},"locations":[{"start":{"line":20,"column":30},"end":{"line":28,"column":5}}]},"5":{"type":"branch","line":22,"loc":{"start":{"line":22,"column":85},"end":{"line":27,"column":9}},"locations":[{"start":{"line":22,"column":85},"end":{"line":27,"column":9}}]},"6":{"type":"branch","line":29,"loc":{"start":{"line":29,"column":19},"end":{"line":38,"column":5}},"locations":[{"start":{"line":29,"column":19},"end":{"line":38,"column":5}}]},"7":{"type":"branch","line":34,"loc":{"start":{"line":34,"column":10},"end":{"line":37,"column":9}},"locations":[{"start":{"line":34,"column":10},"end":{"line":37,"column":9}}]},"8":{"type":"branch","line":39,"loc":{"start":{"line":39,"column":19},"end":{"line":46,"column":5}},"locations":[{"start":{"line":39,"column":19},"end":{"line":46,"column":5}}]},"9":{"type":"branch","line":43,"loc":{"start":{"line":43,"column":10},"end":{"line":45,"column":9}},"locations":[{"start":{"line":43,"column":10},"end":{"line":45,"column":9}}]},"10":{"type":"branch","line":54,"loc":{"start":{"line":54,"column":68},"end":{"line":54,"column":46318}},"locations":[{"start":{"line":54,"column":68},"end":{"line":54,"column":46318}}]},"11":{"type":"branch","line":54,"loc":{"start":{"line":54,"column":46290},"end":{"line":54,"column":46317}},"locations":[{"start":{"line":54,"column":46290},"end":{"line":54,"column":46317}}]},"12":{"type":"branch","line":54,"loc":{"start":{"line":54,"column":46611},"end":{"line":54,"column":46718}},"locations":[{"start":{"line":54,"column":46611},"end":{"line":54,"column":46718}}]},"13":{"type":"branch","line":54,"loc":{"start":{"line":54,"column":46698},"end":{"line":54,"column":46709}},"locations":[{"start":{"line":54,"column":46698},"end":{"line":54,"column":46709}}]}},"b":{"0":[1],"1":[0],"2":[1],"3":[0],"4":[2],"5":[1],"6":[1],"7":[0],"8":[1],"9":[0],"10":[1],"11":[1],"12":[1],"13":[1]},"fnMap":{"0":{"name":"getAllGaleries","decl":{"start":{"line":4,"column":20},"end":{"line":11,"column":5}},"loc":{"start":{"line":4,"column":20},"end":{"line":11,"column":5}},"line":4},"1":{"name":"getGalerieById","decl":{"start":{"line":12,"column":20},"end":{"line":19,"column":5}},"loc":{"start":{"line":12,"column":20},"end":{"line":19,"column":5}},"line":12},"2":{"name":"getGalerieByEntrepriseId","decl":{"start":{"line":20,"column":30},"end":{"line":28,"column":5}},"loc":{"start":{"line":20,"column":30},"end":{"line":28,"column":5}},"line":20},"3":{"name":"createGalerie","decl":{"start":{"line":29,"column":19},"end":{"line":38,"column":5}},"loc":{"start":{"line":29,"column":19},"end":{"line":38,"column":5}},"line":29},"4":{"name":"deleteGalerie","decl":{"start":{"line":39,"column":19},"end":{"line":46,"column":5}},"loc":{"start":{"line":39,"column":19},"end":{"line":46,"column":5}},"line":39},"5":{"name":"oo_cm","decl":{"start":{"line":54,"column":68},"end":{"line":54,"column":46318}},"loc":{"start":{"line":54,"column":68},"end":{"line":54,"column":46318}},"line":54},"6":{"name":"oo_oo","decl":{"start":{"line":54,"column":46345},"end":{"line":54,"column":46450}},"loc":{"start":{"line":54,"column":46345},"end":{"line":54,"column":46450}},"line":54},"7":{"name":"oo_tr","decl":{"start":{"line":54,"column":46477},"end":{"line":54,"column":46584}},"loc":{"start":{"line":54,"column":46477},"end":{"line":54,"column":46584}},"line":54},"8":{"name":"oo_tx","decl":{"start":{"line":54,"column":46611},"end":{"line":54,"column":46718}},"loc":{"start":{"line":54,"column":46611},"end":{"line":54,"column":46718}},"line":54},"9":{"name":"oo_ts","decl":{"start":{"line":54,"column":46745},"end":{"line":54,"column":46828}},"loc":{"start":{"line":54,"column":46745},"end":{"line":54,"column":46828}},"line":54},"10":{"name":"oo_te","decl":{"start":{"line":54,"column":46855},"end":{"line":54,"column":46963}},"loc":{"start":{"line":54,"column":46855},"end":{"line":54,"column":46963}},"line":54}},"f":{"0":1,"1":1,"2":2,"3":1,"4":1,"5":1,"6":1,"7":1,"8":1,"9":1,"10":1}}
,"/home/valentin/projects/ArtiCo/API/controllers/input-controller.js": {"path":"/home/valentin/projects/ArtiCo/API/controllers/input-controller.js","all":false,"statementMap":{"0":{"start":{"line":1,"column":0},"end":{"line":1,"column":61}},"1":{"start":{"line":2,"column":0},"end":{"line":2,"column":0}},"2":{"start":{"line":3,"column":0},"end":{"line":3,"column":18}},"3":{"start":{"line":4,"column":0},"end":{"line":4,"column":45}},"4":{"start":{"line":5,"column":0},"end":{"line":5,"column":13}},"5":{"start":{"line":6,"column":0},"end":{"line":6,"column":56}},"6":{"start":{"line":7,"column":0},"end":{"line":7,"column":48}},"7":{"start":{"line":8,"column":0},"end":{"line":8,"column":25}},"8":{"start":{"line":9,"column":0},"end":{"line":9,"column":31}},"9":{"start":{"line":10,"column":0},"end":{"line":10,"column":9}},"10":{"start":{"line":11,"column":0},"end":{"line":11,"column":6}},"11":{"start":{"line":12,"column":0},"end":{"line":12,"column":45}},"12":{"start":{"line":13,"column":0},"end":{"line":13,"column":13}},"13":{"start":{"line":14,"column":0},"end":{"line":14,"column":69}},"14":{"start":{"line":15,"column":0},"end":{"line":15,"column":47}},"15":{"start":{"line":16,"column":0},"end":{"line":16,"column":25}},"16":{"start":{"line":17,"column":0},"end":{"line":17,"column":31}},"17":{"start":{"line":18,"column":0},"end":{"line":18,"column":9}},"18":{"start":{"line":19,"column":0},"end":{"line":19,"column":6}},"19":{"start":{"line":20,"column":0},"end":{"line":20,"column":55}},"20":{"start":{"line":21,"column":0},"end":{"line":21,"column":13}},"21":{"start":{"line":22,"column":0},"end":{"line":22,"column":79}},"22":{"start":{"line":23,"column":0},"end":{"line":23,"column":47}},"23":{"start":{"line":24,"column":0},"end":{"line":24,"column":25}},"24":{"start":{"line":25,"column":0},"end":{"line":25,"column":31}},"25":{"start":{"line":26,"column":0},"end":{"line":26,"column":9}},"26":{"start":{"line":27,"column":0},"end":{"line":27,"column":6}},"27":{"start":{"line":28,"column":0},"end":{"line":28,"column":44}},"28":{"start":{"line":29,"column":0},"end":{"line":29,"column":13}},"29":{"start":{"line":30,"column":0},"end":{"line":30,"column":62}},"30":{"start":{"line":31,"column":0},"end":{"line":31,"column":47}},"31":{"start":{"line":32,"column":0},"end":{"line":32,"column":25}},"32":{"start":{"line":33,"column":0},"end":{"line":33,"column":31}},"33":{"start":{"line":34,"column":0},"end":{"line":34,"column":9}},"34":{"start":{"line":35,"column":0},"end":{"line":35,"column":6}},"35":{"start":{"line":36,"column":0},"end":{"line":36,"column":44}},"36":{"start":{"line":37,"column":0},"end":{"line":37,"column":13}},"37":{"start":{"line":38,"column":0},"end":{"line":38,"column":77}},"38":{"start":{"line":39,"column":0},"end":{"line":39,"column":47}},"39":{"start":{"line":40,"column":0},"end":{"line":40,"column":25}},"40":{"start":{"line":41,"column":0},"end":{"line":41,"column":31}},"41":{"start":{"line":42,"column":0},"end":{"line":42,"column":9}},"42":{"start":{"line":43,"column":0},"end":{"line":43,"column":6}},"43":{"start":{"line":44,"column":0},"end":{"line":44,"column":44}},"44":{"start":{"line":45,"column":0},"end":{"line":45,"column":13}},"45":{"start":{"line":46,"column":0},"end":{"line":46,"column":67}},"46":{"start":{"line":47,"column":0},"end":{"line":47,"column":47}},"47":{"start":{"line":48,"column":0},"end":{"line":48,"column":25}},"48":{"start":{"line":49,"column":0},"end":{"line":49,"column":31}},"49":{"start":{"line":50,"column":0},"end":{"line":50,"column":9}},"50":{"start":{"line":51,"column":0},"end":{"line":51,"column":5}},"51":{"start":{"line":52,"column":0},"end":{"line":52,"column":1}}},"s":{"0":1,"1":1,"2":1,"3":1,"4":2,"5":2,"6":1,"7":1,"8":1,"9":1,"10":1,"11":1,"12":1,"13":1,"14":1,"15":1,"16":0,"17":0,"18":1,"19":1,"20":1,"21":1,"22":1,"23":1,"24":0,"25":0,"26":1,"27":1,"28":1,"29":1,"30":1,"31":1,"32":0,"33":0,"34":1,"35":1,"36":1,"37":1,"38":1,"39":1,"40":0,"41":0,"42":1,"43":1,"44":1,"45":1,"46":1,"47":1,"48":0,"49":0,"50":1,"51":1},"branchMap":{"0":{"type":"branch","line":4,"loc":{"start":{"line":4,"column":18},"end":{"line":11,"column":5}},"locations":[{"start":{"line":4,"column":18},"end":{"line":11,"column":5}}]},"1":{"type":"branch","line":6,"loc":{"start":{"line":6,"column":55},"end":{"line":10,"column":9}},"locations":[{"start":{"line":6,"column":55},"end":{"line":10,"column":9}}]},"2":{"type":"branch","line":12,"loc":{"start":{"line":12,"column":18},"end":{"line":19,"column":5}},"locations":[{"start":{"line":12,"column":18},"end":{"line":19,"column":5}}]},"3":{"type":"branch","line":16,"loc":{"start":{"line":16,"column":10},"end":{"line":18,"column":9}},"locations":[{"start":{"line":16,"column":10},"end":{"line":18,"column":9}}]},"4":{"type":"branch","line":20,"loc":{"start":{"line":20,"column":28},"end":{"line":27,"column":5}},"locations":[{"start":{"line":20,"column":28},"end":{"line":27,"column":5}}]},"5":{"type":"branch","line":24,"loc":{"start":{"line":24,"column":10},"end":{"line":26,"column":9}},"locations":[{"start":{"line":24,"column":10},"end":{"line":26,"column":9}}]},"6":{"type":"branch","line":28,"loc":{"start":{"line":28,"column":17},"end":{"line":35,"column":5}},"locations":[{"start":{"line":28,"column":17},"end":{"line":35,"column":5}}]},"7":{"type":"branch","line":32,"loc":{"start":{"line":32,"column":10},"end":{"line":34,"column":9}},"locations":[{"start":{"line":32,"column":10},"end":{"line":34,"column":9}}]},"8":{"type":"branch","line":36,"loc":{"start":{"line":36,"column":17},"end":{"line":43,"column":5}},"locations":[{"start":{"line":36,"column":17},"end":{"line":43,"column":5}}]},"9":{"type":"branch","line":40,"loc":{"start":{"line":40,"column":10},"end":{"line":42,"column":9}},"locations":[{"start":{"line":40,"column":10},"end":{"line":42,"column":9}}]},"10":{"type":"branch","line":44,"loc":{"start":{"line":44,"column":17},"end":{"line":51,"column":5}},"locations":[{"start":{"line":44,"column":17},"end":{"line":51,"column":5}}]},"11":{"type":"branch","line":48,"loc":{"start":{"line":48,"column":10},"end":{"line":50,"column":9}},"locations":[{"start":{"line":48,"column":10},"end":{"line":50,"column":9}}]}},"b":{"0":[2],"1":[1],"2":[1],"3":[0],"4":[1],"5":[0],"6":[1],"7":[0],"8":[1],"9":[0],"10":[1],"11":[0]},"fnMap":{"0":{"name":"getAllInputs","decl":{"start":{"line":4,"column":18},"end":{"line":11,"column":5}},"loc":{"start":{"line":4,"column":18},"end":{"line":11,"column":5}},"line":4},"1":{"name":"getInputById","decl":{"start":{"line":12,"column":18},"end":{"line":19,"column":5}},"loc":{"start":{"line":12,"column":18},"end":{"line":19,"column":5}},"line":12},"2":{"name":"getInputByFormulaireId","decl":{"start":{"line":20,"column":28},"end":{"line":27,"column":5}},"loc":{"start":{"line":20,"column":28},"end":{"line":27,"column":5}},"line":20},"3":{"name":"createInput","decl":{"start":{"line":28,"column":17},"end":{"line":35,"column":5}},"loc":{"start":{"line":28,"column":17},"end":{"line":35,"column":5}},"line":28},"4":{"name":"updateInput","decl":{"start":{"line":36,"column":17},"end":{"line":43,"column":5}},"loc":{"start":{"line":36,"column":17},"end":{"line":43,"column":5}},"line":36},"5":{"name":"deleteInput","decl":{"start":{"line":44,"column":17},"end":{"line":51,"column":5}},"loc":{"start":{"line":44,"column":17},"end":{"line":51,"column":5}},"line":44}},"f":{"0":2,"1":1,"2":1,"3":1,"4":1,"5":1}}
,"/home/valentin/projects/ArtiCo/API/controllers/options-controller.js": {"path":"/home/valentin/projects/ArtiCo/API/controllers/options-controller.js","all":false,"statementMap":{"0":{"start":{"line":1,"column":0},"end":{"line":1,"column":64}},"1":{"start":{"line":2,"column":0},"end":{"line":2,"column":0}},"2":{"start":{"line":3,"column":0},"end":{"line":3,"column":18}},"3":{"start":{"line":4,"column":0},"end":{"line":4,"column":46}},"4":{"start":{"line":5,"column":0},"end":{"line":5,"column":13}},"5":{"start":{"line":6,"column":0},"end":{"line":6,"column":59}},"6":{"start":{"line":7,"column":0},"end":{"line":7,"column":49}},"7":{"start":{"line":8,"column":0},"end":{"line":8,"column":25}},"8":{"start":{"line":9,"column":0},"end":{"line":9,"column":31}},"9":{"start":{"line":10,"column":0},"end":{"line":10,"column":9}},"10":{"start":{"line":11,"column":0},"end":{"line":11,"column":6}},"11":{"start":{"line":12,"column":0},"end":{"line":12,"column":46}},"12":{"start":{"line":13,"column":0},"end":{"line":13,"column":13}},"13":{"start":{"line":14,"column":0},"end":{"line":14,"column":72}},"14":{"start":{"line":15,"column":0},"end":{"line":15,"column":48}},"15":{"start":{"line":16,"column":0},"end":{"line":16,"column":25}},"16":{"start":{"line":17,"column":0},"end":{"line":17,"column":31}},"17":{"start":{"line":18,"column":0},"end":{"line":18,"column":9}},"18":{"start":{"line":19,"column":0},"end":{"line":19,"column":6}},"19":{"start":{"line":20,"column":0},"end":{"line":20,"column":51}},"20":{"start":{"line":21,"column":0},"end":{"line":21,"column":13}},"21":{"start":{"line":22,"column":0},"end":{"line":22,"column":77}},"22":{"start":{"line":23,"column":0},"end":{"line":23,"column":48}},"23":{"start":{"line":24,"column":0},"end":{"line":24,"column":25}},"24":{"start":{"line":25,"column":0},"end":{"line":25,"column":31}},"25":{"start":{"line":26,"column":0},"end":{"line":26,"column":9}},"26":{"start":{"line":27,"column":0},"end":{"line":27,"column":6}},"27":{"start":{"line":28,"column":0},"end":{"line":28,"column":45}},"28":{"start":{"line":29,"column":0},"end":{"line":29,"column":13}},"29":{"start":{"line":30,"column":0},"end":{"line":30,"column":65}},"30":{"start":{"line":31,"column":0},"end":{"line":31,"column":48}},"31":{"start":{"line":32,"column":0},"end":{"line":32,"column":25}},"32":{"start":{"line":33,"column":0},"end":{"line":33,"column":31}},"33":{"start":{"line":34,"column":0},"end":{"line":34,"column":9}},"34":{"start":{"line":35,"column":0},"end":{"line":35,"column":6}},"35":{"start":{"line":36,"column":0},"end":{"line":36,"column":45}},"36":{"start":{"line":37,"column":0},"end":{"line":37,"column":13}},"37":{"start":{"line":38,"column":0},"end":{"line":38,"column":80}},"38":{"start":{"line":39,"column":0},"end":{"line":39,"column":48}},"39":{"start":{"line":40,"column":0},"end":{"line":40,"column":25}},"40":{"start":{"line":41,"column":0},"end":{"line":41,"column":31}},"41":{"start":{"line":42,"column":0},"end":{"line":42,"column":9}},"42":{"start":{"line":43,"column":0},"end":{"line":43,"column":6}},"43":{"start":{"line":44,"column":0},"end":{"line":44,"column":45}},"44":{"start":{"line":45,"column":0},"end":{"line":45,"column":13}},"45":{"start":{"line":46,"column":0},"end":{"line":46,"column":70}},"46":{"start":{"line":47,"column":0},"end":{"line":47,"column":48}},"47":{"start":{"line":48,"column":0},"end":{"line":48,"column":25}},"48":{"start":{"line":49,"column":0},"end":{"line":49,"column":31}},"49":{"start":{"line":50,"column":0},"end":{"line":50,"column":9}},"50":{"start":{"line":51,"column":0},"end":{"line":51,"column":5}},"51":{"start":{"line":52,"column":0},"end":{"line":52,"column":1}}},"s":{"0":1,"1":1,"2":1,"3":1,"4":2,"5":2,"6":1,"7":1,"8":1,"9":1,"10":1,"11":1,"12":1,"13":1,"14":1,"15":1,"16":0,"17":0,"18":1,"19":1,"20":1,"21":1,"22":1,"23":1,"24":0,"25":0,"26":1,"27":1,"28":1,"29":1,"30":1,"31":1,"32":0,"33":0,"34":1,"35":1,"36":1,"37":1,"38":1,"39":1,"40":0,"41":0,"42":1,"43":1,"44":1,"45":1,"46":1,"47":1,"48":0,"49":0,"50":1,"51":1},"branchMap":{"0":{"type":"branch","line":4,"loc":{"start":{"line":4,"column":19},"end":{"line":11,"column":5}},"locations":[{"start":{"line":4,"column":19},"end":{"line":11,"column":5}}]},"1":{"type":"branch","line":6,"loc":{"start":{"line":6,"column":58},"end":{"line":10,"column":9}},"locations":[{"start":{"line":6,"column":58},"end":{"line":10,"column":9}}]},"2":{"type":"branch","line":12,"loc":{"start":{"line":12,"column":19},"end":{"line":19,"column":5}},"locations":[{"start":{"line":12,"column":19},"end":{"line":19,"column":5}}]},"3":{"type":"branch","line":16,"loc":{"start":{"line":16,"column":10},"end":{"line":18,"column":9}},"locations":[{"start":{"line":16,"column":10},"end":{"line":18,"column":9}}]},"4":{"type":"branch","line":20,"loc":{"start":{"line":20,"column":24},"end":{"line":27,"column":5}},"locations":[{"start":{"line":20,"column":24},"end":{"line":27,"column":5}}]},"5":{"type":"branch","line":24,"loc":{"start":{"line":24,"column":10},"end":{"line":26,"column":9}},"locations":[{"start":{"line":24,"column":10},"end":{"line":26,"column":9}}]},"6":{"type":"branch","line":28,"loc":{"start":{"line":28,"column":18},"end":{"line":35,"column":5}},"locations":[{"start":{"line":28,"column":18},"end":{"line":35,"column":5}}]},"7":{"type":"branch","line":32,"loc":{"start":{"line":32,"column":10},"end":{"line":34,"column":9}},"locations":[{"start":{"line":32,"column":10},"end":{"line":34,"column":9}}]},"8":{"type":"branch","line":36,"loc":{"start":{"line":36,"column":18},"end":{"line":43,"column":5}},"locations":[{"start":{"line":36,"column":18},"end":{"line":43,"column":5}}]},"9":{"type":"branch","line":40,"loc":{"start":{"line":40,"column":10},"end":{"line":42,"column":9}},"locations":[{"start":{"line":40,"column":10},"end":{"line":42,"column":9}}]},"10":{"type":"branch","line":44,"loc":{"start":{"line":44,"column":18},"end":{"line":51,"column":5}},"locations":[{"start":{"line":44,"column":18},"end":{"line":51,"column":5}}]},"11":{"type":"branch","line":48,"loc":{"start":{"line":48,"column":10},"end":{"line":50,"column":9}},"locations":[{"start":{"line":48,"column":10},"end":{"line":50,"column":9}}]}},"b":{"0":[2],"1":[1],"2":[1],"3":[0],"4":[1],"5":[0],"6":[1],"7":[0],"8":[1],"9":[0],"10":[1],"11":[0]},"fnMap":{"0":{"name":"getAllOptions","decl":{"start":{"line":4,"column":19},"end":{"line":11,"column":5}},"loc":{"start":{"line":4,"column":19},"end":{"line":11,"column":5}},"line":4},"1":{"name":"getOptionById","decl":{"start":{"line":12,"column":19},"end":{"line":19,"column":5}},"loc":{"start":{"line":12,"column":19},"end":{"line":19,"column":5}},"line":12},"2":{"name":"getOptionByInputId","decl":{"start":{"line":20,"column":24},"end":{"line":27,"column":5}},"loc":{"start":{"line":20,"column":24},"end":{"line":27,"column":5}},"line":20},"3":{"name":"createOption","decl":{"start":{"line":28,"column":18},"end":{"line":35,"column":5}},"loc":{"start":{"line":28,"column":18},"end":{"line":35,"column":5}},"line":28},"4":{"name":"updateOption","decl":{"start":{"line":36,"column":18},"end":{"line":43,"column":5}},"loc":{"start":{"line":36,"column":18},"end":{"line":43,"column":5}},"line":36},"5":{"name":"deleteOption","decl":{"start":{"line":44,"column":18},"end":{"line":51,"column":5}},"loc":{"start":{"line":44,"column":18},"end":{"line":51,"column":5}},"line":44}},"f":{"0":2,"1":1,"2":1,"3":1,"4":1,"5":1}}
,"/home/valentin/projects/ArtiCo/API/controllers/submission-controller.js": {"path":"/home/valentin/projects/ArtiCo/API/controllers/submission-controller.js","all":false,"statementMap":{"0":{"start":{"line":1,"column":0},"end":{"line":1,"column":71}},"1":{"start":{"line":2,"column":0},"end":{"line":2,"column":0}},"2":{"start":{"line":3,"column":0},"end":{"line":3,"column":18}},"3":{"start":{"line":4,"column":0},"end":{"line":4,"column":50}},"4":{"start":{"line":5,"column":0},"end":{"line":5,"column":13}},"5":{"start":{"line":6,"column":0},"end":{"line":6,"column":66}},"6":{"start":{"line":7,"column":0},"end":{"line":7,"column":53}},"7":{"start":{"line":8,"column":0},"end":{"line":8,"column":25}},"8":{"start":{"line":9,"column":0},"end":{"line":9,"column":31}},"9":{"start":{"line":10,"column":0},"end":{"line":10,"column":9}},"10":{"start":{"line":11,"column":0},"end":{"line":11,"column":6}},"11":{"start":{"line":12,"column":0},"end":{"line":12,"column":50}},"12":{"start":{"line":13,"column":0},"end":{"line":13,"column":13}},"13":{"start":{"line":14,"column":0},"end":{"line":14,"column":79}},"14":{"start":{"line":15,"column":0},"end":{"line":15,"column":52}},"15":{"start":{"line":16,"column":0},"end":{"line":16,"column":25}},"16":{"start":{"line":17,"column":0},"end":{"line":17,"column":31}},"17":{"start":{"line":18,"column":0},"end":{"line":18,"column":9}},"18":{"start":{"line":19,"column":0},"end":{"line":19,"column":6}},"19":{"start":{"line":20,"column":0},"end":{"line":20,"column":60}},"20":{"start":{"line":21,"column":0},"end":{"line":21,"column":13}},"21":{"start":{"line":22,"column":0},"end":{"line":22,"column":89}},"22":{"start":{"line":23,"column":0},"end":{"line":23,"column":52}},"23":{"start":{"line":24,"column":0},"end":{"line":24,"column":25}},"24":{"start":{"line":25,"column":0},"end":{"line":25,"column":31}},"25":{"start":{"line":26,"column":0},"end":{"line":26,"column":9}},"26":{"start":{"line":27,"column":0},"end":{"line":27,"column":6}},"27":{"start":{"line":28,"column":0},"end":{"line":28,"column":49}},"28":{"start":{"line":29,"column":0},"end":{"line":29,"column":13}},"29":{"start":{"line":30,"column":0},"end":{"line":30,"column":72}},"30":{"start":{"line":31,"column":0},"end":{"line":31,"column":52}},"31":{"start":{"line":32,"column":0},"end":{"line":32,"column":25}},"32":{"start":{"line":33,"column":0},"end":{"line":33,"column":31}},"33":{"start":{"line":34,"column":0},"end":{"line":34,"column":9}},"34":{"start":{"line":35,"column":0},"end":{"line":35,"column":6}},"35":{"start":{"line":36,"column":0},"end":{"line":36,"column":49}},"36":{"start":{"line":37,"column":0},"end":{"line":37,"column":13}},"37":{"start":{"line":38,"column":0},"end":{"line":38,"column":77}},"38":{"start":{"line":39,"column":0},"end":{"line":39,"column":52}},"39":{"start":{"line":40,"column":0},"end":{"line":40,"column":25}},"40":{"start":{"line":41,"column":0},"end":{"line":41,"column":31}},"41":{"start":{"line":42,"column":0},"end":{"line":42,"column":9}},"42":{"start":{"line":43,"column":0},"end":{"line":43,"column":5}},"43":{"start":{"line":44,"column":0},"end":{"line":44,"column":1}}},"s":{"0":1,"1":1,"2":1,"3":1,"4":2,"5":2,"6":1,"7":1,"8":1,"9":1,"10":1,"11":1,"12":1,"13":1,"14":1,"15":1,"16":0,"17":0,"18":1,"19":1,"20":1,"21":1,"22":1,"23":1,"24":0,"25":0,"26":1,"27":1,"28":2,"29":2,"30":1,"31":1,"32":1,"33":1,"34":1,"35":1,"36":1,"37":1,"38":1,"39":1,"40":0,"41":0,"42":1,"43":1},"branchMap":{"0":{"type":"branch","line":4,"loc":{"start":{"line":4,"column":23},"end":{"line":11,"column":5}},"locations":[{"start":{"line":4,"column":23},"end":{"line":11,"column":5}}]},"1":{"type":"branch","line":6,"loc":{"start":{"line":6,"column":65},"end":{"line":10,"column":9}},"locations":[{"start":{"line":6,"column":65},"end":{"line":10,"column":9}}]},"2":{"type":"branch","line":12,"loc":{"start":{"line":12,"column":23},"end":{"line":19,"column":5}},"locations":[{"start":{"line":12,"column":23},"end":{"line":19,"column":5}}]},"3":{"type":"branch","line":16,"loc":{"start":{"line":16,"column":10},"end":{"line":18,"column":9}},"locations":[{"start":{"line":16,"column":10},"end":{"line":18,"column":9}}]},"4":{"type":"branch","line":20,"loc":{"start":{"line":20,"column":33},"end":{"line":27,"column":5}},"locations":[{"start":{"line":20,"column":33},"end":{"line":27,"column":5}}]},"5":{"type":"branch","line":24,"loc":{"start":{"line":24,"column":10},"end":{"line":26,"column":9}},"locations":[{"start":{"line":24,"column":10},"end":{"line":26,"column":9}}]},"6":{"type":"branch","line":28,"loc":{"start":{"line":28,"column":22},"end":{"line":35,"column":5}},"locations":[{"start":{"line":28,"column":22},"end":{"line":35,"column":5}}]},"7":{"type":"branch","line":30,"loc":{"start":{"line":30,"column":71},"end":{"line":34,"column":9}},"locations":[{"start":{"line":30,"column":71},"end":{"line":34,"column":9}}]},"8":{"type":"branch","line":36,"loc":{"start":{"line":36,"column":22},"end":{"line":43,"column":5}},"locations":[{"start":{"line":36,"column":22},"end":{"line":43,"column":5}}]},"9":{"type":"branch","line":40,"loc":{"start":{"line":40,"column":10},"end":{"line":42,"column":9}},"locations":[{"start":{"line":40,"column":10},"end":{"line":42,"column":9}}]}},"b":{"0":[2],"1":[1],"2":[1],"3":[0],"4":[1],"5":[0],"6":[2],"7":[1],"8":[1],"9":[0]},"fnMap":{"0":{"name":"getAllSubmissions","decl":{"start":{"line":4,"column":23},"end":{"line":11,"column":5}},"loc":{"start":{"line":4,"column":23},"end":{"line":11,"column":5}},"line":4},"1":{"name":"getSubmissionById","decl":{"start":{"line":12,"column":23},"end":{"line":19,"column":5}},"loc":{"start":{"line":12,"column":23},"end":{"line":19,"column":5}},"line":12},"2":{"name":"getSubmissionByFormulaireId","decl":{"start":{"line":20,"column":33},"end":{"line":27,"column":5}},"loc":{"start":{"line":20,"column":33},"end":{"line":27,"column":5}},"line":20},"3":{"name":"createSubmission","decl":{"start":{"line":28,"column":22},"end":{"line":35,"column":5}},"loc":{"start":{"line":28,"column":22},"end":{"line":35,"column":5}},"line":28},"4":{"name":"deleteSubmission","decl":{"start":{"line":36,"column":22},"end":{"line":43,"column":5}},"loc":{"start":{"line":36,"column":22},"end":{"line":43,"column":5}},"line":36}},"f":{"0":2,"1":1,"2":1,"3":2,"4":1}}
,"/home/valentin/projects/ArtiCo/API/controllers/user-controller.js": {"path":"/home/valentin/projects/ArtiCo/API/controllers/user-controller.js","all":false,"statementMap":{"0":{"start":{"line":1,"column":0},"end":{"line":1,"column":59}},"1":{"start":{"line":2,"column":0},"end":{"line":2,"column":0}},"2":{"start":{"line":3,"column":0},"end":{"line":3,"column":18}},"3":{"start":{"line":4,"column":0},"end":{"line":4,"column":44}},"4":{"start":{"line":5,"column":0},"end":{"line":5,"column":13}},"5":{"start":{"line":6,"column":0},"end":{"line":6,"column":58}},"6":{"start":{"line":7,"column":0},"end":{"line":7,"column":47}},"7":{"start":{"line":8,"column":0},"end":{"line":8,"column":25}},"8":{"start":{"line":9,"column":0},"end":{"line":9,"column":31}},"9":{"start":{"line":10,"column":0},"end":{"line":10,"column":9}},"10":{"start":{"line":11,"column":0},"end":{"line":11,"column":6}},"11":{"start":{"line":12,"column":0},"end":{"line":12,"column":38}},"12":{"start":{"line":13,"column":0},"end":{"line":13,"column":13}},"13":{"start":{"line":14,"column":0},"end":{"line":14,"column":68}},"14":{"start":{"line":15,"column":0},"end":{"line":15,"column":46}},"15":{"start":{"line":16,"column":0},"end":{"line":16,"column":25}},"16":{"start":{"line":17,"column":0},"end":{"line":17,"column":31}},"17":{"start":{"line":18,"column":0},"end":{"line":18,"column":9}},"18":{"start":{"line":19,"column":0},"end":{"line":19,"column":6}},"19":{"start":{"line":20,"column":0},"end":{"line":20,"column":44}},"20":{"start":{"line":21,"column":0},"end":{"line":21,"column":13}},"21":{"start":{"line":22,"column":0},"end":{"line":22,"column":70}},"22":{"start":{"line":23,"column":0},"end":{"line":23,"column":46}},"23":{"start":{"line":24,"column":0},"end":{"line":24,"column":25}},"24":{"start":{"line":25,"column":0},"end":{"line":25,"column":31}},"25":{"start":{"line":26,"column":0},"end":{"line":26,"column":9}},"26":{"start":{"line":27,"column":0},"end":{"line":27,"column":6}},"27":{"start":{"line":28,"column":0},"end":{"line":28,"column":43}},"28":{"start":{"line":29,"column":0},"end":{"line":29,"column":13}},"29":{"start":{"line":30,"column":0},"end":{"line":30,"column":79}},"30":{"start":{"line":31,"column":0},"end":{"line":31,"column":46}},"31":{"start":{"line":32,"column":0},"end":{"line":32,"column":25}},"32":{"start":{"line":33,"column":0},"end":{"line":33,"column":31}},"33":{"start":{"line":34,"column":0},"end":{"line":34,"column":9}},"34":{"start":{"line":35,"column":0},"end":{"line":35,"column":6}},"35":{"start":{"line":36,"column":0},"end":{"line":36,"column":43}},"36":{"start":{"line":37,"column":0},"end":{"line":37,"column":13}},"37":{"start":{"line":38,"column":0},"end":{"line":38,"column":69}},"38":{"start":{"line":39,"column":0},"end":{"line":39,"column":46}},"39":{"start":{"line":40,"column":0},"end":{"line":40,"column":25}},"40":{"start":{"line":41,"column":0},"end":{"line":41,"column":31}},"41":{"start":{"line":42,"column":0},"end":{"line":42,"column":9}},"42":{"start":{"line":43,"column":0},"end":{"line":43,"column":6}},"43":{"start":{"line":44,"column":0},"end":{"line":44,"column":49}},"44":{"start":{"line":45,"column":0},"end":{"line":45,"column":13}},"45":{"start":{"line":46,"column":0},"end":{"line":46,"column":85}},"46":{"start":{"line":47,"column":0},"end":{"line":47,"column":46}},"47":{"start":{"line":48,"column":0},"end":{"line":48,"column":25}},"48":{"start":{"line":49,"column":0},"end":{"line":49,"column":31}},"49":{"start":{"line":50,"column":0},"end":{"line":50,"column":9}},"50":{"start":{"line":51,"column":0},"end":{"line":51,"column":6}},"51":{"start":{"line":52,"column":0},"end":{"line":52,"column":54}},"52":{"start":{"line":53,"column":0},"end":{"line":53,"column":13}},"53":{"start":{"line":54,"column":0},"end":{"line":54,"column":68}},"54":{"start":{"line":55,"column":0},"end":{"line":55,"column":47}},"55":{"start":{"line":56,"column":0},"end":{"line":56,"column":25}},"56":{"start":{"line":57,"column":0},"end":{"line":57,"column":31}},"57":{"start":{"line":58,"column":0},"end":{"line":58,"column":9}},"58":{"start":{"line":59,"column":0},"end":{"line":59,"column":5}},"59":{"start":{"line":60,"column":0},"end":{"line":60,"column":1}}},"s":{"0":1,"1":1,"2":1,"3":1,"4":2,"5":2,"6":1,"7":1,"8":1,"9":1,"10":1,"11":1,"12":1,"13":1,"14":1,"15":1,"16":0,"17":0,"18":1,"19":1,"20":2,"21":2,"22":1,"23":1,"24":1,"25":1,"26":1,"27":1,"28":2,"29":2,"30":1,"31":1,"32":1,"33":1,"34":1,"35":1,"36":1,"37":1,"38":1,"39":1,"40":0,"41":0,"42":1,"43":1,"44":1,"45":1,"46":1,"47":1,"48":0,"49":0,"50":1,"51":1,"52":0,"53":0,"54":0,"55":0,"56":0,"57":0,"58":0,"59":1},"branchMap":{"0":{"type":"branch","line":4,"loc":{"start":{"line":4,"column":17},"end":{"line":11,"column":5}},"locations":[{"start":{"line":4,"column":17},"end":{"line":11,"column":5}}]},"1":{"type":"branch","line":6,"loc":{"start":{"line":6,"column":57},"end":{"line":10,"column":9}},"locations":[{"start":{"line":6,"column":57},"end":{"line":10,"column":9}}]},"2":{"type":"branch","line":12,"loc":{"start":{"line":12,"column":11},"end":{"line":19,"column":5}},"locations":[{"start":{"line":12,"column":11},"end":{"line":19,"column":5}}]},"3":{"type":"branch","line":16,"loc":{"start":{"line":16,"column":10},"end":{"line":18,"column":9}},"locations":[{"start":{"line":16,"column":10},"end":{"line":18,"column":9}}]},"4":{"type":"branch","line":20,"loc":{"start":{"line":20,"column":17},"end":{"line":27,"column":5}},"locations":[{"start":{"line":20,"column":17},"end":{"line":27,"column":5}}]},"5":{"type":"branch","line":22,"loc":{"start":{"line":22,"column":69},"end":{"line":26,"column":9}},"locations":[{"start":{"line":22,"column":69},"end":{"line":26,"column":9}}]},"6":{"type":"branch","line":28,"loc":{"start":{"line":28,"column":16},"end":{"line":35,"column":5}},"locations":[{"start":{"line":28,"column":16},"end":{"line":35,"column":5}}]},"7":{"type":"branch","line":30,"loc":{"start":{"line":30,"column":78},"end":{"line":34,"column":9}},"locations":[{"start":{"line":30,"column":78},"end":{"line":34,"column":9}}]},"8":{"type":"branch","line":36,"loc":{"start":{"line":36,"column":16},"end":{"line":43,"column":5}},"locations":[{"start":{"line":36,"column":16},"end":{"line":43,"column":5}}]},"9":{"type":"branch","line":40,"loc":{"start":{"line":40,"column":10},"end":{"line":42,"column":9}},"locations":[{"start":{"line":40,"column":10},"end":{"line":42,"column":9}}]},"10":{"type":"branch","line":44,"loc":{"start":{"line":44,"column":22},"end":{"line":51,"column":5}},"locations":[{"start":{"line":44,"column":22},"end":{"line":51,"column":5}}]},"11":{"type":"branch","line":48,"loc":{"start":{"line":48,"column":10},"end":{"line":50,"column":9}},"locations":[{"start":{"line":48,"column":10},"end":{"line":50,"column":9}}]}},"b":{"0":[2],"1":[1],"2":[1],"3":[0],"4":[2],"5":[1],"6":[2],"7":[1],"8":[1],"9":[0],"10":[1],"11":[0]},"fnMap":{"0":{"name":"getAllUsers","decl":{"start":{"line":4,"column":17},"end":{"line":11,"column":5}},"loc":{"start":{"line":4,"column":17},"end":{"line":11,"column":5}},"line":4},"1":{"name":"getMe","decl":{"start":{"line":12,"column":11},"end":{"line":19,"column":5}},"loc":{"start":{"line":12,"column":11},"end":{"line":19,"column":5}},"line":12},"2":{"name":"getUserById","decl":{"start":{"line":20,"column":17},"end":{"line":27,"column":5}},"loc":{"start":{"line":20,"column":17},"end":{"line":27,"column":5}},"line":20},"3":{"name":"updateUser","decl":{"start":{"line":28,"column":16},"end":{"line":35,"column":5}},"loc":{"start":{"line":28,"column":16},"end":{"line":35,"column":5}},"line":28},"4":{"name":"deleteUser","decl":{"start":{"line":36,"column":16},"end":{"line":43,"column":5}},"loc":{"start":{"line":36,"column":16},"end":{"line":43,"column":5}},"line":36},"5":{"name":"modifyUserAccess","decl":{"start":{"line":44,"column":22},"end":{"line":51,"column":5}},"loc":{"start":{"line":44,"column":22},"end":{"line":51,"column":5}},"line":44},"6":{"name":"getAllUsersWithAccess","decl":{"start":{"line":52,"column":27},"end":{"line":59,"column":5}},"loc":{"start":{"line":52,"column":27},"end":{"line":59,"column":5}},"line":52}},"f":{"0":2,"1":1,"2":2,"3":2,"4":1,"5":1,"6":0}}
,"/home/valentin/projects/ArtiCo/API/customclasses/HttpError.js": {"path":"/home/valentin/projects/ArtiCo/API/customclasses/HttpError.js","all":false,"statementMap":{"0":{"start":{"line":1,"column":0},"end":{"line":1,"column":31}},"1":{"start":{"line":2,"column":0},"end":{"line":2,"column":34}},"2":{"start":{"line":3,"column":0},"end":{"line":3,"column":23}},"3":{"start":{"line":4,"column":0},"end":{"line":4,"column":29}},"4":{"start":{"line":5,"column":0},"end":{"line":5,"column":29}},"5":{"start":{"line":6,"column":0},"end":{"line":6,"column":5}},"6":{"start":{"line":7,"column":0},"end":{"line":7,"column":1}},"7":{"start":{"line":8,"column":0},"end":{"line":8,"column":0}},"8":{"start":{"line":9,"column":0},"end":{"line":9,"column":27}}},"s":{"0":1,"1":1,"2":31,"3":31,"4":31,"5":31,"6":1,"7":1,"8":1},"branchMap":{"0":{"type":"branch","line":2,"loc":{"start":{"line":2,"column":4},"end":{"line":6,"column":5}},"locations":[{"start":{"line":2,"column":4},"end":{"line":6,"column":5}}]}},"b":{"0":[31]},"fnMap":{"0":{"name":"HttpError","decl":{"start":{"line":2,"column":4},"end":{"line":6,"column":5}},"loc":{"start":{"line":2,"column":4},"end":{"line":6,"column":5}},"line":2}},"f":{"0":31}}
,"/home/valentin/projects/ArtiCo/API/prisma/generated/client/client.js": {"path":"/home/valentin/projects/ArtiCo/API/prisma/generated/client/client.js","all":false,"statementMap":{"0":{"start":{"line":1,"column":0},"end":{"line":1,"column":0}},"1":{"start":{"line":2,"column":0},"end":{"line":2,"column":66}},"2":{"start":{"line":3,"column":0},"end":{"line":3,"column":20}},"3":{"start":{"line":4,"column":0},"end":{"line":4,"column":40}},"4":{"start":{"line":5,"column":0},"end":{"line":5,"column":36}}},"s":{"0":1,"1":1,"2":1,"3":1,"4":1},"branchMap":{},"b":{},"fnMap":{},"f":{}}
[...]
olumn":88}},"16":{"start":{"line":17,"column":0},"end":{"line":17,"column":6}},"17":{"start":{"line":18,"column":0},"end":{"line":18,"column":49}},"18":{"start":{"line":19,"column":0},"end":{"line":19,"column":86}},"19":{"start":{"line":20,"column":0},"end":{"line":20,"column":61}},"20":{"start":{"line":21,"column":0},"end":{"line":21,"column":6}},"21":{"start":{"line":22,"column":0},"end":{"line":22,"column":29}},"22":{"start":{"line":23,"column":0},"end":{"line":23,"column":76}},"23":{"start":{"line":24,"column":0},"end":{"line":24,"column":18}},"24":{"start":{"line":25,"column":0},"end":{"line":25,"column":67}},"25":{"start":{"line":26,"column":0},"end":{"line":26,"column":9}},"26":{"start":{"line":27,"column":0},"end":{"line":27,"column":66}},"27":{"start":{"line":28,"column":0},"end":{"line":28,"column":82}},"28":{"start":{"line":29,"column":0},"end":{"line":29,"column":24}},"29":{"start":{"line":30,"column":0},"end":{"line":30,"column":68}},"30":{"start":{"line":31,"column":0},"end":{"line":31,"column":9}},"31":{"start":{"line":32,"column":0},"end":{"line":32,"column":30}},"32":{"start":{"line":33,"column":0},"end":{"line":33,"column":64}},"33":{"start":{"line":34,"column":0},"end":{"line":34,"column":83}},"34":{"start":{"line":35,"column":0},"end":{"line":35,"column":31}},"35":{"start":{"line":36,"column":0},"end":{"line":36,"column":73}},"36":{"start":{"line":37,"column":0},"end":{"line":37,"column":13}},"37":{"start":{"line":38,"column":0},"end":{"line":38,"column":46}},"38":{"start":{"line":39,"column":0},"end":{"line":39,"column":16}},"39":{"start":{"line":40,"column":0},"end":{"line":40,"column":44}},"40":{"start":{"line":41,"column":0},"end":{"line":41,"column":9}},"41":{"start":{"line":42,"column":0},"end":{"line":42,"column":109}},"42":{"start":{"line":43,"column":0},"end":{"line":43,"column":43}},"43":{"start":{"line":44,"column":0},"end":{"line":44,"column":46}},"44":{"start":{"line":45,"column":0},"end":{"line":45,"column":6}},"45":{"start":{"line":46,"column":0},"end":{"line":46,"column":27}},"46":{"start":{"line":47,"column":0},"end":{"line":47,"column":73}},"47":{"start":{"line":48,"column":0},"end":{"line":48,"column":5}},"48":{"start":{"line":49,"column":0},"end":{"line":49,"column":1}},"49":{"start":{"line":50,"column":0},"end":{"line":50,"column":0}},"50":{"start":{"line":51,"column":0},"end":{"line":51,"column":0}},"51":{"start":{"line":52,"column":0},"end":{"line":52,"column":0}},"52":{"start":{"line":53,"column":0},"end":{"line":53,"column":0}},"53":{"start":{"line":54,"column":0},"end":{"line":54,"column":0}},"54":{"start":{"line":55,"column":0},"end":{"line":55,"column":0}},"55":{"start":{"line":56,"column":0},"end":{"line":56,"column":47231}}},"s":{"0":1,"1":1,"2":1,"3":1,"4":1,"5":1,"6":1,"7":1,"8":1,"9":1,"10":1,"11":1,"12":2,"13":1,"14":1,"15":1,"16":1,"17":1,"18":1,"19":1,"20":1,"21":1,"22":2,"23":2,"24":1,"25":1,"26":1,"27":1,"28":2,"29":0,"30":0,"31":1,"32":2,"33":0,"34":0,"35":0,"36":0,"37":0,"38":2,"39":1,"40":1,"41":1,"42":1,"43":1,"44":1,"45":1,"46":1,"47":1,"48":1,"49":1,"50":1,"51":1,"52":1,"53":1,"54":1,"55":1},"branchMap":{"0":{"type":"branch","line":12,"loc":{"start":{"line":12,"column":14},"end":{"line":14,"column":5}},"locations":[{"start":{"line":12,"column":14},"end":{"line":14,"column":5}}]},"1":{"type":"branch","line":15,"loc":{"start":{"line":15,"column":13},"end":{"line":17,"column":5}},"locations":[{"start":{"line":15,"column":13},"end":{"line":17,"column":5}}]},"2":{"type":"branch","line":18,"loc":{"start":{"line":18,"column":24},"end":{"line":21,"column":5}},"locations":[{"start":{"line":18,"column":24},"end":{"line":21,"column":5}}]},"3":{"type":"branch","line":22,"loc":{"start":{"line":22,"column":12},"end":{"line":45,"column":5}},"locations":[{"start":{"line":22,"column":12},"end":{"line":45,"column":5}}]},"4":{"type":"branch","line":24,"loc":{"start":{"line":24,"column":17},"end":{"line":29,"column":23}},"locations":[{"start":{"line":24,"column":17},"end":{"line":29,"column":23}}]},"5":{"type":"branch","line":29,"loc":{"start":{"line":29,"column":23},"end":{"line":31,"column":9}},"locations":[{"start":{"line":29,"column":23},"end":{"line":31,"column":9}}]},"6":{"type":"branch","line":31,"loc":{"start":{"line":31,"column":8},"end":{"line":33,"column":61}},"locations":[{"start":{"line":31,"column":8},"end":{"line":33,"column":61}}]},"7":{"type":"branch","line":33,"loc":{"start":{"line":33,"column":63},"end":{"line":39,"column":9}},"locations":[{"start":{"line":33,"column":63},"end":{"line":39,"column":9}}]},"8":{"type":"branch","line":39,"loc":{"start":{"line":39,"column":9},"end":{"line":45,"column":5}},"locations":[{"start":{"line":39,"column":9},"end":{"line":45,"column":5}}]},"9":{"type":"branch","line":46,"loc":{"start":{"line":46,"column":12},"end":{"line":48,"column":5}},"locations":[{"start":{"line":46,"column":12},"end":{"line":48,"column":5}}]},"10":{"type":"branch","line":56,"loc":{"start":{"line":56,"column":68},"end":{"line":56,"column":46318}},"locations":[{"start":{"line":56,"column":68},"end":{"line":56,"column":46318}}]},"11":{"type":"branch","line":56,"loc":{"start":{"line":56,"column":46290},"end":{"line":56,"column":46317}},"locations":[{"start":{"line":56,"column":46290},"end":{"line":56,"column":46317}}]},"12":{"type":"branch","line":56,"loc":{"start":{"line":56,"column":46345},"end":{"line":56,"column":46450}},"locations":[{"start":{"line":56,"column":46345},"end":{"line":56,"column":46450}}]},"13":{"type":"branch","line":56,"loc":{"start":{"line":56,"column":46430},"end":{"line":56,"column":46441}},"locations":[{"start":{"line":56,"column":46430},"end":{"line":56,"column":46441}}]}},"b":{"0":[2],"1":[1],"2":[1],"3":[2],"4":[1],"5":[0],"6":[1],"7":[0],"8":[1],"9":[1],"10":[1],"11":[1],"12":[1],"13":[1]},"fnMap":{"0":{"name":"findById","decl":{"start":{"line":12,"column":14},"end":{"line":14,"column":5}},"loc":{"start":{"line":12,"column":14},"end":{"line":14,"column":5}},"line":12},"1":{"name":"findAll","decl":{"start":{"line":15,"column":13},"end":{"line":17,"column":5}},"loc":{"start":{"line":15,"column":13},"end":{"line":17,"column":5}},"line":15},"2":{"name":"findByFormulaireId","decl":{"start":{"line":18,"column":24},"end":{"line":21,"column":5}},"loc":{"start":{"line":18,"column":24},"end":{"line":21,"column":5}},"line":18},"3":{"name":"create","decl":{"start":{"line":22,"column":12},"end":{"line":45,"column":5}},"loc":{"start":{"line":22,"column":12},"end":{"line":45,"column":5}},"line":22},"4":{"name":"delete","decl":{"start":{"line":46,"column":12},"end":{"line":48,"column":5}},"loc":{"start":{"line":46,"column":12},"end":{"line":48,"column":5}},"line":46},"5":{"name":"oo_cm","decl":{"start":{"line":56,"column":68},"end":{"line":56,"column":46318}},"loc":{"start":{"line":56,"column":68},"end":{"line":56,"column":46318}},"line":56},"6":{"name":"oo_oo","decl":{"start":{"line":56,"column":46345},"end":{"line":56,"column":46450}},"loc":{"start":{"line":56,"column":46345},"end":{"line":56,"column":46450}},"line":56},"7":{"name":"oo_tr","decl":{"start":{"line":56,"column":46477},"end":{"line":56,"column":46584}},"loc":{"start":{"line":56,"column":46477},"end":{"line":56,"column":46584}},"line":56},"8":{"name":"oo_tx","decl":{"start":{"line":56,"column":46611},"end":{"line":56,"column":46718}},"loc":{"start":{"line":56,"column":46611},"end":{"line":56,"column":46718}},"line":56},"9":{"name":"oo_ts","decl":{"start":{"line":56,"column":46745},"end":{"line":56,"column":46828}},"loc":{"start":{"line":56,"column":46745},"end":{"line":56,"column":46828}},"line":56},"10":{"name":"oo_te","decl":{"start":{"line":56,"column":46855},"end":{"line":56,"column":46963}},"loc":{"start":{"line":56,"column":46855},"end":{"line":56,"column":46963}},"line":56}},"f":{"0":2,"1":1,"2":1,"3":2,"4":1,"5":1,"6":1,"7":1,"8":1,"9":1,"10":1}}
,"/home/valentin/projects/ArtiCo/API/services/user-service.js": {"path":"/home/valentin/projects/ArtiCo/API/services/user-service.js","all":false,"statementMap":{"0":{"start":{"line":1,"column":0},"end":{"line":1,"column":69}},"1":{"start":{"line":2,"column":0},"end":{"line":2,"column":62}},"2":{"start":{"line":3,"column":0},"end":{"line":3,"column":95}},"3":{"start":{"line":4,"column":0},"end":{"line":4,"column":59}},"4":{"start":{"line":5,"column":0},"end":{"line":5,"column":0}},"5":{"start":{"line":6,"column":0},"end":{"line":6,"column":18}},"6":{"start":{"line":7,"column":0},"end":{"line":7,"column":30}},"7":{"start":{"line":8,"column":0},"end":{"line":8,"column":70}},"8":{"start":{"line":9,"column":0},"end":{"line":9,"column":6}},"9":{"start":{"line":10,"column":0},"end":{"line":10,"column":40}},"10":{"start":{"line":11,"column":0},"end":{"line":11,"column":80}},"11":{"start":{"line":12,"column":0},"end":{"line":12,"column":6}},"12":{"start":{"line":13,"column":0},"end":{"line":13,"column":32}},"13":{"start":{"line":14,"column":0},"end":{"line":14,"column":63}},"14":{"start":{"line":15,"column":0},"end":{"line":15,"column":6}},"15":{"start":{"line":16,"column":0},"end":{"line":16,"column":43}},"16":{"start":{"line":17,"column":0},"end":{"line":17,"column":67}},"17":{"start":{"line":18,"column":0},"end":{"line":18,"column":6}},"18":{"start":{"line":19,"column":0},"end":{"line":19,"column":37}},"19":{"start":{"line":20,"column":0},"end":{"line":20,"column":23}},"20":{"start":{"line":21,"column":0},"end":{"line":21,"column":78}},"21":{"start":{"line":22,"column":0},"end":{"line":22,"column":56}},"22":{"start":{"line":23,"column":0},"end":{"line":23,"column":63}},"23":{"start":{"line":24,"column":0},"end":{"line":24,"column":13}},"24":{"start":{"line":25,"column":0},"end":{"line":25,"column":9}},"25":{"start":{"line":26,"column":0},"end":{"line":26,"column":22}},"26":{"start":{"line":27,"column":0},"end":{"line":27,"column":73}},"27":{"start":{"line":28,"column":0},"end":{"line":28,"column":50}},"28":{"start":{"line":29,"column":0},"end":{"line":29,"column":61}},"29":{"start":{"line":30,"column":0},"end":{"line":30,"column":13}},"30":{"start":{"line":31,"column":0},"end":{"line":31,"column":9}},"31":{"start":{"line":32,"column":0},"end":{"line":32,"column":67}},"32":{"start":{"line":33,"column":0},"end":{"line":33,"column":6}},"33":{"start":{"line":34,"column":0},"end":{"line":34,"column":31}},"34":{"start":{"line":35,"column":0},"end":{"line":35,"column":61}},"35":{"start":{"line":36,"column":0},"end":{"line":36,"column":5}},"36":{"start":{"line":37,"column":0},"end":{"line":37,"column":1}}},"s":{"0":1,"1":1,"2":1,"3":1,"4":1,"5":1,"6":1,"7":1,"8":1,"9":1,"10":0,"11":1,"12":1,"13":2,"14":1,"15":1,"16":0,"17":1,"18":1,"19":4,"20":3,"21":3,"22":1,"23":1,"24":3,"25":4,"26":2,"27":2,"28":1,"29":1,"30":2,"31":2,"32":1,"33":1,"34":1,"35":1,"36":1},"branchMap":{"0":{"type":"branch","line":7,"loc":{"start":{"line":7,"column":17},"end":{"line":9,"column":5}},"locations":[{"start":{"line":7,"column":17},"end":{"line":9,"column":5}}]},"1":{"type":"branch","line":13,"loc":{"start":{"line":13,"column":17},"end":{"line":15,"column":5}},"locations":[{"start":{"line":13,"column":17},"end":{"line":15,"column":5}}]},"2":{"type":"branch","line":19,"loc":{"start":{"line":19,"column":16},"end":{"line":33,"column":5}},"locations":[{"start":{"line":19,"column":16},"end":{"line":33,"column":5}}]},"3":{"type":"branch","line":20,"loc":{"start":{"line":20,"column":22},"end":{"line":26,"column":21}},"locations":[{"start":{"line":20,"column":22},"end":{"line":26,"column":21}}]},"4":{"type":"branch","line":22,"loc":{"start":{"line":22,"column":28},"end":{"line":22,"column":53}},"locations":[{"start":{"line":22,"column":28},"end":{"line":22,"column":53}}]},"5":{"type":"branch","line":22,"loc":{"start":{"line":22,"column":55},"end":{"line":24,"column":13}},"locations":[{"start":{"line":22,"column":55},"end":{"line":24,"column":13}}]},"6":{"type":"branch","line":26,"loc":{"start":{"line":26,"column":21},"end":{"line":33,"column":5}},"locations":[{"start":{"line":26,"column":21},"end":{"line":33,"column":5}}]},"7":{"type":"branch","line":28,"loc":{"start":{"line":28,"column":25},"end":{"line":28,"column":47}},"locations":[{"start":{"line":28,"column":25},"end":{"line":28,"column":47}}]},"8":{"type":"branch","line":28,"loc":{"start":{"line":28,"column":49},"end":{"line":30,"column":13}},"locations":[{"start":{"line":28,"column":49},"end":{"line":30,"column":13}}]},"9":{"type":"branch","line":34,"loc":{"start":{"line":34,"column":16},"end":{"line":36,"column":5}},"locations":[{"start":{"line":34,"column":16},"end":{"line":36,"column":5}}]}},"b":{"0":[1],"1":[2],"2":[4],"3":[3],"4":[2],"5":[1],"6":[2],"7":[1],"8":[1],"9":[1]},"fnMap":{"0":{"name":"getAllUsers","decl":{"start":{"line":7,"column":17},"end":{"line":9,"column":5}},"loc":{"start":{"line":7,"column":17},"end":{"line":9,"column":5}},"line":7},"1":{"name":"getAllUsersWithAccess","decl":{"start":{"line":10,"column":27},"end":{"line":12,"column":5}},"loc":{"start":{"line":10,"column":27},"end":{"line":12,"column":5}},"line":10},"2":{"name":"getUserById","decl":{"start":{"line":13,"column":17},"end":{"line":15,"column":5}},"loc":{"start":{"line":13,"column":17},"end":{"line":15,"column":5}},"line":13},"3":{"name":"modifyUserAccess","decl":{"start":{"line":16,"column":22},"end":{"line":18,"column":5}},"loc":{"start":{"line":16,"column":22},"end":{"line":18,"column":5}},"line":16},"4":{"name":"updateUser","decl":{"start":{"line":19,"column":16},"end":{"line":33,"column":5}},"loc":{"start":{"line":19,"column":16},"end":{"line":33,"column":5}},"line":19},"5":{"name":"deleteUser","decl":{"start":{"line":34,"column":16},"end":{"line":36,"column":5}},"loc":{"start":{"line":34,"column":16},"end":{"line":36,"column":5}},"line":34}},"f":{"0":1,"1":0,"2":2,"3":0,"4":4,"5":1}}
,"/home/valentin/projects/ArtiCo/API/utils/client.js": {"path":"/home/valentin/projects/ArtiCo/API/utils/client.js","all":false,"statementMap":{"0":{"start":{"line":1,"column":0},"end":{"line":1,"column":73}},"1":{"start":{"line":2,"column":0},"end":{"line":2,"column":51}},"2":{"start":{"line":3,"column":0},"end":{"line":3,"column":43}},"3":{"start":{"line":4,"column":0},"end":{"line":4,"column":0}},"4":{"start":{"line":5,"column":0},"end":{"line":5,"column":15}},"5":{"start":{"line":6,"column":0},"end":{"line":6,"column":0}},"6":{"start":{"line":7,"column":0},"end":{"line":7,"column":30}},"7":{"start":{"line":8,"column":0},"end":{"line":8,"column":47}},"8":{"start":{"line":9,"column":0},"end":{"line":9,"column":3}},"9":{"start":{"line":10,"column":0},"end":{"line":10,"column":45}},"10":{"start":{"line":11,"column":0},"end":{"line":11,"column":0}},"11":{"start":{"line":12,"column":0},"end":{"line":12,"column":24}}},"s":{"0":1,"1":1,"2":1,"3":1,"4":1,"5":1,"6":1,"7":1,"8":1,"9":1,"10":1,"11":1},"branchMap":{},"b":{},"fnMap":{},"f":{}}
,"/home/valentin/projects/ArtiCo/API/utils/hashToken.js": {"path":"/home/valentin/projects/ArtiCo/API/utils/hashToken.js","all":false,"statementMap":{"0":{"start":{"line":1,"column":0},"end":{"line":1,"column":33}},"1":{"start":{"line":2,"column":0},"end":{"line":2,"column":0}},"2":{"start":{"line":3,"column":0},"end":{"line":3,"column":59}},"3":{"start":{"line":4,"column":0},"end":{"line":4,"column":2}},"4":{"start":{"line":5,"column":0},"end":{"line":5,"column":78}},"5":{"start":{"line":6,"column":0},"end":{"line":6,"column":79}},"6":{"start":{"line":7,"column":0},"end":{"line":7,"column":80}},"7":{"start":{"line":8,"column":0},"end":{"line":8,"column":66}},"8":{"start":{"line":9,"column":0},"end":{"line":9,"column":2}},"9":{"start":{"line":10,"column":0},"end":{"line":10,"column":77}},"10":{"start":{"line":11,"column":0},"end":{"line":11,"column":76}},"11":{"start":{"line":12,"column":0},"end":{"line":12,"column":58}},"12":{"start":{"line":13,"column":0},"end":{"line":13,"column":28}},"13":{"start":{"line":14,"column":0},"end":{"line":14,"column":58}},"14":{"start":{"line":15,"column":0},"end":{"line":15,"column":0}},"15":{"start":{"line":16,"column":0},"end":{"line":16,"column":27}}},"s":{"0":1,"1":1,"2":1,"3":1,"4":1,"5":1,"6":1,"7":1,"8":1,"9":1,"10":1,"11":1,"12":1,"13":1,"14":1,"15":1},"branchMap":{"0":{"type":"branch","line":13,"loc":{"start":{"line":13,"column":19},"end":{"line":14,"column":57}},"locations":[{"start":{"line":13,"column":19},"end":{"line":14,"column":57}}]}},"b":{"0":[14]},"fnMap":{"0":{"name":"hashToken","decl":{"start":{"line":13,"column":19},"end":{"line":14,"column":57}},"loc":{"start":{"line":13,"column":19},"end":{"line":14,"column":57}},"line":13}},"f":{"0":14}}
,"/home/valentin/projects/ArtiCo/API/utils/mailer.js": {"path":"/home/valentin/projects/ArtiCo/API/utils/mailer.js","all":false,"statementMap":{"0":{"start":{"line":1,"column":0},"end":{"line":1,"column":41}},"1":{"start":{"line":2,"column":0},"end":{"line":2,"column":33}},"2":{"start":{"line":3,"column":0},"end":{"line":3,"column":0}},"3":{"start":{"line":4,"column":0},"end":{"line":4,"column":16}},"4":{"start":{"line":5,"column":0},"end":{"line":5,"column":0}},"5":{"start":{"line":6,"column":0},"end":{"line":6,"column":43}},"6":{"start":{"line":7,"column":0},"end":{"line":7,"column":21}},"7":{"start":{"line":8,"column":0},"end":{"line":8,"column":11}},"8":{"start":{"line":9,"column":0},"end":{"line":9,"column":34}},"9":{"start":{"line":10,"column":0},"end":{"line":10,"column":42}},"10":{"start":{"line":11,"column":0},"end":{"line":11,"column":5}},"11":{"start":{"line":12,"column":0},"end":{"line":12,"column":2}},"12":{"start":{"line":13,"column":0},"end":{"line":13,"column":0}},"13":{"start":{"line":14,"column":0},"end":{"line":14,"column":24}}},"s":{"0":1,"1":1,"2":1,"3":1,"4":1,"5":1,"6":1,"7":1,"8":1,"9":1,"10":1,"11":1,"12":1,"13":1},"branchMap":{},"b":{},"fnMap":{},"f":{}}
,"/home/valentin/projects/ArtiCo/API/utils/sendRecap.js": {"path":"/home/valentin/projects/ArtiCo/API/utils/sendRecap.js","all":false,"statementMap":{"0":{"start":{"line":1,"column":0},"end":{"line":1,"column":33}},"1":{"start":{"line":2,"column":0},"end":{"line":2,"column":25}},"2":{"start":{"line":3,"column":0},"end":{"line":3,"column":35}},"3":{"start":{"line":4,"column":0},"end":{"line":4,"column":0}},"4":{"start":{"line":5,"column":0},"end":{"line":5,"column":16}},"5":{"start":{"line":6,"column":0},"end":{"line":6,"column":0}},"6":{"start":{"line":7,"column":0},"end":{"line":7,"column":44}},"7":{"start":{"line":8,"column":0},"end":{"line":8,"column":74}},"8":{"start":{"line":9,"column":0},"end":{"line":9,"column":20}},"9":{"start":{"line":10,"column":0},"end":{"line":10,"column":3}},"10":{"start":{"line":11,"column":0},"end":{"line":11,"column":0}},"11":{"start":{"line":12,"column":0},"end":{"line":12,"column":69}},"12":{"start":{"line":13,"column":0},"end":{"line":13,"column":44}},"13":{"start":{"line":14,"column":0},"end":{"line":14,"column":36}},"14":{"start":{"line":15,"column":0},"end":{"line":15,"column":51}},"15":{"start":{"line":16,"column":0},"end":{"line":16,"column":106}},"16":{"start":{"line":17,"column":0},"end":{"line":17,"column":5}},"17":{"start":{"line":18,"column":0},"end":{"line":18,"column":70}},"18":{"start":{"line":19,"column":0},"end":{"line":19,"column":19}},"19":{"start":{"line":20,"column":0},"end":{"line":20,"column":21}},"20":{"start":{"line":21,"column":0},"end":{"line":21,"column":22}},"21":{"start":{"line":22,"column":0},"end":{"line":22,"column":79}},"22":{"start":{"line":23,"column":0},"end":{"line":23,"column":5}},"23":{"start":{"line":24,"column":0},"end":{"line":24,"column":2}},"24":{"start":{"line":25,"column":0},"end":{"line":25,"column":0}},"25":{"start":{"line":26,"column":0},"end":{"line":26,"column":27}}},"s":{"0":1,"1":1,"2":1,"3":1,"4":1,"5":1,"6":1,"7":1,"8":1,"9":1,"10":1,"11":1,"12":0,"13":0,"14":0,"15":0,"16":0,"17":0,"18":0,"19":0,"20":0,"21":0,"22":0,"23":0,"24":1,"25":1},"branchMap":{},"b":{},"fnMap":{"0":{"name":"sendRecap","decl":{"start":{"line":12,"column":18},"end":{"line":24,"column":2}},"loc":{"start":{"line":12,"column":18},"end":{"line":24,"column":2}},"line":12}},"f":{"0":0}}
}
