TN:
SF:controllers/auth-controller.js
FN:5,getCookieOptions
FN:23,login
FN:45,register
FN:67,reset
FN:89,refresh
FN:107,forgotPassword
FN:118,logout
FNF:7
FNH:7
FNDA:9,getCookieOptions
FNDA:3,login
FNDA:2,register
FNDA:1,reset
FNDA:3,refresh
FNDA:2,forgotPassword
FNDA:1,logout
DA:1,1
DA:2,1
DA:3,1
DA:4,1
DA:5,1
DA:6,9
DA:7,9
DA:8,9
DA:9,9
DA:10,9
DA:11,9
DA:12,9
DA:13,9
DA:14,9
DA:15,9
DA:16,4
DA:17,4
DA:18,9
DA:19,9
DA:20,9
DA:21,1
DA:22,1
DA:23,1
DA:24,3
DA:25,3
DA:26,3
DA:27,1
DA:28,1
DA:29,1
DA:30,1
DA:31,1
DA:32,1
DA:33,1
DA:34,1
DA:35,3
DA:36,2
DA:37,2
DA:38,2
DA:39,2
DA:40,2
DA:41,2
DA:42,2
DA:43,1
DA:44,1
DA:45,1
DA:46,2
DA:47,2
DA:48,2
DA:49,1
DA:50,1
DA:51,1
DA:52,1
DA:53,1
DA:54,1
DA:55,1
DA:56,1
DA:57,1
DA:58,1
DA:59,1
DA:60,1
DA:61,1
DA:62,1
DA:63,1
DA:64,1
DA:65,1
DA:66,1
DA:67,1
DA:68,1
DA:69,1
DA:70,1
DA:71,1
DA:72,1
DA:73,1
DA:74,1
DA:75,1
DA:76,1
DA:77,1
DA:78,1
DA:79,1
DA:80,0
DA:81,0
DA:82,0
DA:83,0
DA:84,0
DA:85,0
DA:86,0
DA:87,1
DA:88,1
DA:89,1
DA:90,3
DA:91,3
DA:92,3
DA:93,1
DA:94,1
DA:95,1
DA:96,1
DA:97,1
DA:98,1
DA:99,1
DA:100,3
DA:101,1
DA:102,1
DA:103,1
DA:104,1
DA:105,1
DA:106,1
DA:107,1
DA:108,2
DA:109,2
DA:110,1
DA:111,1
DA:112,1
DA:113,1
DA:114,1
DA:115,1
DA:116,1
DA:117,1
DA:118,1
DA:119,1
DA:120,1
DA:121,1
DA:122,1
DA:123,1
DA:124,1
DA:125,1
DA:126,1
DA:127,1
DA:128,1
DA:129,1
DA:130,1
DA:131,1
DA:132,0
DA:133,0
DA:134,0
DA:135,0
DA:136,1
DA:137,1
LF:137
LH:126
BRDA:5,0,0,9
BRDA:15,1,0,4
BRDA:23,2,0,3
BRDA:26,3,0,1
BRDA:35,4,0,2
BRDA:38,5,0,0
BRDA:39,6,0,1
BRDA:45,7,0,2
BRDA:48,8,0,1
BRDA:60,9,0,0
BRDA:61,10,0,0
BRDA:67,11,0,1
BRDA:79,12,0,0
BRDA:89,13,0,3
BRDA:91,14,0,2
BRDA:92,15,0,1
BRDA:100,16,0,1
BRDA:102,17,0,0
BRDA:107,18,0,2
BRDA:109,19,0,1
BRDA:113,20,0,0
BRDA:118,21,0,1
BRDA:131,22,0,0
BRF:23
BRH:16
end_of_record
TN:
SF:controllers/categorie-controller.js
FN:4,getAllCategories
FN:13,getCategorieById
FN:21,createCategorie
FN:29,updateCategorie
FN:37,deleteCategorie
FNF:5
FNH:5
FNDA:3,getAllCategories
FNDA:1,getCategorieById
FNDA:1,createCategorie
FNDA:1,updateCategorie
FNDA:1,deleteCategorie
DA:1,1
DA:2,1
DA:3,1
DA:4,1
DA:5,3
DA:6,3
DA:7,3
DA:8,2
DA:9,3
DA:10,1
DA:11,1
DA:12,1
DA:13,1
DA:14,1
DA:15,1
DA:16,1
DA:17,1
DA:18,0
DA:19,0
DA:20,1
DA:21,1
DA:22,1
DA:23,1
DA:24,1
DA:25,1
DA:26,0
DA:27,0
DA:28,1
DA:29,1
DA:30,1
DA:31,1
DA:32,1
DA:33,1
DA:34,0
DA:35,0
DA:36,1
DA:37,1
DA:38,1
DA:39,1
DA:40,1
DA:41,1
DA:42,0
DA:43,0
DA:44,1
DA:45,1
LF:45
LH:37
BRDA:4,0,0,3
BRDA:6,1,0,1
BRDA:6,2,0,2
BRDA:7,3,0,2
BRDA:9,4,0,1
BRDA:13,5,0,1
BRDA:17,6,0,0
BRDA:21,7,0,1
BRDA:25,8,0,0
BRDA:29,9,0,1
BRDA:33,10,0,0
BRDA:37,11,0,1
BRDA:41,12,0,0
BRF:13
BRH:9
end_of_record
TN:
SF:controllers/entreprise-controller.js
FN:4,getAllEntreprises
FN:13,getEntrepriseById
FN:21,getEntreprisesByUserId
FN:29,createEntreprise
FN:42,updateEntreprise
FN:55,deleteEntreprise
FNF:6
FNH:6
FNDA:2,getAllEntreprises
FNDA:1,getEntrepriseById
FNDA:1,getEntreprisesByUserId
FNDA:2,createEntreprise
FNDA:1,updateEntreprise
FNDA:1,deleteEntreprise
DA:1,1
DA:2,1
DA:3,1
DA:4,1
DA:5,2
DA:6,2
DA:7,2
DA:8,1
DA:9,1
DA:10,1
DA:11,1
DA:12,1
DA:13,1
DA:14,1
DA:15,1
DA:16,1
DA:17,1
DA:18,0
DA:19,0
DA:20,1
DA:21,1
DA:22,1
DA:23,1
DA:24,1
DA:25,1
DA:26,0
DA:27,0
DA:28,1
DA:29,1
DA:30,2
DA:31,2
DA:32,2
DA:33,1
DA:34,1
DA:35,2
DA:36,2
DA:37,2
DA:38,2
DA:39,0
DA:40,0
DA:41,1
DA:42,1
DA:43,1
DA:44,1
DA:45,0
DA:46,0
DA:47,0
DA:48,1
DA:49,1
DA:50,1
DA:51,1
DA:52,0
DA:53,0
DA:54,1
DA:55,1
DA:56,1
DA:57,1
DA:58,1
DA:59,1
DA:60,0
DA:61,0
DA:62,1
DA:63,1
LF:63
LH:50
BRDA:4,0,0,2
BRDA:7,1,0,1
BRDA:13,2,0,1
BRDA:17,3,0,0
BRDA:21,4,0,1
BRDA:25,5,0,0
BRDA:29,6,0,2
BRDA:32,7,0,1
BRDA:38,8,0,0
BRDA:42,9,0,1
BRDA:44,10,0,0
BRDA:51,11,0,0
BRDA:55,12,0,1
BRDA:59,13,0,0
BRF:14
BRH:8
end_of_record
TN:
SF:controllers/formulaire-controller.js
FN:4,getAllFormulaires
FN:12,getFormulaireById
FN:20,getFormulaireByEntrepriseId
FN:28,createFormulaire
FN:36,updateFormulaire
FN:44,deleteFormulaire
FNF:6
FNH:6
FNDA:2,getAllFormulaires
FNDA:1,getFormulaireById
FNDA:1,getFormulaireByEntrepriseId
FNDA:1,createFormulaire
FNDA:1,updateFormulaire
FNDA:1,deleteFormulaire
DA:1,1
DA:2,1
DA:3,1
DA:4,1
DA:5,2
DA:6,2
DA:7,1
DA:8,1
DA:9,1
DA:10,1
DA:11,1
DA:12,1
DA:13,1
DA:14,1
DA:15,1
DA:16,1
DA:17,0
DA:18,0
DA:19,1
DA:20,1
DA:21,1
DA:22,1
DA:23,1
DA:24,1
DA:25,0
DA:26,0
DA:27,1
DA:28,1
DA:29,1
DA:30,1
DA:31,1
DA:32,1
DA:33,0
DA:34,0
DA:35,1
DA:36,1
DA:37,1
DA:38,1
DA:39,1
DA:40,1
DA:41,0
DA:42,0
DA:43,1
DA:44,1
DA:45,1
DA:46,1
DA:47,1
DA:48,1
DA:49,0
DA:50,0
DA:51,1
DA:52,1
LF:52
LH:42
BRDA:4,0,0,2
BRDA:6,1,0,1
BRDA:12,2,0,1
BRDA:16,3,0,0
BRDA:20,4,0,1
BRDA:24,5,0,0
BRDA:28,6,0,1
BRDA:32,7,0,0
BRDA:36,8,0,1
BRDA:40,9,0,0
BRDA:44,10,0,1
BRDA:48,11,0,0
BRF:12
BRH:7
end_of_record
TN:
SF:controllers/galerie-controller.js
FN:4,getAllGaleries
FN:12,getGalerieById
FN:20,getGalerieByEntrepriseId
FN:29,createGalerie
FN:39,deleteGalerie
FN:54,oo_cm
FN:54,oo_oo
FN:54,oo_tr
FN:54,oo_tx
FN:54,oo_ts
FN:54,oo_te
FNF:11
FNH:11
FNDA:1,getAllGaleries
FNDA:1,getGalerieById
FNDA:2,getGalerieByEntrepriseId
FNDA:1,createGalerie
FNDA:1,deleteGalerie
FNDA:1,oo_cm
FNDA:1,oo_oo
FNDA:1,oo_tr
FNDA:1,oo_tx
FNDA:1,oo_ts
FNDA:1,oo_te
DA:1,1
DA:2,1
DA:3,1
DA:4,1
DA:5,1
DA:6,1
DA:7,1
DA:8,1
DA:9,0
DA:10,0
DA:11,1
DA:12,1
DA:13,1
DA:14,1
DA:15,1
DA:16,1
DA:17,0
DA:18,0
DA:19,1
DA:20,1
DA:21,2
DA:22,2
DA:23,1
DA:24,1
DA:25,1
DA:26,1
DA:27,1
DA:28,1
DA:29,1
DA:30,1
DA:31,1
DA:32,1
DA:33,1
DA:34,1
DA:35,0
DA:36,0
DA:37,0
DA:38,1
DA:39,1
DA:40,1
DA:41,1
DA:42,1
DA:43,1
DA:44,0
DA:45,0
DA:46,1
DA:47,1
DA:48,1
DA:49,1
DA:50,1
DA:51,1
DA:52,1
DA:53,1
DA:54,1
LF:54
LH:45
BRDA:4,0,0,1
BRDA:8,1,0,0
BRDA:12,2,0,1
BRDA:16,3,0,0
BRDA:20,4,0,2
BRDA:22,5,0,1
BRDA:29,6,0,1
BRDA:34,7,0,0
BRDA:39,8,0,1
BRDA:43,9,0,0
BRDA:54,10,0,1
BRDA:54,11,0,1
BRDA:54,12,0,1
BRDA:54,13,0,1
BRF:14
BRH:10
end_of_record
TN:
SF:controllers/input-controller.js
FN:4,getAllInputs
FN:12,getInputById
FN:20,getInputByFormulaireId
FN:28,createInput
FN:36,updateInput
FN:44,deleteInput
FNF:6
FNH:6
FNDA:2,getAllInputs
FNDA:1,getInputById
FNDA:1,getInputByFormulaireId
FNDA:1,createInput
FNDA:1,updateInput
FNDA:1,deleteInput
DA:1,1
DA:2,1
DA:3,1
DA:4,1
DA:5,2
DA:6,2
DA:7,1
DA:8,1
DA:9,1
DA:10,1
DA:11,1
DA:12,1
DA:13,1
DA:14,1
DA:15,1
DA:16,1
DA:17,0
DA:18,0
DA:19,1
DA:20,1
DA:21,1
DA:22,1
DA:23,1
DA:24,1
DA:25,0
DA:26,0
DA:27,1
DA:28,1
DA:29,1
DA:30,1
DA:31,1
DA:32,1
DA:33,0
DA:34,0
DA:35,1
DA:36,1
DA:37,1
DA:38,1
DA:39,1
DA:40,1
DA:41,0
DA:42,0
DA:43,1
DA:44,1
DA:45,1
DA:46,1
DA:47,1
DA:48,1
DA:49,0
DA:50,0
DA:51,1
DA:52,1
LF:52
LH:42
BRDA:4,0,0,2
BRDA:6,1,0,1
BRDA:12,2,0,1
BRDA:16,3,0,0
BRDA:20,4,0,1
BRDA:24,5,0,0
BRDA:28,6,0,1
BRDA:32,7,0,0
BRDA:36,8,0,1
BRDA:40,9,0,0
BRDA:44,10,0,1
BRDA:48,11,0,0
BRF:12
BRH:7
end_of_record
TN:
SF:controllers/options-controller.js
FN:4,getAllOptions
FN:12,getOptionById
FN:20,getOptionByInputId
FN:28,createOption
FN:36,updateOption
FN:44,deleteOption
FNF:6
FNH:6
FNDA:2,getAllOptions
FNDA:1,getOptionById
FNDA:1,getOptionByInputId
FNDA:1,createOption
FNDA:1,updateOption
FNDA:1,deleteOption
DA:1,1
DA:2,1
DA:3,1
DA:4,1
DA:5,2
DA:6,2
DA:7,1
DA:8,1
DA:9,1
DA:10,1
DA:11,1
DA:12,1
DA:13,1
DA:14,1
DA:15,1
DA:16,1
DA:17,0
DA:18,0
DA:19,1
DA:20,1
DA:21,1
DA:22,1
DA:23,1
DA:24,1
DA:25,0
DA:26,0
DA:27,1
DA:28,1
DA:29,1
DA:30,1
DA:31,1
DA:32,1
DA:33,0
DA:34,0
DA:35,1
DA:36,1
DA:37,1
DA:38,1
DA:39,1
DA:40,1
DA:41,0
DA:42,0
DA:43,1
DA:44,1
DA:45,1
DA:46,1
DA:47,1
DA:48,1
DA:49,0
DA:50,0
DA:51,1
DA:52,1
LF:52
LH:42
BRDA:4,0,0,2
BRDA:6,1,0,1
BRDA:12,2,0,1
BRDA:16,3,0,0
BRDA:20,4,0,1
BRDA:24,5,0,0
BRDA:28,6,0,1
BRDA:32,7,0,0
BRDA:36,8,0,1
BRDA:40,9,0,0
BRDA:44,10,0,1
BRDA:48,11,0,0
BRF:12
BRH:7
end_of_record
TN:
SF:controllers/submission-controller.js
FN:4,getAllSubmissions
FN:12,getSubmissionById
FN:20,getSubmissionByFormulaireId
FN:28,createSubmission
FN:36,deleteSubmission
FNF:5
FNH:5
FNDA:2,getAllSubmissions
FNDA:1,getSubmissionById
FNDA:1,getSubmissionByFormulaireId
FNDA:2,createSubmission
FNDA:1,deleteSubmission
DA:1,1
DA:2,1
DA:3,1
DA:4,1
DA:5,2
DA:6,2
DA:7,1
DA:8,1
DA:9,1
DA:10,1
DA:11,1
DA:12,1
DA:13,1
DA:14,1
DA:15,1
DA:16,1
DA:17,0
DA:18,0
DA:19,1
DA:20,1
DA:21,1
DA:22,1
DA:23,1
DA:24,1
DA:25,0
DA:26,0
DA:27,1
DA:28,1
DA:29,2
DA:30,2
DA:31,1
DA:32,1
DA:33,1
DA:34,1
DA:35,1
DA:36,1
DA:37,1
DA:38,1
DA:39,1
DA:40,1
DA:41,0
DA:42,0
DA:43,1
DA:44,1
LF:44
LH:38
BRDA:4,0,0,2
BRDA:6,1,0,1
BRDA:12,2,0,1
BRDA:16,3,0,0
BRDA:20,4,0,1
BRDA:24,5,0,0
BRDA:28,6,0,2
BRDA:30,7,0,1
BRDA:36,8,0,1
BRDA:40,9,0,0
BRF:10
BRH:7
end_of_record
TN:
SF:controllers/user-controller.js
FN:4,getAllUsers
FN:12,getMe
FN:20,getUserById
FN:28,updateUser
FN:36,deleteUser
FN:44,modifyUserAccess
FN:52,getAllUsersWithAccess
FNF:7
FNH:6
FNDA:2,getAllUsers
FNDA:1,getMe
FNDA:2,getUserById
FNDA:2,updateUser
FNDA:1,deleteUser
FNDA:1,modifyUserAccess
FNDA:0,getAllUsersWithAccess
DA:1,1
DA:2,1
DA:3,1
DA:4,1
DA:5,2
DA:6,2
DA:7,1
DA:8,1
DA:9,1
DA:10,1
DA:11,1
DA:12,1
DA:13,1
DA:14,1
DA:15,1
DA:16,1
DA:17,0
DA:18,0
DA:19,1
DA:20,1
DA:21,2
DA:22,2
DA:23,1
DA:24,1
DA:25,1
DA:26,1
DA:27,1
DA:28,1
DA:29,2
DA:30,2
DA:31,1
DA:32,1
DA:33,1
DA:34,1
DA:35,1
DA:36,1
DA:37,1
DA:38,1
DA:39,1
DA:40,1
DA:41,0
DA:42,0
DA:43,1
DA:44,1
DA:45,1
DA:46,1
DA:47,1
DA:48,1
DA:49,0
DA:50,0
DA:51,1
DA:52,1
DA:53,0
DA:54,0
DA:55,0
DA:56,0
DA:57,0
DA:58,0
DA:59,0
DA:60,1
LF:60
LH:47
BRDA:4,0,0,2
BRDA:6,1,0,1
BRDA:12,2,0,1
BRDA:16,3,0,0
BRDA:20,4,0,2
BRDA:22,5,0,1
BRDA:28,6,0,2
BRDA:30,7,0,1
BRDA:36,8,0,1
BRDA:40,9,0,0
BRDA:44,10,0,1
BRDA:48,11,0,0
BRF:12
BRH:9
end_of_record
TN:
SF:customclasses/HttpError.js
FN:2,HttpError
FNF:1
FNH:1
FNDA:31,HttpError
DA:1,1
DA:2,1
DA:3,31
DA:4,31
DA:5,31
DA:6,31
DA:7,1
DA:8,1
DA:9,1
LF:9
LH:9
BRDA:2,0,0,31
BRF:1
BRH:1
end_of_record
TN:
SF:prisma/generated/client/client.js
FNF:0
FNH:0
DA:1,1
DA:2,1
DA:3,1
DA:4,1
DA:5,1
LF:5
LH:5
BRF:0
BRH:0
end_of_record
TN:
SF:prisma/generated/client/index.js
FN:229,getRuntime
FN:230,getQueryCompilerWasmModule
FNF:2
FNH:0
FNDA:0,getRuntime
FNDA:0,getQueryCompilerWasmModule
DA:1,1
DA:2,1
DA:3,1
DA:4,1
DA:5,1
DA:6,1
DA:7,1
DA:8,1
DA:9,1
DA:10,1
DA:11,1
DA:12,1
DA:13,1
DA:14,1
DA:15,1
DA:16,1
DA:17,1
DA:18,1
DA:19,1
DA:20,1
DA:21,1
DA:22,1
DA:23,1
DA:24,1
DA:25,1
DA:26,1
DA:27,1
DA:28,1
DA:29,1
DA:30,1
DA:31,1
DA:32,1
DA:33,1
DA:34,1
DA:35,1
DA:36,1
DA:37,1
DA:38,1
DA:39,1
DA:40,1
DA:41,1
DA:42,1
DA:43,1
DA:44,1
DA:45,1
DA:46,1
DA:47,1
DA:48,1
DA:49,1
DA:50,1
DA:51,1
DA:52,1
DA:53,1
DA:54,1
DA:55,1
DA:56,1
DA:57,1
DA:58,1
DA:59,1
DA:60,1
DA:61,1
DA:62,1
DA:63,1
DA:64,1
DA:65,1
DA:66,1
DA:67,1
DA:68,1
DA:69,1
DA:70,1
DA:71,1
DA:72,1
DA:73,1
DA:74,1
DA:75,1
DA:76,1
DA:77,1
DA:78,1
DA:79,1
DA:80,1
DA:81,1
DA:82,1
DA:83,1
DA:84,1
DA:85,1
DA:86,1
DA:87,1
DA:88,1
DA:89,1
DA:90,1
DA:91,1
DA:92,1
DA:93,1
DA:94,1
DA:95,1
DA:96,1
DA:97,1
DA:98,1
DA:99,1
DA:100,1
DA:101,1
DA:102,1
DA:103,1
DA:104,1
DA:105,1
DA:106,1
DA:107,1
DA:108,1
DA:109,1
DA:110,1
DA:111,1
DA:112,1
DA:113,1
DA:114,1
DA:115,1
DA:116,1
DA:117,1
DA:118,1
DA:119,1
DA:120,1
DA:121,1
DA:122,1
DA:123,1
DA:124,1
DA:125,1
DA:126,1
DA:127,1
DA:128,1
DA:129,1
DA:130,1
DA:131,1
DA:132,1
DA:133,1
DA:134,1
DA:135,1
DA:136,1
DA:137,1
DA:138,1
DA:139,1
DA:140,1
DA:141,1
DA:142,1
DA:143,1
DA:144,1
DA:145,1
DA:146,1
DA:147,1
DA:148,1
DA:149,1
DA:150,1
DA:151,1
DA:152,1
DA:153,1
DA:154,1
DA:155,1
DA:156,1
DA:157,1
DA:158,1
DA:159,1
DA:160,1
DA:161,1
DA:162,1
DA:163,1
DA:164,1
DA:165,1
DA:166,1
DA:167,1
DA:168,1
DA:169,1
DA:170,1
DA:171,1
DA:172,1
DA:173,1
DA:174,1
DA:175,1
DA:176,1
DA:177,1
DA:178,1
DA:179,1
DA:180,1
DA:181,1
DA:182,1
DA:183,1
DA:184,1
DA:185,1
DA:186,1
DA:187,1
DA:188,1
DA:189,1
DA:190,1
DA:191,1
DA:192,1
DA:193,1
DA:194,1
DA:195,1
DA:196,1
DA:197,1
DA:198,1
DA:199,1
DA:200,1
DA:201,1
DA:202,1
DA:203,1
DA:204,1
DA:205,1
DA:206,1
DA:207,1
DA:208,1
DA:209,1
DA:210,1
DA:211,1
DA:212,1
DA:213,1
DA:214,1
DA:215,1
DA:216,1
DA:217,1
DA:218,1
DA:219,1
DA:220,1
DA:221,1
DA:222,1
DA:223,1
DA:224,1
DA:225,1
DA:226,1
DA:227,1
DA:228,1
DA:229,1
DA:230,1
DA:231,0
DA:232,0
DA:233,0
DA:234,0
DA:235,0
DA:236,1
DA:237,1
DA:238,1
DA:239,1
DA:240,1
DA:241,1
DA:242,1
LF:242
LH:237
BRF:0
BRH:0
end_of_record
TN:
SF:prisma/generated/client/runtime/client.js
FN:5,bi
FN:5,q
FN:5,Ne
FN:5,xi
FN:5,get
FN:5,B
FN:5,lu
FN:5,$i.exports
FN:5,Ui.exports
FN:5,Gt.exports
FN:5,e
FN:5,kn
FN:5,Np
FN:5,Ss
FN:5,Dp
FN:5,Mp
FN:5,Fp
FN:5,Nn
FN:5,vs
FN:5,As
FN:5,Cs
FN:5,Rs
FN:5,ks
FN:5,Is
FN:5,Os
FN:5,Ns
FN:5,Ds
FN:5,Ms
FN:5,Fs
FN:5,_s
FN:5,$s
FN:5,Ls
FN:5,Vs
FN:5,qs
FN:5,js
FN:5,Us
FN:5,Bs
FN:5,Qs
FN:5,Js
FN:5,$p
FN:5,Lp
FN:5,Vp
FN:5,qp
FN:5,jp
FN:5,Up
FN:5,Fn
FN:5,E.byteSwapIfBE
FN:5,Bp
FN:5,Jp
FN:5,Gs
FN:5,Hp
FN:5,zp
FN:5,Gp
FN:5,Ws
FN:5,Sr
FN:5,Wp
FN:5,clone
FN:5,Kp
FN:5,Zp
FN:5,t
FN:5,Zp.t.create
FN:5,Yp
FN:5,Xp
FN:5,t
FN:5,Xp.t.create
FN:5,ed
FN:5,Zs
FN:5,Ys
FN:5,ra
FN:5,e
FN:5,keccak
FN:5,update
FN:5,finish
FN:5,writeInto
FN:5,xofInto
FN:5,xof
FN:5,digestInto
FN:5,digest
FN:5,destroy
FN:5,_cloneInto
FN:5,ye
FN:5,na
FN:5,_n
FN:5,aa
FN:5,la
FN:5,ud
FN:5,ua
FN:5,ca
FN:5,pa
FN:5,dd
FN:5,he.exports.getConstants
FN:5,AnyNull
FN:5,DMMF
FN:5,DbNull
FN:5,Debug
FN:5,Decimal
FN:5,Extensions
FN:5,JsonNull
FN:5,NullTypes
FN:5,ObjectEnumValue
FN:5,PrismaClientInitializationError
FN:5,PrismaClientKnownRequestError
FN:5,PrismaClientRustPanicError
FN:5,PrismaClientUnknownRequestError
FN:5,PrismaClientValidationError
FN:5,Public
FN:5,Sql
FN:5,createParam
FN:5,defineDmmfProperty
FN:5,deserializeJsonObject
FN:5,deserializeRawResult
FN:5,dmmfToRuntimeDataModel
FN:5,empty
FN:5,getPrismaClient
FN:5,getRuntime
FN:5,isAnyNull
FN:5,isDbNull
FN:5,isJsonNull
FN:5,isObjectEnumValue
FN:5,join
FN:5,makeStrictEnum
FN:5,makeTypedQueryFactory
FN:5,raw
FN:5,serializeJsonQuery
FN:5,skip
FN:5,sqltag
FN:5,warnOnce
FN:5,defineExtension
FN:5,getExtensionContext
FN:5,Ei
FN:5,Pi
FN:5,validator
FN:5,Ti
FN:5,<instance_members_initializer>
FN:5,get
FN:5,set
FN:5,getOrCreate
FN:5,de
FN:5,Si
FN:5,it
FN:5,get
FN:5,vi
FN:5,Zr
FN:5,$
FN:5,bgBlack
FN:5,bgBlue
FN:5,bgCyan
FN:5,bgGreen
FN:5,bgMagenta
FN:5,bgRed
FN:5,bgWhite
FN:5,bgYellow
FN:5,black
FN:5,blue
FN:5,bold
FN:5,cyan
FN:5,dim
FN:5,gray
FN:5,green
FN:5,grey
FN:5,hidden
FN:5,inverse
FN:5,italic
FN:5,magenta
FN:5,red
FN:5,reset
FN:5,strikethrough
FN:5,underline
FN:5,white
FN:5,yellow
FN:5,v
FN:5,enable
FN:5,disable
FN:5,enabled
FN:5,log
FN:5,Ru
FN:5,extend
FN:5,r
FN:5,get
FN:5,set
FN:5,get
FN:5,set
FN:5,ku
FN:5,Di
FN:6,Mi
FN:6,ae
FN:6,en
FN:6,ji
FN:6,tn
FN:6,error
FN:6,info
FN:6,log
FN:6,query
FN:6,should
FN:6,tags
FN:6,warn
FN:6,warn
FN:6,Ou
FN:6,rn
FN:6,Nu
FN:6,Du
FN:6,Mu
FN:6,nn
FN:6,De
FN:6,on
FN:6,sn
FN:6,Wt
FN:6,an
FN:6,gt
FN:6,ln
FN:6,Me
FN:6,Kt
FN:6,Fe
FN:6,ModelAction
FN:6,datamodelEnumToSchemaEnum
FN:6,_u
FN:6,value
FN:6,variable
FN:6,string
FN:6,$u
FN:6,encode
FN:6,type
FN:6,objId
FN:6,e
FN:6,extend
FN:6,insertBefore
FN:6,e
FN:6,highlight
FN:6,matchGrammar
FN:6,tokenize
FN:6,add
FN:6,run
FN:6,G
FN:6,G.stringify
FN:6,Vu
FN:6,Wi
FN:6,qu
FN:6,Ki
FN:6,<instance_members_initializer>
FN:6,read
FN:6,fromContent
FN:6,e
FN:6,get lastLineNumber
FN:6,mapLineAt
FN:6,mapLines
FN:6,lineAt
FN:6,prependSymbolAt
FN:6,slice
FN:8,highlight
FN:9,toString
FN:10,highlightSource
FN:10,red
FN:10,gray
FN:10,dim
FN:10,bold
FN:10,underline
FN:10,highlightSource
FN:10,Bu
FN:10,Qu
FN:10,Ju
FN:10,Hu
FN:10,zu
FN:11,Gu
FN:11,Xt
FN:11,ro
FN:11,no
FN:11,Wu
FN:11,Ku
FN:11,Zu
FN:11,eo
FN:11,to
FN:11,j
FN:11,<instance_members_initializer>
FN:11,makeRequired
FN:11,write
FN:11,$e
FN:11,<instance_members_initializer>
FN:11,write
FN:11,writeJoined
FN:11,writeLine
FN:11,newLine
FN:11,withIndent
FN:11,afterNextNewline
FN:11,indent
FN:11,unindent
FN:11,addMarginSymbol
FN:11,toString
FN:12,getCurrentLineLength
FN:12,indentedCurrentLine
FN:12,tr
FN:12,write
FN:12,markAsError
FN:12,rr
FN:12,write
FN:12,X
FN:12,<instance_members_initializer>
FN:12,underline
FN:12,setColor
FN:12,write
FN:12,<instance_members_initializer>
FN:12,markAsError
FN:12,<instance_members_initializer>
FN:12,addItem
FN:12,getField
FN:12,getPrintWidth
FN:12,write
FN:12,writeEmpty
FN:12,writeWithItems
FN:12,asObject
FN:12,<instance_members_initializer>
FN:12,addField
FN:12,addSuggestion
FN:12,getField
FN:12,getDeepField
FN:12,getDeepFieldValue
FN:12,hasField
FN:12,removeAllFields
FN:12,removeField
FN:12,getFields
FN:12,isEmpty
FN:12,getFieldValue
FN:12,getDeepSubSelectionValue
FN:12,getDeepSelectionParent
FN:12,getSelectionParent
FN:12,getSubSelectionValue
FN:12,getPrintWidth
FN:12,write
FN:12,asObject
FN:12,writeEmpty
FN:12,writeWithContents
FN:12,I
FN:12,getPrintWidth
FN:12,write
FN:12,asObject
FN:12,<instance_members_initializer>
FN:12,addField
FN:12,write
FN:12,er
FN:12,Yu
FN:12,Xu
FN:13,ec
FN:13,tc
FN:13,rc
FN:13,nc
FN:13,ic
FN:13,oc
FN:13,sc
FN:13,ac
FN:13,lo
FN:13,lc
FN:13,uo
FN:13,uc
FN:13,cc
FN:13,pc
FN:13,dc
FN:13,mc
FN:13,co
FN:13,fc
FN:13,gc
FN:13,yc
FN:13,po
FN:13,mo
FN:13,je
FN:13,wt
FN:13,ir
FN:13,wc
FN:13,<instance_members_initializer>
FN:13,bt
FN:13,_toGraphQLInputType
FN:13,Ue
FN:13,or
FN:13,<instance_members_initializer>
FN:13,markAsError
FN:13,getPrintWidth
FN:13,write
FN:13,<instance_members_initializer>
FN:13,pn
FN:13,write
FN:13,addErrorMessage
FN:13,renderAllMessages
FN:14,Be
FN:14,yo
FN:14,ho
FN:14,bc
FN:14,sr
FN:14,ar
FN:14,ee
FN:14,xo
FN:14,xc
FN:14,bo
FN:14,Ec
FN:14,Eo
FN:14,Po
FN:14,lr
FN:14,<instance_members_initializer>
FN:14,getAllComputedFields
FN:14,getAllClientExtensions
FN:14,getAllModelExtensions
FN:14,getAllQueryCallbacks
FN:14,getAllBatchQueryCallbacks
FN:14,e
FN:14,empty
FN:14,single
FN:14,isEmpty
FN:14,append
FN:14,getAllComputedFields
FN:14,getAllClientExtensions
FN:14,getAllModelExtensions
FN:14,getAllQueryCallbacks
FN:14,getAllBatchQueryCallbacks
FN:14,ur
FN:14,To
FN:14,So
FN:14,xt
FN:14,ifUndefined
FN:14,Q
FN:14,pr
FN:14,Et
FN:14,Tc
FN:14,Sc
FN:14,vc
FN:14,Ac
FN:14,Cc
FN:14,Ro
FN:14,ko
FN:14,Rc
FN:14,kc
FN:14,Ic
FN:14,mn
FN:14,e
FN:14,<instance_members_initializer>
FN:14,throwValidationError
FN:14,getSelectionPath
FN:14,getArgumentPath
FN:14,getArgumentName
FN:14,getOutputTypeDescription
FN:14,isRawAction
FN:14,isPreviewFeatureOn
FN:14,shouldWrapRawValues
FN:14,getComputedFields
FN:14,findField
FN:14,nestSelection
FN:14,getGlobalOmit
FN:14,shouldApplyGlobalOmit
FN:14,nestArgument
FN:14,Io
FN:14,get
FN:14,Oc
FN:14,fn
FN:14,Pt
FN:14,get sql
FN:14,get values
FN:14,Oo
FN:14,mr
FN:14,Tt
FN:14,$
FN:14,getKeys
FN:14,getPropertyValue
FN:14,Ee
FN:14,getKeys
FN:14,getPropertyValue
FN:14,getPropertyDescriptor
FN:14,gr
FN:14,W
FN:14,get
FN:14,has
FN:14,ownKeys
FN:14,set
FN:14,getOwnPropertyDescriptor
FN:14,defineProperty
FN:14,getPrototypeOf
FN:14,W.i.<computed>
FN:14,Nc
FN:14,Do
FN:14,Je
FN:14,Mo
FN:14,Fo
FN:15,Fc
FN:15,$c
FN:15,qc
FN:15,Uc
FN:15,Qc
FN:15,getLocation
FN:15,<instance_members_initializer>
FN:15,hn
FN:15,getLocation
FN:15,fe
FN:15,He
FN:15,Hc
FN:15,yr
FN:15,$o
FN:15,zc
FN:15,Gc
FN:15,Lo
FN:15,Wc
FN:15,Kc
FN:15,Vo
FN:15,qo
FN:15,jo
FN:15,Uo
FN:15,wn
FN:15,Bo
FN:15,Zc
FN:15,Yc
FN:15,bn
FN:15,Xc
FN:15,xn
FN:15,rp
FN:15,np
FN:15,ip
FN:15,Qo
FN:15,vt
FN:15,op
FN:15,getKeys
FN:15,getPropertyValue
FN:15,sp
FN:15,getKeys
FN:15,getPropertyValue
FN:15,getPropertyDescriptor
FN:15,Jo
FN:15,Ho
FN:15,zo
FN:15,ap
FN:15,lp
FN:15,hr
FN:15,Go
FN:15,Wo
FN:15,Zo
FN:15,cp
FN:15,pp
FN:15,At
FN:15,Xo
FN:15,es
FN:15,ts
FN:15,rs
FN:15,Yo
FN:15,ns
FN:15,os
FN:15,dp
FN:15,mp
FN:15,is
FN:15,T
FN:15,Pn
FN:15,ze
FN:15,ss
FN:15,as
FN:15,ls
FN:15,us
FN:15,cs
FN:15,K
FN:15,fp
FN:15,gp
FN:15,Z
FN:15,yp
FN:15,wr
FN:15,<instance_members_initializer>
FN:15,N
FN:15,toQueryResponseErrorObject
FN:15,Ge
FN:15,Sn
FN:15,hp
FN:15,ds
FN:15,Tn
FN:15,wp
FN:15,bp
FN:15,xp
FN:15,ms
FN:15,<instance_members_initializer>
FN:15,C
FN:15,Ep
FN:15,hs
FN:15,An
FN:15,gs
FN:15,Pp
FN:15,vn
FN:15,Sp
FN:15,J
FN:15,vp
FN:15,br
FN:15,ws
FN:15,bs
FN:15,Ap
FN:15,xr
FN:15,Te
FN:15,Cp
FN:15,Cn
FN:15,Er
FN:15,Rn
FN:15,o
FN:15,s
FN:15,a
FN:15,wd
FN:15,Ln
FN:15,Ce
FN:15,xd
FN:15,Ed
FN:15,Pd
FN:15,Td
FN:15,Sd
FN:15,vd
FN:15,wa
FN:15,vr
FN:15,Ye
FN:15,Ad
FN:15,Cd
FN:15,Rd
FN:15,Ea
FN:15,<instance_members_initializer>
FN:15,Rr
FN:15,snapshot
FN:15,register
FN:15,<instance_members_initializer>
FN:15,generate
FN:15,generate
FN:15,generate
FN:15,generate
FN:15,generate
FN:15,generate
FN:15,kr
FN:15,kd
FN:15,Sa
FN:15,Id
FN:15,Od
FN:15,Nd
FN:15,Ta
FN:15,Xe
FN:15,Wn
FN:15,Kn
FN:15,Xn
FN:15,H
FN:15,Dd
FN:15,Md
FN:15,Zn
FN:15,Fd
FN:15,_d
FN:15,Yn
FN:15,va
FN:15,$d
FN:15,Ld
FN:15,Aa
FN:15,Ca
FN:15,_t
FN:15,Vd
FN:15,Ra
FN:15,ei
FN:15,qd
FN:15,jd
FN:15,<instance_members_initializer>
FN:15,e
FN:15,forSql
FN:15,run
FN:15,interpretNode
FN:15,#a
FN:15,#l
FN:15,#u
FN:15,ka
FN:15,ti
FN:15,te
FN:15,Lt
FN:15,Oa
FN:15,Ud
FN:15,Bd
FN:15,Qd
FN:15,Jd
FN:15,Ia
FN:15,Na
FN:15,ri
FN:15,Da
FN:15,Hd
FN:15,<instance_members_initializer>
FN:15,ni
FN:15,deserialize
FN:15,#n
FN:15,#i
FN:15,#o
FN:15,#s
FN:15,#a
FN:15,#l
FN:15,#u
FN:15,#p
FN:15,<instance_members_initializer>
FN:15,e
FN:15,deserialize
FN:15,fromData
FN:15,root
FN:15,inputNode
FN:15,outputNode
FN:15,inputEdge
FN:15,outputEdge
FN:15,enumValues
FN:15,getString
FN:15,ne
FN:15,we
FN:15,Ir
FN:15,Ma
FN:15,Fa
FN:15,ii
FN:15,oi
FN:15,<instance_members_initializer>
FN:15,Or
FN:15,getPlaceholderValues
FN:15,#i
FN:15,parameterizeFieldSelection
FN:15,#o
FN:15,#s
FN:15,#a
FN:15,#l
FN:15,#u
FN:15,#p
FN:15,#c
FN:15,_a
FN:15,$a
FN:15,Gd
FN:15,Wd
FN:15,si
FN:15,La
FN:15,Va
FN:15,Yd
FN:15,Xd
FN:15,qa
FN:15,em
FN:15,tm
FN:15,ja
FN:15,rm
FN:15,Ua
FN:15,Ba
FN:15,<instance_members_initializer>
FN:15,V
FN:15,Re
FN:15,Nr
FN:15,Dr
FN:15,Mr
FN:15,Fr
FN:15,ie
FN:15,_r
FN:15,im
FN:15,om
FN:15,sm
FN:15,am
FN:15,<instance_members_initializer>
FN:15,qt
FN:15,startInternalTransaction
FN:15,startTransaction
FN:15,#r
FN:15,commitTransaction
FN:15,rollbackTransaction
FN:15,getTransaction
FN:15,#n
FN:15,cancelAllTransactions
FN:15,#i
FN:15,#o
FN:15,#s
FN:15,#a
FN:15,#l
FN:15,#u
FN:15,#p
FN:15,#c
FN:15,#d
FN:15,#m
FN:15,#f
FN:15,Qa
FN:15,za
FN:15,Ga
FN:15,um
FN:15,Ha
FN:15,Wa
FN:15,Ka
FN:15,Za
FN:17,Xa
FN:17,el
FN:61,<instance_members_initializer>
FN:61,e
FN:61,connect
FN:61,getConnectionInfo
FN:61,execute
FN:61,startTransaction
FN:61,commitTransaction
FN:61,rollbackTransaction
FN:61,disconnect
FN:61,apiKey
FN:61,<instance_members_initializer>
FN:61,Vr
FN:61,getSingle
FN:61,setSingle
FN:61,getBatch
FN:61,setBatch
FN:61,clear
FN:61,get size
FN:61,get singleCacheSize
FN:61,get batchCacheSize
FN:61,tl
FN:61,cm
FN:61,rl
FN:61,pm
FN:61,<instance_members_initializer>
FN:61,jr
FN:61,jr
FN:61,<instance_members_initializer>
FN:61,Ur
FN:61,nl
FN:61,<instance_members_initializer>
FN:61,ke
FN:61,il
FN:61,<instance_members_initializer>
FN:61,Br
FN:61,build
FN:61,#e
FN:61,dm
FN:61,ai
FN:61,<instance_members_initializer>
FN:61,Qr
FN:61,getConnectionInfo
FN:61,execute
FN:61,startTransaction
FN:61,commitTransaction
FN:61,rollbackTransaction
FN:61,disconnect
FN:61,apiKey
FN:61,#s
FN:61,#a
FN:61,#l
FN:61,#u
FN:61,<instance_members_initializer>
FN:61,li
FN:61,request
FN:61,#n
FN:61,#i
FN:61,loadQueryCompiler
FN:61,set_message
FN:61,<instance_members_initializer>
FN:61,jt
FN:61,logQueries.#s
FN:61,#a
FN:61,#l
FN:61,#u
FN:61,#p
FN:61,#c
FN:62,#d
FN:62,#m
FN:62,onBeforeExit
FN:62,start
FN:62,stop
FN:62,version
FN:62,transaction
FN:62,request
FN:62,requestBatch
FN:62,apiKey
FN:62,#f
FN:62,#g
FN:62,#y
FN:62,#h
FN:62,ul
FN:62,cl
FN:62,pl
FN:62,ml
FN:62,fl
FN:62,gl
FN:62,tt
FN:62,yl
FN:62,bl
FN:62,fm
FN:62,xl
FN:62,hl
FN:62,pi
FN:69,di
FN:69,requestArgsToMiddlewareArgs
FN:69,middlewareArgsToRequestArgs
FN:69,requestArgsToMiddlewareArgs
FN:69,middlewareArgsToRequestArgs
FN:69,mi
FN:69,vl
FN:69,Rl
FN:69,isEnabled
FN:69,getTraceParent
FN:69,dispatchEngineSpans
FN:69,getActiveContext
FN:69,runInChildSpan
FN:69,isEnabled
FN:69,getTraceParent
FN:69,dispatchEngineSpans
FN:69,getActiveContext
FN:69,runInChildSpan
FN:69,getTracingHelper
FN:69,kl
FN:69,Il
FN:69,Ol
FN:69,yi
FN:69,gi
FN:69,hi
FN:69,Jr
FN:69,<instance_members_initializer>
FN:69,request
FN:69,dispatchBatches
FN:69,Jr
FN:69,Ie
FN:69,Hr
FN:69,Pm
FN:69,<instance_members_initializer>
FN:69,zr
FN:69,singleLoader
FN:69,batchBy
FN:69,batchOrder
FN:69,request
FN:69,mapQueryEngineResult
FN:69,handleAndLogRequestError
FN:69,handleRequestError
FN:69,sanitizeMessage
FN:69,unpack
FN:69,zr
FN:69,Sm
FN:69,Ml
FN:69,vm
FN:69,Am
FN:69,Fl
FN:69,S
FN:70,S
FN:70,adapter
FN:70,accelerateUrl
FN:70,errorFormat
FN:70,log
FN:70,transactionOptions
FN:70,omit
FN:70,queryPlanCacheMaxSize
FN:70,comments
FN:70,__internal
FN:70,Rm
FN:70,jl
FN:70,Ut
FN:70,km
FN:70,Im
FN:70,Vl
FN:70,Om
FN:74,Bl
FN:74,requestArgsToMiddlewareArgs
FN:74,middlewareArgsToRequestArgs
FN:74,Ql
FN:74,Dm
FN:74,Mm
FN:74,Fm
FN:74,nextId
FN:74,Kl
FN:74,<instance_members_initializer>
FN:74,t
FN:74,resolveDatasourceUrl
FN:79,Kl
FN:79,$on
FN:79,$connect
FN:79,$disconnect
FN:79,$executeRawInternal
FN:79,$executeRaw
FN:79,$executeRawUnsafe
FN:79,$runCommandRaw
FN:79,$queryRawInternal
FN:79,$queryRaw
FN:79,$queryRawTyped
FN:79,$queryRawUnsafe
FN:79,_transactionWithArray
FN:79,_transactionWithCallback
FN:79,_createItxClient
FN:79,$transaction
FN:79,_request
FN:79,_executeRequest
FN:80,_hasPreviewFlag
FN:80,Jl
FN:80,$m
FN:80,Zl
FN:80,get
FN:80,Vm
FN:80,qm
FN:80,jm
FN:80,Um
FN:80,Bm
FN:80,Qm
FN:80,Jm
FN:80,Yl
FN:93,oo_cm
FN:93,oo_oo
FN:93,oo_tr
FN:93,oo_tx
FN:93,oo_ts
FN:93,oo_te
FNF:981
FNH:146
FNDA:34,bi
FNDA:221,q
FNDA:102,Ne
FNDA:204,xi
FNDA:408,get
FNDA:187,B
FNDA:17,lu
FNDA:0,$i.exports
FNDA:0,Ui.exports
FNDA:0,Gt.exports
FNDA:0,e
FNDA:187,kn
FNDA:68,Np
FNDA:68,Ss
FNDA:0,Dp
FNDA:34,Mp
FNDA:17,Fp
FNDA:408,Nn
FNDA:17,vs
FNDA:0,As
FNDA:0,Cs
FNDA:0,Rs
FNDA:0,ks
FNDA:0,Is
FNDA:0,Os
FNDA:0,Ns
FNDA:0,Ds
FNDA:0,Ms
FNDA:38760,Fs
FNDA:38760,_s
FNDA:20400,$s
FNDA:20400,Ls
FNDA:0,Vs
FNDA:0,qs
FNDA:0,js
FNDA:0,Us
FNDA:0,Bs
FNDA:0,Qs
FNDA:0,Js
FNDA:0,$p
FNDA:0,Lp
FNDA:187,Vp
FNDA:0,qp
FNDA:0,jp
FNDA:0,Up
FNDA:0,Fn
FNDA:0,E.byteSwapIfBE
FNDA:0,Bp
FNDA:0,Jp
FNDA:0,Gs
FNDA:0,Hp
FNDA:0,zp
FNDA:0,Gp
FNDA:17,Ws
FNDA:34,Sr
FNDA:0,Wp
FNDA:0,clone
FNDA:0,Kp
FNDA:136,Zp
FNDA:17,t
FNDA:0,Zp.t.create
FNDA:0,Yp
FNDA:34,Xp
FNDA:0,t
FNDA:0,Xp.t.create
FNDA:0,ed
FNDA:59160,Zs
FNDA:59160,Ys
FNDA:85,ra
FNDA:187,e
FNDA:85,keccak
FNDA:17,update
FNDA:17,finish
FNDA:17,writeInto
FNDA:0,xofInto
FNDA:0,xof
FNDA:17,digestInto
FNDA:17,digest
FNDA:17,destroy
FNDA:0,_cloneInto
FNDA:136,ye
FNDA:34,na
FNDA:17,_n
FNDA:17,aa
FNDA:17,la
FNDA:0,ud
FNDA:17,ua
FNDA:17,ca
FNDA:17,pa
FNDA:0,dd
FNDA:0,he.exports.getConstants
FNDA:17,AnyNull
FNDA:0,DMMF
FNDA:17,DbNull
FNDA:17,Debug
FNDA:17,Decimal
FNDA:17,Extensions
FNDA:17,JsonNull
FNDA:17,NullTypes
FNDA:0,ObjectEnumValue
FNDA:17,PrismaClientInitializationError
FNDA:17,PrismaClientKnownRequestError
FNDA:17,PrismaClientRustPanicError
FNDA:17,PrismaClientUnknownRequestError
FNDA:17,PrismaClientValidationError
FNDA:17,Public
FNDA:0,Sql
FNDA:17,createParam
FNDA:17,defineDmmfProperty
FNDA:0,deserializeJsonObject
FNDA:0,deserializeRawResult
FNDA:0,dmmfToRuntimeDataModel
FNDA:17,empty
FNDA:17,getPrismaClient
FNDA:17,getRuntime
FNDA:0,isAnyNull
FNDA:0,isDbNull
FNDA:0,isJsonNull
FNDA:0,isObjectEnumValue
FNDA:17,join
FNDA:17,makeStrictEnum
FNDA:0,makeTypedQueryFactory
FNDA:17,raw
FNDA:0,serializeJsonQuery
FNDA:17,skip
FNDA:17,sqltag
FNDA:17,warnOnce
FNDA:17,defineExtension
FNDA:17,getExtensionContext
FNDA:0,Ei
FNDA:0,Pi
FNDA:17,validator
FNDA:0,Ti
FNDA:17,<instance_members_initializer>
FNDA:0,get
FNDA:0,set
FNDA:0,getOrCreate
FNDA:0,de
FNDA:0,Si
FNDA:17,it
FNDA:0,get
FNDA:0,vi
FNDA:0,Zr
FNDA:0,$
FNDA:0,bgBlack
FNDA:0,bgBlue
FNDA:0,bgCyan
FNDA:0,bgGreen
FNDA:0,bgMagenta
FNDA:0,bgRed
FNDA:0,bgWhite
FNDA:0,bgYellow
FNDA:0,black
FNDA:0,blue
FNDA:0,bold
FNDA:0,cyan
FNDA:0,dim
FNDA:0,gray
FNDA:0,green
FNDA:0,grey
FNDA:0,hidden
FNDA:0,inverse
FNDA:0,italic
FNDA:0,magenta
FNDA:0,red
FNDA:0,reset
FNDA:0,strikethrough
FNDA:0,underline
FNDA:0,white
FNDA:0,yellow
FNDA:442,v
FNDA:0,enable
FNDA:0,disable
FNDA:136,enabled
FNDA:0,log
FNDA:102,Ru
FNDA:0,extend
FNDA:34,r
FNDA:0,get
FNDA:0,set
FNDA:0,get
FNDA:0,set
FNDA:0,ku
FNDA:0,Di
FNDA:0,Mi
FNDA:0,ae
FNDA:0,en
FNDA:0,ji
FNDA:0,tn
FNDA:0,error
FNDA:0,info
FNDA:0,log
FNDA:0,query
FNDA:0,should
FNDA:0,tags
FNDA:0,warn
FNDA:0,warn
FNDA:0,Ou
FNDA:0,rn
FNDA:0,Nu
FNDA:0,Du
FNDA:0,Mu
FNDA:17,nn
FNDA:0,De
FNDA:0,on
FNDA:0,sn
FNDA:0,Wt
FNDA:0,an
FNDA:34,gt
FNDA:0,ln
FNDA:0,Me
FNDA:0,Kt
FNDA:0,Fe
FNDA:0,ModelAction
FNDA:0,datamodelEnumToSchemaEnum
FNDA:0,_u
FNDA:0,value
FNDA:0,variable
FNDA:0,string
FNDA:0,$u
FNDA:0,encode
FNDA:2703,type
FNDA:1411,objId
FNDA:1360,e
FNDA:34,extend
FNDA:17,insertBefore
FNDA:425,e
FNDA:0,highlight
FNDA:0,matchGrammar
FNDA:0,tokenize
FNDA:0,add
FNDA:0,run
FNDA:0,G
FNDA:0,G.stringify
FNDA:0,Vu
FNDA:0,Wi
FNDA:0,qu
FNDA:0,Ki
FNDA:0,<instance_members_initializer>
FNDA:0,read
FNDA:0,fromContent
FNDA:0,e
FNDA:0,get lastLineNumber
FNDA:0,mapLineAt
FNDA:0,mapLines
FNDA:0,lineAt
FNDA:0,prependSymbolAt
FNDA:0,slice
FNDA:0,highlight
FNDA:0,toString
FNDA:0,highlightSource
FNDA:0,red
FNDA:0,gray
FNDA:0,dim
FNDA:0,bold
FNDA:0,underline
FNDA:0,highlightSource
FNDA:0,Bu
FNDA:0,Qu
FNDA:0,Ju
FNDA:0,Hu
FNDA:0,zu
FNDA:0,Gu
FNDA:0,Xt
FNDA:0,ro
FNDA:0,no
FNDA:0,Wu
FNDA:0,Ku
FNDA:0,Zu
FNDA:0,eo
FNDA:0,to
FNDA:0,j
FNDA:0,<instance_members_initializer>
FNDA:0,makeRequired
FNDA:0,write
FNDA:0,$e
FNDA:0,<instance_members_initializer>
FNDA:0,write
FNDA:0,writeJoined
FNDA:0,writeLine
FNDA:0,newLine
FNDA:0,withIndent
FNDA:0,afterNextNewline
FNDA:0,indent
FNDA:0,unindent
FNDA:0,addMarginSymbol
FNDA:0,toString
FNDA:0,getCurrentLineLength
FNDA:0,indentedCurrentLine
FNDA:0,tr
FNDA:0,write
FNDA:0,markAsError
FNDA:0,rr
FNDA:0,write
FNDA:0,X
FNDA:0,<instance_members_initializer>
FNDA:0,underline
FNDA:0,setColor
FNDA:0,write
FNDA:0,<instance_members_initializer>
FNDA:0,markAsError
FNDA:0,<instance_members_initializer>
FNDA:0,addItem
FNDA:0,getField
FNDA:0,getPrintWidth
FNDA:0,write
FNDA:0,writeEmpty
FNDA:0,writeWithItems
FNDA:0,asObject
FNDA:0,<instance_members_initializer>
FNDA:0,addField
FNDA:0,addSuggestion
FNDA:0,getField
FNDA:0,getDeepField
FNDA:0,getDeepFieldValue
FNDA:0,hasField
FNDA:0,removeAllFields
FNDA:0,removeField
FNDA:0,getFields
FNDA:0,isEmpty
FNDA:0,getFieldValue
FNDA:0,getDeepSubSelectionValue
FNDA:0,getDeepSelectionParent
FNDA:0,getSelectionParent
FNDA:0,getSubSelectionValue
FNDA:0,getPrintWidth
FNDA:0,write
FNDA:0,asObject
FNDA:0,writeEmpty
FNDA:0,writeWithContents
FNDA:0,I
FNDA:0,getPrintWidth
FNDA:0,write
FNDA:0,asObject
FNDA:0,<instance_members_initializer>
FNDA:0,addField
FNDA:0,write
FNDA:0,er
FNDA:0,Yu
FNDA:0,Xu
FNDA:0,ec
FNDA:0,tc
FNDA:0,rc
FNDA:0,nc
FNDA:0,ic
FNDA:0,oc
FNDA:0,sc
FNDA:0,ac
FNDA:0,lo
FNDA:0,lc
FNDA:0,uo
FNDA:0,uc
FNDA:0,cc
FNDA:0,pc
FNDA:0,dc
FNDA:0,mc
FNDA:0,co
FNDA:0,fc
FNDA:0,gc
FNDA:0,yc
FNDA:0,po
FNDA:0,mo
FNDA:0,je
FNDA:0,wt
FNDA:0,ir
FNDA:0,wc
FNDA:0,<instance_members_initializer>
FNDA:0,bt
FNDA:0,_toGraphQLInputType
FNDA:0,Ue
FNDA:0,or
FNDA:0,<instance_members_initializer>
FNDA:0,markAsError
FNDA:0,getPrintWidth
FNDA:0,write
FNDA:0,<instance_members_initializer>
FNDA:0,pn
FNDA:0,write
FNDA:0,addErrorMessage
FNDA:0,renderAllMessages
FNDA:0,Be
FNDA:0,yo
FNDA:0,ho
FNDA:0,bc
FNDA:0,sr
FNDA:0,ar
FNDA:136,ee
FNDA:0,xo
FNDA:0,xc
FNDA:0,bo
FNDA:0,Ec
FNDA:0,Eo
FNDA:0,Po
FNDA:0,lr
FNDA:0,<instance_members_initializer>
FNDA:0,getAllComputedFields
FNDA:0,getAllClientExtensions
FNDA:0,getAllModelExtensions
FNDA:0,getAllQueryCallbacks
FNDA:0,getAllBatchQueryCallbacks
FNDA:17,e
FNDA:17,empty
FNDA:0,single
FNDA:0,isEmpty
FNDA:0,append
FNDA:0,getAllComputedFields
FNDA:17,getAllClientExtensions
FNDA:0,getAllModelExtensions
FNDA:0,getAllQueryCallbacks
FNDA:0,getAllBatchQueryCallbacks
FNDA:0,ur
FNDA:0,To
FNDA:0,So
FNDA:17,xt
FNDA:0,ifUndefined
FNDA:0,Q
FNDA:0,pr
FNDA:0,Et
FNDA:0,Tc
FNDA:0,Sc
FNDA:0,vc
FNDA:0,Ac
FNDA:0,Cc
FNDA:0,Ro
FNDA:0,ko
FNDA:0,Rc
FNDA:0,kc
FNDA:0,Ic
FNDA:0,mn
FNDA:0,e
FNDA:0,<instance_members_initializer>
FNDA:0,throwValidationError
FNDA:0,getSelectionPath
FNDA:0,getArgumentPath
FNDA:0,getArgumentName
FNDA:0,getOutputTypeDescription
FNDA:0,isRawAction
FNDA:0,isPreviewFeatureOn
FNDA:0,shouldWrapRawValues
FNDA:0,getComputedFields
FNDA:0,findField
FNDA:0,nestSelection
FNDA:0,getGlobalOmit
FNDA:0,shouldApplyGlobalOmit
FNDA:0,nestArgument
FNDA:17,Io
FNDA:0,get
FNDA:0,Oc
FNDA:0,fn
FNDA:0,Pt
FNDA:0,get sql
FNDA:0,get values
FNDA:0,Oo
FNDA:0,mr
FNDA:0,Tt
FNDA:34,$
FNDA:34,getKeys
FNDA:0,getPropertyValue
FNDA:17,Ee
FNDA:17,getKeys
FNDA:0,getPropertyValue
FNDA:0,getPropertyDescriptor
FNDA:0,gr
FNDA:17,W
FNDA:0,get
FNDA:0,has
FNDA:0,ownKeys
FNDA:17,set
FNDA:0,getOwnPropertyDescriptor
FNDA:0,defineProperty
FNDA:0,getPrototypeOf
FNDA:0,W.i.<computed>
FNDA:17,Nc
FNDA:0,Do
FNDA:0,Je
FNDA:0,Mo
FNDA:0,Fo
FNDA:0,Fc
FNDA:0,$c
FNDA:0,qc
FNDA:0,Uc
FNDA:0,Qc
FNDA:0,getLocation
FNDA:0,<instance_members_initializer>
FNDA:0,hn
FNDA:0,getLocation
FNDA:0,fe
FNDA:0,He
FNDA:0,Hc
FNDA:0,yr
FNDA:0,$o
FNDA:0,zc
FNDA:0,Gc
FNDA:0,Lo
FNDA:0,Wc
FNDA:0,Kc
FNDA:0,Vo
FNDA:0,qo
FNDA:0,jo
FNDA:0,Uo
FNDA:0,wn
FNDA:0,Bo
FNDA:0,Zc
FNDA:0,Yc
FNDA:0,bn
FNDA:0,Xc
FNDA:0,xn
FNDA:0,rp
FNDA:0,np
FNDA:0,ip
FNDA:0,Qo
FNDA:17,vt
FNDA:17,op
FNDA:17,getKeys
FNDA:0,getPropertyValue
FNDA:17,sp
FNDA:17,getKeys
FNDA:0,getPropertyValue
FNDA:0,getPropertyDescriptor
FNDA:0,Jo
FNDA:0,Ho
FNDA:0,zo
FNDA:0,ap
FNDA:0,lp
FNDA:0,hr
FNDA:0,Go
FNDA:0,Wo
FNDA:0,Zo
FNDA:0,cp
FNDA:0,pp
FNDA:0,At
FNDA:0,Xo
FNDA:0,es
FNDA:17,ts
FNDA:0,rs
FNDA:0,Yo
FNDA:0,ns
FNDA:0,os
FNDA:0,dp
FNDA:0,mp
FNDA:0,is
FNDA:0,T
FNDA:0,Pn
FNDA:0,ze
FNDA:0,ss
FNDA:0,as
FNDA:0,ls
FNDA:0,us
FNDA:0,cs
FNDA:0,K
FNDA:0,fp
FNDA:0,gp
FNDA:0,Z
FNDA:0,yp
FNDA:0,wr
FNDA:0,<instance_members_initializer>
FNDA:0,N
FNDA:0,toQueryResponseErrorObject
FNDA:0,Ge
FNDA:0,Sn
FNDA:0,hp
FNDA:0,ds
FNDA:0,Tn
FNDA:0,wp
FNDA:0,bp
FNDA:0,xp
FNDA:0,ms
FNDA:0,<instance_members_initializer>
FNDA:0,C
FNDA:0,Ep
FNDA:0,hs
FNDA:0,An
FNDA:0,gs
FNDA:0,Pp
FNDA:0,vn
FNDA:0,Sp
FNDA:0,J
FNDA:0,vp
FNDA:0,br
FNDA:0,ws
FNDA:0,bs
FNDA:0,Ap
FNDA:0,xr
FNDA:34,Te
FNDA:17,Cp
FNDA:0,Cn
FNDA:0,Er
FNDA:17,Rn
FNDA:0,o
FNDA:0,s
FNDA:0,a
FNDA:0,wd
FNDA:0,Ln
FNDA:0,Ce
FNDA:0,xd
FNDA:0,Ed
FNDA:0,Pd
FNDA:0,Td
FNDA:0,Sd
FNDA:0,vd
FNDA:0,wa
FNDA:0,vr
FNDA:0,Ye
FNDA:0,Ad
FNDA:0,Cd
FNDA:0,Rd
FNDA:0,Ea
FNDA:0,<instance_members_initializer>
FNDA:0,Rr
FNDA:0,snapshot
FNDA:0,register
FNDA:0,<instance_members_initializer>
FNDA:0,generate
FNDA:0,generate
FNDA:0,generate
FNDA:0,generate
FNDA:0,generate
FNDA:0,generate
FNDA:0,kr
FNDA:0,kd
FNDA:0,Sa
FNDA:0,Id
FNDA:0,Od
FNDA:0,Nd
FNDA:0,Ta
FNDA:0,Xe
FNDA:0,Wn
FNDA:0,Kn
FNDA:0,Xn
FNDA:0,H
FNDA:0,Dd
FNDA:0,Md
FNDA:0,Zn
FNDA:0,Fd
FNDA:0,_d
FNDA:0,Yn
FNDA:0,va
FNDA:0,$d
FNDA:0,Ld
FNDA:0,Aa
FNDA:0,Ca
FNDA:0,_t
FNDA:0,Vd
FNDA:0,Ra
FNDA:0,ei
FNDA:0,qd
FNDA:0,jd
FNDA:0,<instance_members_initializer>
FNDA:0,e
FNDA:0,forSql
FNDA:0,run
FNDA:0,interpretNode
FNDA:0,#a
FNDA:0,#l
FNDA:0,#u
FNDA:0,ka
FNDA:0,ti
FNDA:0,te
FNDA:0,Lt
FNDA:0,Oa
FNDA:0,Ud
FNDA:0,Bd
FNDA:0,Qd
FNDA:0,Jd
FNDA:0,Ia
FNDA:0,Na
FNDA:0,ri
FNDA:17,Da
FNDA:17,Hd
FNDA:17,<instance_members_initializer>
FNDA:17,ni
FNDA:17,deserialize
FNDA:142851,#n
FNDA:88706,#i
FNDA:40137,#o
FNDA:40137,#s
FNDA:17,#a
FNDA:17,#l
FNDA:17,#u
FNDA:17,#p
FNDA:17,<instance_members_initializer>
FNDA:17,e
FNDA:17,deserialize
FNDA:0,fromData
FNDA:0,root
FNDA:0,inputNode
FNDA:0,outputNode
FNDA:0,inputEdge
FNDA:0,outputEdge
FNDA:0,enumValues
FNDA:0,getString
FNDA:0,ne
FNDA:0,we
FNDA:0,Ir
FNDA:0,Ma
FNDA:0,Fa
FNDA:0,ii
FNDA:0,oi
FNDA:0,<instance_members_initializer>
FNDA:0,Or
FNDA:0,getPlaceholderValues
FNDA:0,#i
FNDA:0,parameterizeFieldSelection
FNDA:0,#o
FNDA:0,#s
FNDA:0,#a
FNDA:0,#l
FNDA:0,#u
FNDA:0,#p
FNDA:0,#c
FNDA:0,_a
FNDA:0,$a
FNDA:0,Gd
FNDA:0,Wd
FNDA:0,si
FNDA:0,La
FNDA:0,Va
FNDA:0,Yd
FNDA:0,Xd
FNDA:0,qa
FNDA:0,em
FNDA:0,tm
FNDA:0,ja
FNDA:0,rm
FNDA:0,Ua
FNDA:0,Ba
FNDA:0,<instance_members_initializer>
FNDA:0,V
FNDA:0,Re
FNDA:0,Nr
FNDA:0,Dr
FNDA:0,Mr
FNDA:0,Fr
FNDA:0,ie
FNDA:0,_r
FNDA:0,im
FNDA:0,om
FNDA:0,sm
FNDA:0,am
FNDA:0,<instance_members_initializer>
FNDA:0,qt
FNDA:0,startInternalTransaction
FNDA:0,startTransaction
FNDA:0,#r
FNDA:0,commitTransaction
FNDA:0,rollbackTransaction
FNDA:0,getTransaction
FNDA:0,#n
FNDA:0,cancelAllTransactions
FNDA:0,#i
FNDA:0,#o
FNDA:0,#s
FNDA:0,#a
FNDA:0,#l
FNDA:0,#u
FNDA:0,#p
FNDA:0,#c
FNDA:0,#d
FNDA:0,#m
FNDA:0,#f
FNDA:0,Qa
FNDA:0,za
FNDA:0,Ga
FNDA:0,um
FNDA:0,Ha
FNDA:0,Wa
FNDA:0,Ka
FNDA:0,Za
FNDA:0,Xa
FNDA:0,el
FNDA:0,<instance_members_initializer>
FNDA:0,e
FNDA:0,connect
FNDA:0,getConnectionInfo
FNDA:0,execute
FNDA:0,startTransaction
FNDA:0,commitTransaction
FNDA:0,rollbackTransaction
FNDA:0,disconnect
FNDA:0,apiKey
FNDA:17,<instance_members_initializer>
FNDA:17,Vr
FNDA:0,getSingle
FNDA:0,setSingle
FNDA:0,getBatch
FNDA:0,setBatch
FNDA:0,clear
FNDA:0,get size
FNDA:0,get singleCacheSize
FNDA:0,get batchCacheSize
FNDA:0,tl
FNDA:0,cm
FNDA:0,rl
FNDA:0,pm
FNDA:0,<instance_members_initializer>
FNDA:0,jr
FNDA:0,jr
FNDA:0,<instance_members_initializer>
FNDA:0,Ur
FNDA:0,nl
FNDA:0,<instance_members_initializer>
FNDA:0,ke
FNDA:0,il
FNDA:0,<instance_members_initializer>
FNDA:0,Br
FNDA:0,build
FNDA:0,#e
FNDA:0,dm
FNDA:0,ai
FNDA:0,<instance_members_initializer>
FNDA:0,Qr
FNDA:0,getConnectionInfo
FNDA:0,execute
FNDA:0,startTransaction
FNDA:0,commitTransaction
FNDA:0,rollbackTransaction
FNDA:0,disconnect
FNDA:0,apiKey
FNDA:0,#s
FNDA:0,#a
FNDA:0,#l
FNDA:0,#u
FNDA:0,<instance_members_initializer>
FNDA:0,li
FNDA:0,request
FNDA:0,#n
FNDA:0,#i
FNDA:0,loadQueryCompiler
FNDA:0,set_message
FNDA:17,<instance_members_initializer>
FNDA:17,jt
FNDA:0,logQueries.#s
FNDA:0,#a
FNDA:0,#l
FNDA:0,#u
FNDA:0,#p
FNDA:0,#c
FNDA:0,#d
FNDA:0,#m
FNDA:0,onBeforeExit
FNDA:0,start
FNDA:0,stop
FNDA:0,version
FNDA:0,transaction
FNDA:0,request
FNDA:0,requestBatch
FNDA:0,apiKey
FNDA:0,#f
FNDA:0,#g
FNDA:0,#y
FNDA:0,#h
FNDA:0,ul
FNDA:0,cl
FNDA:0,pl
FNDA:17,ml
FNDA:0,fl
FNDA:0,gl
FNDA:0,tt
FNDA:0,yl
FNDA:0,bl
FNDA:0,fm
FNDA:0,xl
FNDA:0,hl
FNDA:0,pi
FNDA:0,di
FNDA:0,requestArgsToMiddlewareArgs
FNDA:0,middlewareArgsToRequestArgs
FNDA:0,requestArgsToMiddlewareArgs
FNDA:0,middlewareArgsToRequestArgs
FNDA:17,mi
FNDA:0,vl
FNDA:0,Rl
FNDA:0,isEnabled
FNDA:0,getTraceParent
FNDA:0,dispatchEngineSpans
FNDA:0,getActiveContext
FNDA:0,runInChildSpan
FNDA:0,isEnabled
FNDA:0,getTraceParent
FNDA:0,dispatchEngineSpans
FNDA:0,getActiveContext
FNDA:0,runInChildSpan
FNDA:0,getTracingHelper
FNDA:17,kl
FNDA:0,Il
FNDA:0,Ol
FNDA:0,yi
FNDA:0,gi
FNDA:0,hi
FNDA:17,Jr
FNDA:17,<instance_members_initializer>
FNDA:0,request
FNDA:0,dispatchBatches
FNDA:0,Jr
FNDA:0,Ie
FNDA:0,Hr
FNDA:0,Pm
FNDA:17,<instance_members_initializer>
FNDA:17,zr
FNDA:0,singleLoader
FNDA:0,batchBy
FNDA:0,batchOrder
FNDA:0,request
FNDA:0,mapQueryEngineResult
FNDA:0,handleAndLogRequestError
FNDA:0,handleRequestError
FNDA:0,sanitizeMessage
FNDA:0,unpack
FNDA:0,zr
FNDA:0,Sm
FNDA:0,Ml
FNDA:0,vm
FNDA:0,Am
FNDA:0,Fl
FNDA:0,S
FNDA:0,S
FNDA:17,adapter
FNDA:0,accelerateUrl
FNDA:0,errorFormat
FNDA:0,log
FNDA:0,transactionOptions
FNDA:0,omit
FNDA:0,queryPlanCacheMaxSize
FNDA:0,comments
FNDA:0,__internal
FNDA:17,Rm
FNDA:17,jl
FNDA:0,Ut
FNDA:0,km
FNDA:0,Im
FNDA:0,Vl
FNDA:0,Om
FNDA:0,Bl
FNDA:0,requestArgsToMiddlewareArgs
FNDA:0,middlewareArgsToRequestArgs
FNDA:0,Ql
FNDA:0,Dm
FNDA:0,Mm
FNDA:0,Fm
FNDA:0,nextId
FNDA:17,Kl
FNDA:17,<instance_members_initializer>
FNDA:17,t
FNDA:0,resolveDatasourceUrl
FNDA:0,Kl
FNDA:0,$on
FNDA:0,$connect
FNDA:0,$disconnect
FNDA:0,$executeRawInternal
FNDA:0,$executeRaw
FNDA:0,$executeRawUnsafe
FNDA:0,$runCommandRaw
FNDA:0,$queryRawInternal
FNDA:0,$queryRaw
FNDA:0,$queryRawTyped
FNDA:0,$queryRawUnsafe
FNDA:0,_transactionWithArray
FNDA:0,_transactionWithCallback
FNDA:0,_createItxClient
FNDA:0,$transaction
FNDA:0,_request
FNDA:0,_executeRequest
FNDA:0,_hasPreviewFlag
FNDA:0,Jl
FNDA:0,$m
FNDA:17,Zl
FNDA:0,get
FNDA:0,Vm
FNDA:0,qm
FNDA:0,jm
FNDA:0,Um
FNDA:0,Bm
FNDA:0,Qm
FNDA:0,Jm
FNDA:0,Yl
FNDA:1,oo_cm
FNDA:1,oo_oo
FNDA:1,oo_tr
FNDA:1,oo_tx
FNDA:1,oo_ts
FNDA:1,oo_te
DA:1,1
DA:2,1
DA:3,1
DA:4,1
DA:5,1
DA:6,1
DA:7,0
DA:8,1
DA:9,1
DA:10,1
DA:11,1
DA:12,1
DA:13,1
DA:14,1
DA:15,1
DA:16,0
DA:17,1
DA:18,0
DA:19,0
DA:20,0
DA:21,0
DA:22,0
DA:23,0
DA:24,0
DA:25,0
DA:26,0
DA:27,0
DA:28,0
DA:29,0
DA:30,0
DA:31,0
DA:32,0
DA:33,0
DA:34,0
DA:35,0
DA:36,0
DA:37,0
DA:38,0
DA:39,0
DA:40,0
DA:41,0
DA:42,0
DA:43,0
DA:44,0
DA:45,0
DA:46,0
DA:47,0
DA:48,0
DA:49,0
DA:50,0
DA:51,0
DA:52,0
DA:53,0
DA:54,0
DA:55,0
DA:56,0
DA:57,0
DA:58,0
DA:59,0
DA:60,0
DA:61,1
DA:62,1
DA:63,0
DA:64,0
DA:65,0
DA:66,0
DA:67,0
DA:68,0
DA:69,1
DA:70,1
DA:71,0
DA:72,0
DA:73,0
DA:74,1
DA:75,0
DA:76,0
DA:77,0
DA:78,0
DA:79,17
DA:80,1
DA:81,1
DA:82,1
DA:83,1
DA:84,1
DA:85,1
DA:86,1
DA:87,1
DA:88,1
DA:89,1
DA:90,1
DA:91,1
DA:92,1
DA:93,1
LF:93
LH:35
BRDA:5,0,0,0
BRDA:5,1,0,0
BRDA:5,2,0,0
BRDA:5,3,0,0
BRDA:6,4,0,0
BRDA:6,5,0,0
BRDA:6,6,0,0
BRDA:15,7,0,4352
BRDA:80,8,0,0
BRDA:5,9,0,34
BRDA:5,10,0,34
BRDA:5,11,0,221
BRDA:5,12,0,255
BRDA:5,13,0,221
BRDA:5,14,0,102
BRDA:5,15,0,1275
BRDA:5,16,0,204
BRDA:5,17,0,85
BRDA:5,18,0,4662
BRDA:5,19,0,4645
BRDA:5,20,0,4645
BRDA:5,21,0,408
BRDA:5,22,0,187
BRDA:5,23,0,0
BRDA:5,24,0,136
BRDA:5,25,0,136
BRDA:5,26,0,170
BRDA:5,27,0,17
BRDA:5,28,0,17
BRDA:5,29,0,17
BRDA:5,30,0,17
BRDA:5,31,0,17
BRDA:5,32,0,17
BRDA:5,33,0,17
BRDA:5,34,0,17
BRDA:5,35,0,17
BRDA:5,36,0,17
BRDA:5,37,0,17
BRDA:5,38,0,17
BRDA:5,39,0,187
BRDA:5,40,0,0
BRDA:5,41,0,68
BRDA:5,42,0,0
BRDA:5,43,0,68
BRDA:5,44,0,0
BRDA:5,45,0,0
BRDA:5,46,0,0
BRDA:5,47,0,34
BRDA:5,48,0,0
BRDA:5,49,0,17
BRDA:5,50,0,0
BRDA:5,51,0,17
BRDA:5,52,0,0
BRDA:5,53,0,17
BRDA:5,54,0,408
BRDA:5,55,0,0
BRDA:5,56,0,17
BRDA:5,57,0,408
BRDA:5,58,0,38760
BRDA:5,59,0,38760
BRDA:5,60,0,20400
BRDA:5,61,0,20400
BRDA:5,62,0,17
BRDA:5,63,0,0
BRDA:5,64,0,17
BRDA:5,65,0,0
BRDA:5,66,0,187
BRDA:5,67,0,4352
BRDA:5,68,0,17
BRDA:5,69,0,0
BRDA:5,70,0,34
BRDA:5,71,0,17
BRDA:5,72,0,136
BRDA:5,73,0,17
BRDA:5,74,0,34
BRDA:5,75,0,17
BRDA:5,76,0,408
BRDA:5,77,0,2856
BRDA:5,78,0,1462
BRDA:5,79,0,59160
BRDA:5,80,0,20400
BRDA:5,81,0,38760
BRDA:5,82,0,59160
BRDA:5,83,0,20400
BRDA:5,84,0,38760
BRDA:5,85,0,85
BRDA:5,86,0,2040
BRDA:5,87,0,20400
BRDA:5,88,0,10200
BRDA:5,89,0,51000
BRDA:5,90,0,48960
BRDA:5,91,0,10200
BRDA:5,92,0,102000
BRDA:5,93,0,102000
BRDA:5,94,0,187
BRDA:5,95,0,0
BRDA:5,96,0,85
BRDA:5,97,0,0
BRDA:5,98,0,0
BRDA:5,99,0,17
BRDA:5,100,0,85
BRDA:5,101,0,5372
BRDA:5,102,0,68
BRDA:5,103,0,17
BRDA:5,104,0,0
BRDA:5,105,0,0
BRDA:5,106,0,0
BRDA:5,107,0,17
BRDA:5,108,0,0
BRDA:5,109,0,17
BRDA:5,110,0,0
BRDA:5,111,0,17
BRDA:5,112,0,17
BRDA:5,113,0,136
BRDA:5,114,0,153
BRDA:5,115,0,34
BRDA:5,116,0,34
BRDA:5,117,0,0
BRDA:5,118,0,17
BRDA:5,119,0,17
BRDA:5,120,0,544
BRDA:5,121,0,17
BRDA:5,122,0,1088
BRDA:5,123,0,17
BRDA:5,124,0,442
BRDA:5,125,0,17
BRDA:5,126,0,0
BRDA:5,127,0,0
BRDA:5,128,0,17
BRDA:5,129,0,17
BRDA:5,130,0,17
BRDA:5,131,0,17
BRDA:5,132,0,17
BRDA:5,133,0,17
BRDA:5,134,0,17
BRDA:5,135,0,17
BRDA:5,136,0,17
BRDA:5,137,0,17
BRDA:5,138,0,17
BRDA:5,139,0,17
BRDA:5,140,0,17
BRDA:5,141,0,17
BRDA:5,142,0,17
BRDA:5,143,0,17
BRDA:5,144,0,17
BRDA:5,145,0,17
BRDA:5,146,0,17
BRDA:5,147,0,17
BRDA:5,148,0,17
BRDA:5,149,0,17
BRDA:5,150,0,17
BRDA:5,151,0,17
BRDA:5,152,0,17
BRDA:5,153,0,17
BRDA:5,154,0,17
BRDA:5,155,0,17
BRDA:5,156,0,17
BRDA:5,157,0,17
BRDA:5,158,0,17
BRDA:5,159,0,17
BRDA:5,160,0,442
BRDA:5,161,0,68
BRDA:5,162,0,0
BRDA:5,163,0,0
BRDA:5,164,0,136
BRDA:5,165,0,0
BRDA:5,166,0,136
BRDA:5,167,0,136
BRDA:5,168,0,0
BRDA:5,169,0,0
BRDA:5,170,0,136
BRDA:5,171,0,0
BRDA:5,172,0,0
BRDA:5,173,0,102
BRDA:5,174,0,34
BRDA:5,175,0,0
BRDA:5,176,0,0
BRDA:6,177,0,17
BRDA:6,178,0,0
BRDA:6,179,0,34
BRDA:6,180,0,17
BRDA:6,181,0,2703
BRDA:6,182,0,1411
BRDA:6,183,0,408
BRDA:6,184,0,1360
BRDA:6,185,0,34
BRDA:6,186,0,425
BRDA:6,187,0,68
BRDA:6,188,0,357
BRDA:6,189,0,1122
BRDA:6,190,0,357
BRDA:6,191,0,85
BRDA:6,192,0,0
BRDA:6,193,0,850
BRDA:6,194,0,204
BRDA:6,195,0,34
BRDA:6,196,0,119
BRDA:6,197,0,17
BRDA:6,198,0,153
BRDA:6,199,0,17
BRDA:6,200,0,68
BRDA:6,201,0,1343
BRDA:6,202,0,68
BRDA:6,203,0,68
BRDA:6,204,0,425
BRDA:6,205,0,17
BRDA:6,206,0,1343
BRDA:6,207,0,1139
BRDA:6,208,0,408
BRDA:6,209,0,323
BRDA:6,210,0,1020
BRDA:6,211,0,85
BRDA:6,212,0,85
BRDA:14,213,0,136
BRDA:14,214,0,136
BRDA:14,215,0,17
BRDA:14,216,0,17
BRDA:14,217,0,17
BRDA:14,218,0,0
BRDA:14,219,0,17
BRDA:14,220,0,0
BRDA:14,221,0,17
BRDA:14,222,0,34
BRDA:14,223,0,34
BRDA:14,224,0,17
BRDA:14,225,0,17
BRDA:14,226,0,17
BRDA:14,227,0,17
BRDA:14,228,0,0
BRDA:14,229,0,0
BRDA:14,230,0,17
BRDA:14,231,0,68
BRDA:14,232,0,629
BRDA:15,233,0,17
BRDA:15,234,0,0
BRDA:15,235,0,17
BRDA:15,236,0,17
BRDA:15,237,0,17
BRDA:15,238,0,17
BRDA:15,239,0,17
BRDA:15,240,0,17
BRDA:15,241,0,34
BRDA:15,242,0,17
BRDA:15,243,0,0
BRDA:15,244,0,255
BRDA:15,245,0,17
BRDA:15,246,0,17
BRDA:15,247,0,17
BRDA:15,248,0,17
BRDA:15,249,0,17
BRDA:15,250,0,17
BRDA:15,251,0,17
BRDA:15,252,0,142851
BRDA:15,253,0,197285
BRDA:15,254,0,88706
BRDA:15,255,0,51051
BRDA:15,256,0,37655
BRDA:15,257,0,40137
BRDA:15,258,0,40137
BRDA:15,259,0,17
BRDA:15,260,0,17
BRDA:15,261,0,8279
BRDA:15,262,0,40137
BRDA:15,263,0,21301
BRDA:15,264,0,30583
BRDA:15,265,0,510
BRDA:15,266,0,17
BRDA:15,267,0,1462
BRDA:15,268,0,2040
BRDA:15,269,0,289
BRDA:15,270,0,1921
BRDA:15,271,0,17
BRDA:15,272,0,2176
BRDA:15,273,0,17
BRDA:15,274,0,17
BRDA:15,275,0,3689
BRDA:15,276,0,17
BRDA:61,277,0,17
BRDA:61,278,0,17
BRDA:61,279,0,17
BRDA:61,280,0,17
BRDA:61,281,0,0
BRDA:61,282,0,0
BRDA:61,283,0,0
BRDA:61,284,0,0
BRDA:61,285,0,0
BRDA:62,286,0,17
BRDA:69,287,0,17
BRDA:69,288,0,17
BRDA:69,289,0,17
BRDA:69,290,0,17
BRDA:69,291,0,17
BRDA:69,292,0,17
BRDA:70,293,0,17
BRDA:70,294,0,17
BRDA:70,295,0,0
BRDA:70,296,0,0
BRDA:70,297,0,0
BRDA:70,298,0,17
BRDA:70,299,0,0
BRDA:74,300,0,17
BRDA:74,301,0,17
BRDA:74,302,0,17
BRDA:74,303,0,0
BRDA:74,304,0,0
BRDA:74,305,0,0
BRDA:74,306,0,0
BRDA:74,307,0,0
BRDA:74,308,0,0
BRDA:74,309,0,0
BRDA:74,310,0,0
BRDA:74,311,0,0
BRDA:74,312,0,0
BRDA:74,313,0,0
BRDA:74,314,0,0
BRDA:74,315,0,0
BRDA:74,316,0,0
BRDA:74,317,0,0
BRDA:74,318,0,0
BRDA:79,319,0,0
BRDA:79,320,0,0
BRDA:80,321,0,17
BRF:322
BRH:246
end_of_record
TN:
SF:repositories/categorie-repository.js
FN:4,findAll
FN:15,findById
FN:23,create
FN:28,update
FN:34,delete
FNF:5
FNH:0
FNDA:0,findAll
FNDA:0,findById
FNDA:0,create
FNDA:0,update
FNDA:0,delete
DA:1,1
DA:2,1
DA:3,1
DA:4,1
DA:5,0
DA:6,0
DA:7,0
DA:8,0
DA:9,0
DA:10,0
DA:11,0
DA:12,0
DA:13,0
DA:14,1
DA:15,1
DA:16,0
DA:17,0
DA:18,0
DA:19,0
DA:20,0
DA:21,0
DA:22,1
DA:23,1
DA:24,0
DA:25,0
DA:26,0
DA:27,1
DA:28,1
DA:29,0
DA:30,0
DA:31,0
DA:32,0
DA:33,1
DA:34,1
DA:35,0
DA:36,0
DA:37,0
DA:38,0
DA:39,1
LF:39
LH:13
BRF:0
BRH:0
end_of_record
TN:
SF:repositories/entreprise-repository.js
FN:4,findAll
FN:11,findById
FN:22,findByUserId
FN:32,create
FN:66,update
FN:101,delete
FN:106,findByName
FN:112,filter
FNF:8
FNH:0
FNDA:0,findAll
FNDA:0,findById
FNDA:0,findByUserId
FNDA:0,create
FNDA:0,update
FNDA:0,delete
FNDA:0,findByName
FNDA:0,filter
DA:1,1
DA:2,1
DA:3,1
DA:4,1
DA:5,0
DA:6,0
DA:7,0
DA:8,0
DA:9,0
DA:10,1
DA:11,1
DA:12,0
DA:13,0
DA:14,0
DA:15,0
DA:16,0
DA:17,0
DA:18,0
DA:19,0
DA:20,0
DA:21,1
DA:22,1
DA:23,0
DA:24,0
DA:25,0
DA:26,0
DA:27,0
DA:28,0
DA:29,0
DA:30,0
DA:31,1
DA:32,1
DA:33,0
DA:34,0
DA:35,0
DA:36,0
DA:37,0
DA:38,0
DA:39,0
DA:40,0
DA:41,0
DA:42,0
DA:43,0
DA:44,0
DA:45,0
DA:46,0
DA:47,0
DA:48,0
DA:49,0
DA:50,0
DA:51,0
DA:52,0
DA:53,0
DA:54,0
DA:55,0
DA:56,0
DA:57,0
DA:58,0
DA:59,0
DA:60,0
DA:61,0
DA:62,0
DA:63,0
DA:64,0
DA:65,1
DA:66,1
DA:67,0
DA:68,0
DA:69,0
DA:70,0
DA:71,0
DA:72,0
DA:73,0
DA:74,0
DA:75,0
DA:76,0
DA:77,0
DA:78,0
DA:79,0
DA:80,0
DA:81,0
DA:82,0
DA:83,0
DA:84,0
DA:85,0
DA:86,0
DA:87,0
DA:88,0
DA:89,0
DA:90,0
DA:91,0
DA:92,0
DA:93,0
DA:94,0
DA:95,0
DA:96,0
DA:97,0
DA:98,0
DA:99,0
DA:100,1
DA:101,1
DA:102,0
DA:103,0
DA:104,0
DA:105,1
DA:106,1
DA:107,0
DA:108,0
DA:109,0
DA:110,0
DA:111,1
DA:112,1
DA:113,0
DA:114,0
DA:115,0
DA:116,0
DA:117,0
DA:118,0
DA:119,0
DA:120,0
DA:121,0
DA:122,0
DA:123,0
DA:124,0
DA:125,0
DA:126,0
DA:127,0
DA:128,0
DA:129,0
DA:130,0
DA:131,0
DA:132,0
DA:133,0
DA:134,0
DA:135,0
DA:136,0
DA:137,0
DA:138,0
DA:139,0
DA:140,0
DA:141,0
DA:142,1
LF:142
LH:19
BRF:0
BRH:0
end_of_record
TN:
SF:repositories/formulaire-repository.js
FN:7,buildInputsCreate
FN:16,findAll
FN:20,findById
FN:33,findByEntrepriseId
FN:39,create
FN:63,update
FN:97,delete
FNF:7
FNH:0
FNDA:0,buildInputsCreate
FNDA:0,findAll
FNDA:0,findById
FNDA:0,findByEntrepriseId
FNDA:0,create
FNDA:0,update
FNDA:0,delete
DA:1,1
DA:2,1
DA:3,1
DA:4,1
DA:5,1
DA:6,1
DA:7,1
DA:8,0
DA:9,0
DA:10,0
DA:11,0
DA:12,0
DA:13,1
DA:14,1
DA:15,1
DA:16,1
DA:17,0
DA:18,1
DA:19,1
DA:20,1
DA:21,0
DA:22,0
DA:23,0
DA:24,0
DA:25,0
DA:26,0
DA:27,0
DA:28,0
DA:29,0
DA:30,0
DA:31,1
DA:32,1
DA:33,1
DA:34,0
DA:35,0
DA:36,0
DA:37,1
DA:38,1
DA:39,1
DA:40,0
DA:41,0
DA:42,0
DA:43,0
DA:44,0
DA:45,0
DA:46,0
DA:47,0
DA:48,0
DA:49,0
DA:50,0
DA:51,0
DA:52,0
DA:53,0
DA:54,0
DA:55,0
DA:56,0
DA:57,0
DA:58,0
DA:59,0
DA:60,0
DA:61,1
DA:62,1
DA:63,1
DA:64,0
DA:65,0
DA:66,0
DA:67,0
DA:68,0
DA:69,0
DA:70,0
DA:71,0
DA:72,0
DA:73,0
DA:74,0
DA:75,0
DA:76,0
DA:77,0
DA:78,0
DA:79,0
DA:80,0
DA:81,0
DA:82,0
DA:83,0
DA:84,0
DA:85,0
DA:86,0
DA:87,0
DA:88,0
DA:89,0
DA:90,0
DA:91,0
DA:92,0
DA:93,0
DA:94,0
DA:95,1
DA:96,1
DA:97,1
DA:98,0
DA:99,0
DA:100,0
DA:101,0
DA:102,1
LF:102
LH:27
BRF:0
BRH:0
end_of_record
TN:
SF:repositories/galerie-repository.js
FN:4,findById
FN:7,findAll
FN:10,findByEntrepriseId
FN:13,create
FN:23,delete
FNF:5
FNH:0
FNDA:0,findById
FNDA:0,findAll
FNDA:0,findByEntrepriseId
FNDA:0,create
FNDA:0,delete
DA:1,1
DA:2,1
DA:3,1
DA:4,1
DA:5,0
DA:6,1
DA:7,1
DA:8,0
DA:9,1
DA:10,1
DA:11,0
DA:12,1
DA:13,1
DA:14,0
DA:15,0
DA:16,0
DA:17,0
DA:18,0
DA:19,0
DA:20,0
DA:21,0
DA:22,1
DA:23,1
DA:24,0
DA:25,0
DA:26,1
LF:26
LH:13
BRF:0
BRH:0
end_of_record
TN:
SF:repositories/input-repository.js
FN:4,findAll
FN:7,findById
FN:15,findByFormulaireId
FN:23,create
FN:37,update
FN:47,delete
FNF:6
FNH:0
FNDA:0,findAll
FNDA:0,findById
FNDA:0,findByFormulaireId
FNDA:0,create
FNDA:0,update
FNDA:0,delete
DA:1,1
DA:2,1
DA:3,1
DA:4,1
DA:5,0
DA:6,1
DA:7,1
DA:8,0
DA:9,0
DA:10,0
DA:11,0
DA:12,0
DA:13,0
DA:14,1
DA:15,1
DA:16,0
DA:17,0
DA:18,0
DA:19,0
DA:20,0
DA:21,0
DA:22,1
DA:23,1
DA:24,0
DA:25,0
DA:26,0
DA:27,0
DA:28,0
DA:29,0
DA:30,0
DA:31,0
DA:32,0
DA:33,0
DA:34,0
DA:35,0
DA:36,1
DA:37,1
DA:38,0
DA:39,0
DA:40,0
DA:41,0
DA:42,0
DA:43,0
DA:44,0
DA:45,0
DA:46,1
DA:47,1
DA:48,0
DA:49,0
DA:50,0
DA:51,0
DA:52,1
LF:52
LH:15
BRF:0
BRH:0
end_of_record
TN:
SF:repositories/option-repository.js
FN:4,findAll
FN:7,findById
FN:12,findByInputId
FN:17,create
FN:29,update
FN:35,delete
FNF:6
FNH:0
FNDA:0,findAll
FNDA:0,findById
FNDA:0,findByInputId
FNDA:0,create
FNDA:0,update
FNDA:0,delete
DA:1,1
DA:2,1
DA:3,1
DA:4,1
DA:5,0
DA:6,1
DA:7,1
DA:8,0
DA:9,0
DA:10,0
DA:11,1
DA:12,1
DA:13,0
DA:14,0
DA:15,0
DA:16,1
DA:17,1
DA:18,0
DA:19,0
DA:20,0
DA:21,0
DA:22,0
DA:23,0
DA:24,0
DA:25,0
DA:26,0
DA:27,0
DA:28,1
DA:29,1
DA:30,0
DA:31,0
DA:32,0
DA:33,0
DA:34,1
DA:35,1
DA:36,0
DA:37,0
DA:38,0
DA:39,0
DA:40,1
LF:40
LH:15
BRF:0
BRH:0
end_of_record
TN:
SF:repositories/submission-repository.js
FN:4,findAll
FN:7,findById
FN:12,findByFormulaireId
FN:22,create
FN:35,delete
FNF:5
FNH:0
FNDA:0,findAll
FNDA:0,findById
FNDA:0,findByFormulaireId
FNDA:0,create
FNDA:0,delete
DA:1,1
DA:2,1
DA:3,1
DA:4,1
DA:5,0
DA:6,1
DA:7,1
DA:8,0
DA:9,0
DA:10,0
DA:11,1
DA:12,1
DA:13,0
DA:14,0
DA:15,0
DA:16,0
DA:17,0
DA:18,0
DA:19,0
DA:20,0
DA:21,1
DA:22,1
DA:23,0
DA:24,0
DA:25,0
DA:26,0
DA:27,0
DA:28,0
DA:29,0
DA:30,0
DA:31,0
DA:32,0
DA:33,0
DA:34,1
DA:35,1
DA:36,0
DA:37,0
DA:38,0
DA:39,0
DA:40,1
LF:40
LH:13
BRF:0
BRH:0
end_of_record
TN:
SF:repositories/user-repository.js
FN:4,findAll
FN:7,findAllWithAccess
FN:10,findById
FN:18,create
FN:23,findByEmail
FN:28,findByName
FN:33,update
FN:39,delete
FNF:8
FNH:0
FNDA:0,findAll
FNDA:0,findAllWithAccess
FNDA:0,findById
FNDA:0,create
FNDA:0,findByEmail
FNDA:0,findByName
FNDA:0,update
FNDA:0,delete
DA:1,1
DA:2,1
DA:3,1
DA:4,1
DA:5,0
DA:6,1
DA:7,1
DA:8,0
DA:9,1
DA:10,1
DA:11,0
DA:12,0
DA:13,0
DA:14,0
DA:15,0
DA:16,0
DA:17,1
DA:18,1
DA:19,0
DA:20,0
DA:21,0
DA:22,1
DA:23,1
DA:24,0
DA:25,0
DA:26,0
DA:27,1
DA:28,1
DA:29,0
DA:30,0
DA:31,0
DA:32,1
DA:33,1
DA:34,0
DA:35,0
DA:36,0
DA:37,0
DA:38,1
DA:39,1
DA:40,0
DA:41,0
DA:42,0
DA:43,0
DA:44,1
LF:44
LH:19
BRF:0
BRH:0
end_of_record
TN:
SF:resources/categorie-resource.js
FN:2,categorieResource
FNF:1
FNH:1
FNDA:7,categorieResource
DA:1,1
DA:2,1
DA:3,7
DA:4,6
DA:5,6
DA:6,6
DA:7,7
DA:8,7
DA:9,7
DA:10,1
DA:11,1
LF:11
LH:11
BRDA:2,0,0,7
BRDA:3,1,0,1
BRDA:3,2,0,6
BRDA:7,3,0,1
BRDA:7,4,0,5
BRF:5
BRH:5
end_of_record
TN:
SF:resources/entreprise-resource.js
FN:4,entrepriseResource
FNF:1
FNH:1
FNDA:12,entrepriseResource
DA:1,1
DA:2,1
DA:3,1
DA:4,1
DA:5,12
DA:6,10
DA:7,10
DA:8,10
DA:9,10
DA:10,10
DA:11,10
DA:12,10
DA:13,12
DA:14,12
DA:15,12
DA:16,12
DA:17,12
DA:18,12
DA:19,12
DA:20,12
DA:21,12
DA:22,12
DA:23,1
DA:24,1
LF:24
LH:24
BRDA:4,0,0,12
BRDA:5,1,0,2
BRDA:5,2,0,10
BRDA:13,3,0,2
BRDA:13,4,0,0
BRDA:13,5,0,8
BRDA:14,6,0,2
BRDA:14,7,0,8
BRDA:15,8,0,2
BRDA:15,9,0,8
BRDA:17,10,0,0
BRDA:17,11,0,10
BRDA:19,12,0,2
BRDA:19,13,0,8
BRDA:20,14,0,2
BRDA:20,15,0,8
BRF:16
BRH:14
end_of_record
TN:
SF:resources/formulaire-resource.js
FN:2,formulaireResource
FNF:1
FNH:1
FNDA:8,formulaireResource
DA:1,1
DA:2,1
DA:3,8
DA:4,7
DA:5,7
DA:6,7
DA:7,8
DA:8,8
DA:9,8
DA:10,8
DA:11,1
DA:12,1
LF:12
LH:12
BRDA:2,0,0,8
BRDA:3,1,0,1
BRDA:3,2,0,7
BRDA:7,3,0,3
BRDA:7,4,0,4
BRF:5
BRH:5
end_of_record
TN:
SF:resources/galerie-resource.js
FN:2,galerieResource
FNF:1
FNH:1
FNDA:6,galerieResource
DA:1,1
DA:2,1
DA:3,6
DA:4,5
DA:5,5
DA:6,5
DA:7,5
DA:8,5
DA:9,1
DA:10,1
LF:10
LH:10
BRDA:2,0,0,6
BRDA:3,1,0,1
BRDA:3,2,0,5
BRF:3
BRH:3
end_of_record
TN:
SF:resources/input-resource.js
FN:3,inputResource
FNF:1
FNH:1
FNDA:7,inputResource
DA:1,1
DA:2,1
DA:3,1
DA:4,7
DA:5,6
DA:6,6
DA:7,6
DA:8,6
DA:9,6
DA:10,7
DA:11,7
DA:12,7
DA:13,1
DA:14,1
LF:14
LH:14
BRDA:3,0,0,7
BRDA:4,1,0,1
BRDA:4,2,0,6
BRDA:10,3,0,0
BRDA:10,4,0,6
BRF:5
BRH:4
end_of_record
TN:
SF:resources/option-resource.js
FN:2,optionResource
FNF:1
FNH:1
FNDA:7,optionResource
DA:1,1
DA:2,1
DA:3,7
DA:4,6
DA:5,6
DA:6,6
DA:7,6
DA:8,6
DA:9,1
DA:10,1
LF:10
LH:10
BRDA:2,0,0,7
BRDA:3,1,0,1
BRDA:3,2,0,6
BRF:3
BRH:3
end_of_record
TN:
SF:resources/soumission-resource.js
FN:3,soumissionResource
FNF:1
FNH:1
FNDA:7,soumissionResource
DA:1,1
DA:2,1
DA:3,1
DA:4,7
DA:5,6
DA:6,6
DA:7,6
DA:8,6
DA:9,7
DA:10,7
DA:11,7
DA:12,1
DA:13,1
LF:13
LH:13
BRDA:3,0,0,7
BRDA:4,1,0,1
BRDA:4,2,0,6
BRDA:9,3,0,4
BRDA:9,4,0,2
BRF:5
BRH:5
end_of_record
TN:
SF:resources/user-resource.js
FN:2,userResource
FNF:1
FNH:1
FNDA:10,userResource
DA:1,1
DA:2,1
DA:3,10
DA:4,7
DA:5,7
DA:6,7
DA:7,7
DA:8,7
DA:9,7
DA:10,7
DA:11,7
DA:12,7
DA:13,1
DA:14,1
LF:14
LH:14
BRDA:2,0,0,10
BRDA:3,1,0,3
BRDA:3,2,0,7
BRF:3
BRH:3
end_of_record
TN:
SF:resources/collections/categorie-collection-resource.js
FN:3,categorieCollectionResource
FNF:1
FNH:1
FNDA:2,categorieCollectionResource
DA:1,1
DA:2,1
DA:3,1
DA:4,2
DA:5,2
DA:6,1
DA:7,1
LF:7
LH:7
BRDA:3,0,0,2
BRDA:4,1,0,2
BRF:2
BRH:2
end_of_record
TN:
SF:resources/collections/entreprise-collection-resource.js
FN:3,entrepriseCollectionResource
FNF:1
FNH:1
FNDA:4,entrepriseCollectionResource
DA:1,1
DA:2,1
DA:3,1
DA:4,4
DA:5,4
DA:6,1
DA:7,1
LF:7
LH:7
BRDA:3,0,0,4
BRDA:4,1,0,4
BRF:2
BRH:2
end_of_record
TN:
SF:resources/collections/formulaire-collection-resource.js
FN:3,formulaireCollectionResource
FNF:1
FNH:1
FNDA:2,formulaireCollectionResource
DA:1,1
DA:2,1
DA:3,1
DA:4,2
DA:5,2
DA:6,1
DA:7,1
LF:7
LH:7
BRDA:3,0,0,2
BRDA:4,1,0,3
BRF:2
BRH:2
end_of_record
TN:
SF:resources/collections/galerie-collection-resource.js
FN:3,galerieCollectionResource
FNF:1
FNH:1
FNDA:2,galerieCollectionResource
DA:1,1
DA:2,1
DA:3,1
DA:4,2
DA:5,2
DA:6,1
DA:7,1
LF:7
LH:7
BRDA:3,0,0,2
BRDA:4,1,0,3
BRF:2
BRH:2
end_of_record
TN:
SF:resources/collections/input-collection-resource.js
FN:3,inputCollectionResource
FNF:1
FNH:1
FNDA:1,inputCollectionResource
DA:1,1
DA:2,1
DA:3,1
DA:4,1
DA:5,1
DA:6,1
DA:7,1
LF:7
LH:7
BRDA:3,0,0,1
BRDA:4,1,0,2
BRF:2
BRH:2
end_of_record
TN:
SF:resources/collections/option-collection-resource.js
FN:3,optionCollectionResource
FNF:1
FNH:1
FNDA:1,optionCollectionResource
DA:1,1
DA:2,1
DA:3,1
DA:4,1
DA:5,1
DA:6,1
DA:7,1
LF:7
LH:7
BRDA:3,0,0,1
BRDA:4,1,0,2
BRF:2
BRH:2
end_of_record
TN:
SF:resources/collections/soumission-collection-resource.js
FN:3,soumissionCollectionResource
FNF:1
FNH:1
FNDA:2,soumissionCollectionResource
DA:1,1
DA:2,1
DA:3,1
DA:4,2
DA:5,2
DA:6,1
DA:7,1
LF:7
LH:7
BRDA:3,0,0,2
BRDA:4,1,0,3
BRF:2
BRH:2
end_of_record
TN:
SF:resources/collections/user-collection-resource.js
FN:3,userCollectionResource
FNF:1
FNH:1
FNDA:1,userCollectionResource
DA:1,1
DA:2,1
DA:3,1
DA:4,1
DA:5,1
DA:6,1
DA:7,1
LF:7
LH:7
BRDA:3,0,0,1
BRDA:4,1,0,2
BRF:2
BRH:2
end_of_record
TN:
SF:services/auth-service.js
FN:24,login
FN:45,register
FN:67,reset
FN:103,refresh
FN:117,forgotPassword
FNF:5
FNH:5
FNDA:4,login
FNDA:3,register
FNDA:2,reset
FNDA:3,refresh
FNDA:3,forgotPassword
DA:1,1
DA:2,1
DA:3,1
DA:4,1
DA:5,1
DA:6,1
DA:7,1
DA:8,1
DA:9,1
DA:10,1
DA:11,1
DA:12,1
DA:13,1
DA:14,1
DA:15,1
DA:16,1
DA:17,1
DA:18,1
DA:19,1
DA:20,1
DA:21,1
DA:22,1
DA:23,1
DA:24,1
DA:25,4
DA:26,4
DA:27,3
DA:28,4
DA:29,2
DA:30,4
DA:31,1
DA:32,1
DA:33,1
DA:34,1
DA:35,1
DA:36,1
DA:37,1
DA:38,1
DA:39,1
DA:40,1
DA:41,1
DA:42,1
DA:43,1
DA:44,1
DA:45,1
DA:46,3
DA:47,3
DA:48,2
DA:49,3
DA:50,1
DA:51,1
DA:52,1
DA:53,1
DA:54,1
DA:55,1
DA:56,1
DA:57,1
DA:58,1
DA:59,1
DA:60,1
DA:61,1
DA:62,1
DA:63,1
DA:64,1
DA:65,1
DA:66,1
DA:67,1
DA:68,2
DA:69,2
DA:70,2
DA:71,2
DA:72,2
DA:73,2
DA:74,2
DA:75,2
DA:76,1
DA:77,1
DA:78,1
DA:79,1
DA:80,1
DA:81,1
DA:82,1
DA:83,1
DA:84,1
DA:85,1
DA:86,1
DA:87,1
DA:88,1
DA:89,1
DA:90,1
DA:91,1
DA:92,1
DA:93,1
DA:94,1
DA:95,1
DA:96,1
DA:97,1
DA:98,1
DA:99,1
DA:100,1
DA:101,1
DA:102,1
DA:103,1
DA:104,3
DA:105,0
DA:106,0
DA:107,3
DA:108,3
DA:109,1
DA:110,1
DA:111,3
DA:112,1
DA:113,1
DA:114,1
DA:115,1
DA:116,1
DA:117,1
DA:118,3
DA:119,3
DA:120,1
DA:121,1
DA:122,2
DA:123,2
DA:124,2
DA:125,2
DA:126,2
DA:127,2
DA:128,2
DA:129,2
DA:130,2
DA:131,2
DA:132,2
DA:133,2
DA:134,2
DA:135,2
DA:136,2
DA:137,2
DA:138,2
DA:139,2
DA:140,2
DA:141,2
DA:142,2
DA:143,2
DA:144,2
DA:145,2
DA:146,2
DA:147,2
DA:148,1
DA:149,1
DA:150,1
DA:151,1
DA:152,3
DA:153,1
LF:153
LH:151
BRDA:24,0,0,4
BRDA:26,1,0,1
BRDA:26,2,0,3
BRDA:28,3,0,1
BRDA:28,4,0,2
BRDA:30,5,0,1
BRDA:45,6,0,3
BRDA:47,7,0,1
BRDA:47,8,0,2
BRDA:49,9,0,1
BRDA:67,10,0,2
BRDA:74,11,0,0
BRDA:75,12,0,1
BRDA:68,13,0,2
BRDA:69,14,0,0
BRDA:103,15,0,3
BRDA:104,16,0,0
BRDA:108,17,0,1
BRDA:110,18,0,2
BRDA:111,19,0,1
BRDA:117,20,0,3
BRDA:119,21,0,1
BRDA:121,22,0,2
BRDA:147,23,0,1
BRF:24
BRH:21
end_of_record
TN:
SF:services/categorie-service.js
FN:6,findById
FN:9,findAll
FN:12,create
FN:15,update
FN:18,delete
FNF:5
FNH:5
FNDA:2,findById
FNDA:2,findAll
FNDA:1,create
FNDA:1,update
FNDA:1,delete
DA:1,1
DA:2,1
DA:3,1
DA:4,1
DA:5,1
DA:6,1
DA:7,2
DA:8,1
DA:9,1
DA:10,2
DA:11,1
DA:12,1
DA:13,1
DA:14,1
DA:15,1
DA:16,1
DA:17,1
DA:18,1
DA:19,1
DA:20,1
DA:21,1
LF:21
LH:21
BRDA:6,0,0,2
BRDA:9,1,0,2
BRDA:12,2,0,1
BRDA:15,3,0,1
BRDA:18,4,0,1
BRF:5
BRH:5
end_of_record
TN:
SF:services/entreprise-service.js
FN:7,findById
FN:11,findByUserId
FN:16,findAll
FN:38,create
FN:41,update
FN:53,delete
FN:73,findByName
FN:76,filter
FNF:8
FNH:7
FNDA:2,findById
FNDA:1,findByUserId
FNDA:3,findAll
FNDA:1,create
FNDA:3,update
FNDA:3,delete
FNDA:2,findByName
FNDA:0,filter
DA:1,1
DA:2,1
DA:3,1
DA:4,1
DA:5,1
DA:6,1
DA:7,1
DA:8,2
DA:9,2
DA:10,1
DA:11,1
DA:12,1
DA:13,1
DA:14,1
DA:15,1
DA:16,1
DA:17,3
DA:18,1
DA:19,1
DA:20,1
DA:21,1
DA:22,3
DA:23,2
DA:24,1
DA:25,2
DA:26,2
DA:27,2
DA:28,1
DA:29,1
DA:30,1
DA:31,1
DA:32,2
DA:33,2
DA:34,2
DA:35,2
DA:36,2
DA:37,1
DA:38,1
DA:39,1
DA:40,1
DA:41,1
DA:42,3
DA:43,2
DA:44,2
DA:45,1
DA:46,1
DA:47,1
DA:48,2
DA:49,3
DA:50,3
DA:51,3
DA:52,1
DA:53,1
DA:54,3
DA:55,3
DA:56,2
DA:57,2
DA:58,2
DA:59,1
DA:60,1
DA:61,2
DA:62,2
DA:63,2
DA:64,2
DA:65,2
DA:66,2
DA:67,2
DA:68,2
DA:69,2
DA:70,2
DA:71,2
DA:72,1
DA:73,1
DA:74,2
DA:75,1
DA:76,1
DA:77,0
DA:78,0
DA:79,0
DA:80,0
DA:81,1
LF:81
LH:77
BRDA:7,0,0,2
BRDA:11,1,0,1
BRDA:16,2,0,3
BRDA:17,3,0,1
BRDA:22,4,0,2
BRDA:24,5,0,1
BRDA:25,6,0,1
BRDA:27,7,0,1
BRDA:27,8,0,1
BRDA:38,9,0,1
BRDA:41,10,0,3
BRDA:42,11,0,2
BRDA:44,12,0,1
BRDA:53,13,0,3
BRDA:55,14,0,1
BRDA:55,15,0,2
BRDA:58,16,0,1
BRDA:64,17,0,2
BRDA:73,18,0,2
BRF:19
BRH:19
end_of_record
TN:
SF:services/formulaire-service.js
FN:5,findById
FN:8,findAll
FN:11,findByEntrepriseId
FN:14,create
FN:17,update
FN:20,delete
FNF:6
FNH:6
FNDA:2,findById
FNDA:1,findAll
FNDA:1,findByEntrepriseId
FNDA:1,create
FNDA:1,update
FNDA:1,delete
DA:1,1
DA:2,1
DA:3,1
DA:4,1
DA:5,1
DA:6,2
DA:7,1
DA:8,1
DA:9,1
DA:10,1
DA:11,1
DA:12,1
DA:13,1
DA:14,1
DA:15,1
DA:16,1
DA:17,1
DA:18,1
DA:19,1
DA:20,1
DA:21,1
DA:22,1
DA:23,1
LF:23
LH:23
BRDA:5,0,0,2
BRDA:8,1,0,1
BRDA:11,2,0,1
BRDA:14,3,0,1
BRDA:17,4,0,1
BRDA:20,5,0,1
BRF:6
BRH:6
end_of_record
TN:
SF:services/galerie-service.js
FN:6,findById
FN:9,findAll
FN:12,findAllByEntrepriseId
FN:15,create
FN:18,delete
FNF:5
FNH:5
FNDA:2,findById
FNDA:1,findAll
FNDA:1,findAllByEntrepriseId
FNDA:1,create
FNDA:2,delete
DA:1,1
DA:2,1
DA:3,1
DA:4,1
DA:5,1
DA:6,1
DA:7,2
DA:8,1
DA:9,1
DA:10,1
DA:11,1
DA:12,1
DA:13,1
DA:14,1
DA:15,1
DA:16,1
DA:17,1
DA:18,1
DA:19,2
DA:20,2
DA:21,1
DA:22,1
DA:23,2
DA:24,2
DA:25,2
DA:26,1
LF:26
LH:26
BRDA:6,0,0,2
BRDA:9,1,0,1
BRDA:12,2,0,1
BRDA:15,3,0,1
BRDA:18,4,0,2
BRDA:20,5,0,1
BRF:6
BRH:6
end_of_record
TN:
SF:services/input-service.js
FN:5,findById
FN:8,findAll
FN:11,findByFormulaireId
FN:14,create
FN:17,update
FN:20,delete
FNF:6
FNH:5
FNDA:2,findById
FNDA:1,findAll
FNDA:0,findByFormulaireId
FNDA:1,create
FNDA:1,update
FNDA:1,delete
DA:1,1
DA:2,1
DA:3,1
DA:4,1
DA:5,1
DA:6,2
DA:7,1
DA:8,1
DA:9,1
DA:10,1
DA:11,1
DA:12,0
DA:13,1
DA:14,1
DA:15,1
DA:16,1
DA:17,1
DA:18,1
DA:19,1
DA:20,1
DA:21,1
DA:22,1
DA:23,1
LF:23
LH:22
BRDA:5,0,0,2
BRDA:8,1,0,1
BRDA:14,2,0,1
BRDA:17,3,0,1
BRDA:20,4,0,1
BRF:5
BRH:5
end_of_record
TN:
SF:services/option-service.js
FN:5,findById
FN:8,findAll
FN:11,findByInputId
FN:14,create
FN:17,update
FN:20,delete
FNF:6
FNH:5
FNDA:2,findById
FNDA:1,findAll
FNDA:0,findByInputId
FNDA:1,create
FNDA:1,update
FNDA:1,delete
DA:1,1
DA:2,1
DA:3,1
DA:4,1
DA:5,1
DA:6,2
DA:7,1
DA:8,1
DA:9,1
DA:10,1
DA:11,1
DA:12,0
DA:13,1
DA:14,1
DA:15,1
DA:16,1
DA:17,1
DA:18,1
DA:19,1
DA:20,1
DA:21,1
DA:22,1
DA:23,1
LF:23
LH:22
BRDA:5,0,0,2
BRDA:8,1,0,1
BRDA:14,2,0,1
BRDA:17,3,0,1
BRDA:20,4,0,1
BRF:5
BRH:5
end_of_record
TN:
SF:services/submission-service.js
FN:12,findById
FN:15,findAll
FN:18,findByFormulaireId
FN:22,create
FN:46,delete
FN:56,oo_cm
FN:56,oo_oo
FN:56,oo_tr
FN:56,oo_tx
FN:56,oo_ts
FN:56,oo_te
FNF:11
FNH:11
FNDA:2,findById
FNDA:1,findAll
FNDA:1,findByFormulaireId
FNDA:2,create
FNDA:1,delete
FNDA:1,oo_cm
FNDA:1,oo_oo
FNDA:1,oo_tr
FNDA:1,oo_tx
FNDA:1,oo_ts
FNDA:1,oo_te
DA:1,1
DA:2,1
DA:3,1
DA:4,1
DA:5,1
DA:6,1
DA:7,1
DA:8,1
DA:9,1
DA:10,1
DA:11,1
DA:12,1
DA:13,2
DA:14,1
DA:15,1
DA:16,1
DA:17,1
DA:18,1
DA:19,1
DA:20,1
DA:21,1
DA:22,1
DA:23,2
DA:24,2
DA:25,1
DA:26,1
DA:27,1
DA:28,1
DA:29,2
DA:30,0
DA:31,0
DA:32,1
DA:33,2
DA:34,0
DA:35,0
DA:36,0
DA:37,0
DA:38,0
DA:39,2
DA:40,1
DA:41,1
DA:42,1
DA:43,1
DA:44,1
DA:45,1
DA:46,1
DA:47,1
DA:48,1
DA:49,1
DA:50,1
DA:51,1
DA:52,1
DA:53,1
DA:54,1
DA:55,1
DA:56,1
LF:56
LH:49
BRDA:12,0,0,2
BRDA:15,1,0,1
BRDA:18,2,0,1
BRDA:22,3,0,2
BRDA:24,4,0,1
BRDA:29,5,0,0
BRDA:31,6,0,1
BRDA:33,7,0,0
BRDA:39,8,0,1
BRDA:46,9,0,1
BRDA:56,10,0,1
BRDA:56,11,0,1
BRDA:56,12,0,1
BRDA:56,13,0,1
BRF:14
BRH:12
end_of_record
TN:
SF:services/user-service.js
FN:7,getAllUsers
FN:10,getAllUsersWithAccess
FN:13,getUserById
FN:16,modifyUserAccess
FN:19,updateUser
FN:34,deleteUser
FNF:6
FNH:4
FNDA:1,getAllUsers
FNDA:0,getAllUsersWithAccess
FNDA:2,getUserById
FNDA:0,modifyUserAccess
FNDA:4,updateUser
FNDA:1,deleteUser
DA:1,1
DA:2,1
DA:3,1
DA:4,1
DA:5,1
DA:6,1
DA:7,1
DA:8,1
DA:9,1
DA:10,1
DA:11,0
DA:12,1
DA:13,1
DA:14,2
DA:15,1
DA:16,1
DA:17,0
DA:18,1
DA:19,1
DA:20,4
DA:21,3
DA:22,3
DA:23,1
DA:24,1
DA:25,3
DA:26,4
DA:27,2
DA:28,2
DA:29,1
DA:30,1
DA:31,2
DA:32,2
DA:33,1
DA:34,1
DA:35,1
DA:36,1
DA:37,1
LF:37
LH:35
BRDA:7,0,0,1
BRDA:13,1,0,2
BRDA:19,2,0,4
BRDA:20,3,0,3
BRDA:22,4,0,2
BRDA:22,5,0,1
BRDA:26,6,0,2
BRDA:28,7,0,1
BRDA:28,8,0,1
BRDA:34,9,0,1
BRF:10
BRH:10
end_of_record
TN:
SF:utils/client.js
FNF:0
FNH:0
DA:1,1
DA:2,1
DA:3,1
DA:4,1
DA:5,1
DA:6,1
DA:7,1
DA:8,1
DA:9,1
DA:10,1
DA:11,1
DA:12,1
LF:12
LH:12
BRF:0
BRH:0
end_of_record
TN:
SF:utils/hashToken.js
FN:13,hashToken
FNF:1
FNH:1
FNDA:14,hashToken
DA:1,1
DA:2,1
DA:3,1
DA:4,1
DA:5,1
DA:6,1
DA:7,1
DA:8,1
DA:9,1
DA:10,1
DA:11,1
DA:12,1
DA:13,1
DA:14,1
DA:15,1
DA:16,1
LF:16
LH:16
BRDA:13,0,0,14
BRF:1
BRH:1
end_of_record
TN:
SF:utils/mailer.js
FNF:0
FNH:0
DA:1,1
DA:2,1
DA:3,1
DA:4,1
DA:5,1
DA:6,1
DA:7,1
DA:8,1
DA:9,1
DA:10,1
DA:11,1
DA:12,1
DA:13,1
DA:14,1
LF:14
LH:14
BRF:0
BRH:0
end_of_record
TN:
SF:utils/sendRecap.js
FN:12,sendRecap
FNF:1
FNH:0
FNDA:0,sendRecap
DA:1,1
DA:2,1
DA:3,1
DA:4,1
DA:5,1
DA:6,1
DA:7,1
DA:8,1
DA:9,1
DA:10,1
DA:11,1
DA:12,1
DA:13,0
DA:14,0
DA:15,0
DA:16,0
DA:17,0
DA:18,0
DA:19,0
DA:20,0
DA:21,0
DA:22,0
DA:23,0
DA:24,0
DA:25,1
DA:26,1
LF:26
LH:14
BRF:0
BRH:0
end_of_record
